[0.291s] Invoking command in '/home/qingyu/turtlebot3_ws_my/src/turtlebot3/turtlebot3_example': CMAKE_PREFIX_PATH=/home/qingyu/turtlebot3_ws_my/install/turtlebot3_msgs:/home/qingyu/turtlebot3_ws_my/install/turtlebot3:/home/qingyu/turtlebot3_ws_my/install/turtlebot3_simulations:/home/qingyu/turtlebot3_ws_my/install/turtlebot3_bringup:/home/qingyu/turtlebot3_ws_my/install/turtlebot3_node:/home/qingyu/turtlebot3_ws_my/install/turtlebot3_navigation2:/home/qingyu/turtlebot3_ws_my/install/turtlebot3_fake_node:/home/qingyu/turtlebot3_ws_my/install/turtlebot3_gazebo:/home/qingyu/turtlebot3_ws_my/install/turtlebot3_description:/home/qingyu/turtlebot3_ws_my/install/turtlebot3_cartographer:/home/qingyu/turtlebot3_ws_my/install/dynamixel_sdk_examples:/home/qingyu/turtlebot3_ws_my/install/dynamixel_sdk_custom_interfaces:/home/qingyu/turtlebot3_ws_my/install/dynamixel_sdk:/home/qingyu/coSense/install/cobridge PYTHONPATH=/home/qingyu/turtlebot3_ws_my/build/turtlebot3_example/prefix_override:/usr/lib/python3/dist-packages/colcon_core/task/python/colcon_distutils_commands:/home/qingyu/turtlebot3_ws_my/install/turtlebot3_example/lib/python3.10/site-packages:${PYTHONPATH} /usr/bin/python3 -W ignore:setup.py install is deprecated -W ignore:easy_install command is deprecated setup.py egg_info --egg-base ../../../build/turtlebot3_example build --build-base /home/qingyu/turtlebot3_ws_my/build/turtlebot3_example/build install --record /home/qingyu/turtlebot3_ws_my/build/turtlebot3_example/install.log --single-version-externally-managed install_data
[0.403s] running egg_info
[0.403s] creating ../../../build/turtlebot3_example/turtlebot3_example.egg-info
[0.403s] writing ../../../build/turtlebot3_example/turtlebot3_example.egg-info/PKG-INFO
[0.403s] writing dependency_links to ../../../build/turtlebot3_example/turtlebot3_example.egg-info/dependency_links.txt
[0.403s] writing entry points to ../../../build/turtlebot3_example/turtlebot3_example.egg-info/entry_points.txt
[0.404s] writing requirements to ../../../build/turtlebot3_example/turtlebot3_example.egg-info/requires.txt
[0.404s] writing top-level names to ../../../build/turtlebot3_example/turtlebot3_example.egg-info/top_level.txt
[0.404s] writing manifest file '../../../build/turtlebot3_example/turtlebot3_example.egg-info/SOURCES.txt'
[0.404s] reading manifest file '../../../build/turtlebot3_example/turtlebot3_example.egg-info/SOURCES.txt'
[0.405s] writing manifest file '../../../build/turtlebot3_example/turtlebot3_example.egg-info/SOURCES.txt'
[0.405s] running build
[0.405s] running build_py
[0.405s] creating /home/qingyu/turtlebot3_ws_my/build/turtlebot3_example/build
[0.405s] creating /home/qingyu/turtlebot3_ws_my/build/turtlebot3_example/build/lib
[0.405s] creating /home/qingyu/turtlebot3_ws_my/build/turtlebot3_example/build/lib/turtlebot3_example
[0.406s] copying turtlebot3_example/__init__.py -> /home/qingyu/turtlebot3_ws_my/build/turtlebot3_example/build/lib/turtlebot3_example
[0.406s] creating /home/qingyu/turtlebot3_ws_my/build/turtlebot3_example/build/lib/turtlebot3_example/turtlebot3_position_control
[0.406s] copying turtlebot3_example/turtlebot3_position_control/main.py -> /home/qingyu/turtlebot3_ws_my/build/turtlebot3_example/build/lib/turtlebot3_example/turtlebot3_position_control
[0.406s] copying turtlebot3_example/turtlebot3_position_control/__init__.py -> /home/qingyu/turtlebot3_ws_my/build/turtlebot3_example/build/lib/turtlebot3_example/turtlebot3_position_control
[0.406s] copying turtlebot3_example/turtlebot3_position_control/turtlebot3_path.py -> /home/qingyu/turtlebot3_ws_my/build/turtlebot3_example/build/lib/turtlebot3_example/turtlebot3_position_control
[0.406s] copying turtlebot3_example/turtlebot3_position_control/turtlebot3_position_control.py -> /home/qingyu/turtlebot3_ws_my/build/turtlebot3_example/build/lib/turtlebot3_example/turtlebot3_position_control
[0.406s] creating /home/qingyu/turtlebot3_ws_my/build/turtlebot3_example/build/lib/turtlebot3_example/turtlebot3_patrol_client
[0.406s] copying turtlebot3_example/turtlebot3_patrol_client/main.py -> /home/qingyu/turtlebot3_ws_my/build/turtlebot3_example/build/lib/turtlebot3_example/turtlebot3_patrol_client
[0.406s] copying turtlebot3_example/turtlebot3_patrol_client/__init__.py -> /home/qingyu/turtlebot3_ws_my/build/turtlebot3_example/build/lib/turtlebot3_example/turtlebot3_patrol_client
[0.406s] copying turtlebot3_example/turtlebot3_patrol_client/turtlebot3_patrol_client.py -> /home/qingyu/turtlebot3_ws_my/build/turtlebot3_example/build/lib/turtlebot3_example/turtlebot3_patrol_client
[0.406s] creating /home/qingyu/turtlebot3_ws_my/build/turtlebot3_example/build/lib/turtlebot3_example/turtlebot3_patrol_server
[0.406s] copying turtlebot3_example/turtlebot3_patrol_server/main.py -> /home/qingyu/turtlebot3_ws_my/build/turtlebot3_example/build/lib/turtlebot3_example/turtlebot3_patrol_server
[0.406s] copying turtlebot3_example/turtlebot3_patrol_server/turtlebot3_patrol_server.py -> /home/qingyu/turtlebot3_ws_my/build/turtlebot3_example/build/lib/turtlebot3_example/turtlebot3_patrol_server
[0.406s] copying turtlebot3_example/turtlebot3_patrol_server/__init__.py -> /home/qingyu/turtlebot3_ws_my/build/turtlebot3_example/build/lib/turtlebot3_example/turtlebot3_patrol_server
[0.406s] copying turtlebot3_example/turtlebot3_patrol_server/turtlebot3_path.py -> /home/qingyu/turtlebot3_ws_my/build/turtlebot3_example/build/lib/turtlebot3_example/turtlebot3_patrol_server
[0.406s] creating /home/qingyu/turtlebot3_ws_my/build/turtlebot3_example/build/lib/turtlebot3_example/turtlebot3_obstacle_detection
[0.406s] copying turtlebot3_example/turtlebot3_obstacle_detection/main.py -> /home/qingyu/turtlebot3_ws_my/build/turtlebot3_example/build/lib/turtlebot3_example/turtlebot3_obstacle_detection
[0.406s] copying turtlebot3_example/turtlebot3_obstacle_detection/__init__.py -> /home/qingyu/turtlebot3_ws_my/build/turtlebot3_example/build/lib/turtlebot3_example/turtlebot3_obstacle_detection
[0.407s] copying turtlebot3_example/turtlebot3_obstacle_detection/turtlebot3_obstacle_detection.py -> /home/qingyu/turtlebot3_ws_my/build/turtlebot3_example/build/lib/turtlebot3_example/turtlebot3_obstacle_detection
[0.407s] running install
[0.407s] running install_lib
[0.407s] creating /home/qingyu/turtlebot3_ws_my/install/turtlebot3_example/lib/python3.10/site-packages/turtlebot3_example
[0.407s] creating /home/qingyu/turtlebot3_ws_my/install/turtlebot3_example/lib/python3.10/site-packages/turtlebot3_example/turtlebot3_position_control
[0.407s] copying /home/qingyu/turtlebot3_ws_my/build/turtlebot3_example/build/lib/turtlebot3_example/turtlebot3_position_control/main.py -> /home/qingyu/turtlebot3_ws_my/install/turtlebot3_example/lib/python3.10/site-packages/turtlebot3_example/turtlebot3_position_control
[0.407s] copying /home/qingyu/turtlebot3_ws_my/build/turtlebot3_example/build/lib/turtlebot3_example/turtlebot3_position_control/__init__.py -> /home/qingyu/turtlebot3_ws_my/install/turtlebot3_example/lib/python3.10/site-packages/turtlebot3_example/turtlebot3_position_control
[0.407s] copying /home/qingyu/turtlebot3_ws_my/build/turtlebot3_example/build/lib/turtlebot3_example/turtlebot3_position_control/turtlebot3_path.py -> /home/qingyu/turtlebot3_ws_my/install/turtlebot3_example/lib/python3.10/site-packages/turtlebot3_example/turtlebot3_position_control
[0.407s] copying /home/qingyu/turtlebot3_ws_my/build/turtlebot3_example/build/lib/turtlebot3_example/turtlebot3_position_control/turtlebot3_position_control.py -> /home/qingyu/turtlebot3_ws_my/install/turtlebot3_example/lib/python3.10/site-packages/turtlebot3_example/turtlebot3_position_control
[0.407s] creating /home/qingyu/turtlebot3_ws_my/install/turtlebot3_example/lib/python3.10/site-packages/turtlebot3_example/turtlebot3_patrol_client
[0.408s] copying /home/qingyu/turtlebot3_ws_my/build/turtlebot3_example/build/lib/turtlebot3_example/turtlebot3_patrol_client/main.py -> /home/qingyu/turtlebot3_ws_my/install/turtlebot3_example/lib/python3.10/site-packages/turtlebot3_example/turtlebot3_patrol_client
[0.408s] copying /home/qingyu/turtlebot3_ws_my/build/turtlebot3_example/build/lib/turtlebot3_example/turtlebot3_patrol_client/__init__.py -> /home/qingyu/turtlebot3_ws_my/install/turtlebot3_example/lib/python3.10/site-packages/turtlebot3_example/turtlebot3_patrol_client
[0.408s] copying /home/qingyu/turtlebot3_ws_my/build/turtlebot3_example/build/lib/turtlebot3_example/turtlebot3_patrol_client/turtlebot3_patrol_client.py -> /home/qingyu/turtlebot3_ws_my/install/turtlebot3_example/lib/python3.10/site-packages/turtlebot3_example/turtlebot3_patrol_client
[0.408s] copying /home/qingyu/turtlebot3_ws_my/build/turtlebot3_example/build/lib/turtlebot3_example/__init__.py -> /home/qingyu/turtlebot3_ws_my/install/turtlebot3_example/lib/python3.10/site-packages/turtlebot3_example
[0.408s] creating /home/qingyu/turtlebot3_ws_my/install/turtlebot3_example/lib/python3.10/site-packages/turtlebot3_example/turtlebot3_patrol_server
[0.408s] copying /home/qingyu/turtlebot3_ws_my/build/turtlebot3_example/build/lib/turtlebot3_example/turtlebot3_patrol_server/main.py -> /home/qingyu/turtlebot3_ws_my/install/turtlebot3_example/lib/python3.10/site-packages/turtlebot3_example/turtlebot3_patrol_server
[0.408s] copying /home/qingyu/turtlebot3_ws_my/build/turtlebot3_example/build/lib/turtlebot3_example/turtlebot3_patrol_server/turtlebot3_patrol_server.py -> /home/qingyu/turtlebot3_ws_my/install/turtlebot3_example/lib/python3.10/site-packages/turtlebot3_example/turtlebot3_patrol_server
[0.408s] copying /home/qingyu/turtlebot3_ws_my/build/turtlebot3_example/build/lib/turtlebot3_example/turtlebot3_patrol_server/__init__.py -> /home/qingyu/turtlebot3_ws_my/install/turtlebot3_example/lib/python3.10/site-packages/turtlebot3_example/turtlebot3_patrol_server
[0.408s] copying /home/qingyu/turtlebot3_ws_my/build/turtlebot3_example/build/lib/turtlebot3_example/turtlebot3_patrol_server/turtlebot3_path.py -> /home/qingyu/turtlebot3_ws_my/install/turtlebot3_example/lib/python3.10/site-packages/turtlebot3_example/turtlebot3_patrol_server
[0.408s] creating /home/qingyu/turtlebot3_ws_my/install/turtlebot3_example/lib/python3.10/site-packages/turtlebot3_example/turtlebot3_obstacle_detection
[0.408s] copying /home/qingyu/turtlebot3_ws_my/build/turtlebot3_example/build/lib/turtlebot3_example/turtlebot3_obstacle_detection/main.py -> /home/qingyu/turtlebot3_ws_my/install/turtlebot3_example/lib/python3.10/site-packages/turtlebot3_example/turtlebot3_obstacle_detection
[0.408s] copying /home/qingyu/turtlebot3_ws_my/build/turtlebot3_example/build/lib/turtlebot3_example/turtlebot3_obstacle_detection/__init__.py -> /home/qingyu/turtlebot3_ws_my/install/turtlebot3_example/lib/python3.10/site-packages/turtlebot3_example/turtlebot3_obstacle_detection
[0.408s] copying /home/qingyu/turtlebot3_ws_my/build/turtlebot3_example/build/lib/turtlebot3_example/turtlebot3_obstacle_detection/turtlebot3_obstacle_detection.py -> /home/qingyu/turtlebot3_ws_my/install/turtlebot3_example/lib/python3.10/site-packages/turtlebot3_example/turtlebot3_obstacle_detection
[0.408s] byte-compiling /home/qingyu/turtlebot3_ws_my/install/turtlebot3_example/lib/python3.10/site-packages/turtlebot3_example/turtlebot3_position_control/main.py to main.cpython-310.pyc
[0.408s] byte-compiling /home/qingyu/turtlebot3_ws_my/install/turtlebot3_example/lib/python3.10/site-packages/turtlebot3_example/turtlebot3_position_control/__init__.py to __init__.cpython-310.pyc
[0.408s] byte-compiling /home/qingyu/turtlebot3_ws_my/install/turtlebot3_example/lib/python3.10/site-packages/turtlebot3_example/turtlebot3_position_control/turtlebot3_path.py to turtlebot3_path.cpython-310.pyc
[0.408s] byte-compiling /home/qingyu/turtlebot3_ws_my/install/turtlebot3_example/lib/python3.10/site-packages/turtlebot3_example/turtlebot3_position_control/turtlebot3_position_control.py to turtlebot3_position_control.cpython-310.pyc
[0.408s] byte-compiling /home/qingyu/turtlebot3_ws_my/install/turtlebot3_example/lib/python3.10/site-packages/turtlebot3_example/turtlebot3_patrol_client/main.py to main.cpython-310.pyc
[0.408s] byte-compiling /home/qingyu/turtlebot3_ws_my/install/turtlebot3_example/lib/python3.10/site-packages/turtlebot3_example/turtlebot3_patrol_client/__init__.py to __init__.cpython-310.pyc
[0.408s] byte-compiling /home/qingyu/turtlebot3_ws_my/install/turtlebot3_example/lib/python3.10/site-packages/turtlebot3_example/turtlebot3_patrol_client/turtlebot3_patrol_client.py to turtlebot3_patrol_client.cpython-310.pyc
[0.408s] byte-compiling /home/qingyu/turtlebot3_ws_my/install/turtlebot3_example/lib/python3.10/site-packages/turtlebot3_example/__init__.py to __init__.cpython-310.pyc
[0.409s] byte-compiling /home/qingyu/turtlebot3_ws_my/install/turtlebot3_example/lib/python3.10/site-packages/turtlebot3_example/turtlebot3_patrol_server/main.py to main.cpython-310.pyc
[0.409s] byte-compiling /home/qingyu/turtlebot3_ws_my/install/turtlebot3_example/lib/python3.10/site-packages/turtlebot3_example/turtlebot3_patrol_server/turtlebot3_patrol_server.py to turtlebot3_patrol_server.cpython-310.pyc
[0.409s] byte-compiling /home/qingyu/turtlebot3_ws_my/install/turtlebot3_example/lib/python3.10/site-packages/turtlebot3_example/turtlebot3_patrol_server/__init__.py to __init__.cpython-310.pyc
[0.409s] byte-compiling /home/qingyu/turtlebot3_ws_my/install/turtlebot3_example/lib/python3.10/site-packages/turtlebot3_example/turtlebot3_patrol_server/turtlebot3_path.py to turtlebot3_path.cpython-310.pyc
[0.409s] byte-compiling /home/qingyu/turtlebot3_ws_my/install/turtlebot3_example/lib/python3.10/site-packages/turtlebot3_example/turtlebot3_obstacle_detection/main.py to main.cpython-310.pyc
[0.409s] byte-compiling /home/qingyu/turtlebot3_ws_my/install/turtlebot3_example/lib/python3.10/site-packages/turtlebot3_example/turtlebot3_obstacle_detection/__init__.py to __init__.cpython-310.pyc
[0.409s] byte-compiling /home/qingyu/turtlebot3_ws_my/install/turtlebot3_example/lib/python3.10/site-packages/turtlebot3_example/turtlebot3_obstacle_detection/turtlebot3_obstacle_detection.py to turtlebot3_obstacle_detection.cpython-310.pyc
[0.409s] running install_data
[0.409s] creating /home/qingyu/turtlebot3_ws_my/install/turtlebot3_example/share/ament_index
[0.409s] creating /home/qingyu/turtlebot3_ws_my/install/turtlebot3_example/share/ament_index/resource_index
[0.409s] creating /home/qingyu/turtlebot3_ws_my/install/turtlebot3_example/share/ament_index/resource_index/packages
[0.409s] copying resource/turtlebot3_example -> /home/qingyu/turtlebot3_ws_my/install/turtlebot3_example/share/ament_index/resource_index/packages
[0.409s] copying package.xml -> /home/qingyu/turtlebot3_ws_my/install/turtlebot3_example/share/turtlebot3_example
[0.410s] running install_egg_info
[0.410s] Copying ../../../build/turtlebot3_example/turtlebot3_example.egg-info to /home/qingyu/turtlebot3_ws_my/install/turtlebot3_example/lib/python3.10/site-packages/turtlebot3_example-2.1.5-py3.10.egg-info
[0.410s] running install_scripts
[0.420s] Installing turtlebot3_obstacle_detection script to /home/qingyu/turtlebot3_ws_my/install/turtlebot3_example/lib/turtlebot3_example
[0.420s] Installing turtlebot3_patrol_client script to /home/qingyu/turtlebot3_ws_my/install/turtlebot3_example/lib/turtlebot3_example
[0.421s] Installing turtlebot3_patrol_server script to /home/qingyu/turtlebot3_ws_my/install/turtlebot3_example/lib/turtlebot3_example
[0.421s] Installing turtlebot3_position_control script to /home/qingyu/turtlebot3_ws_my/install/turtlebot3_example/lib/turtlebot3_example
[0.421s] writing list of installed files to '/home/qingyu/turtlebot3_ws_my/build/turtlebot3_example/install.log'
[0.434s] Invoked command in '/home/qingyu/turtlebot3_ws_my/src/turtlebot3/turtlebot3_example' returned '0': CMAKE_PREFIX_PATH=/home/qingyu/turtlebot3_ws_my/install/turtlebot3_msgs:/home/qingyu/turtlebot3_ws_my/install/turtlebot3:/home/qingyu/turtlebot3_ws_my/install/turtlebot3_simulations:/home/qingyu/turtlebot3_ws_my/install/turtlebot3_bringup:/home/qingyu/turtlebot3_ws_my/install/turtlebot3_node:/home/qingyu/turtlebot3_ws_my/install/turtlebot3_navigation2:/home/qingyu/turtlebot3_ws_my/install/turtlebot3_fake_node:/home/qingyu/turtlebot3_ws_my/install/turtlebot3_gazebo:/home/qingyu/turtlebot3_ws_my/install/turtlebot3_description:/home/qingyu/turtlebot3_ws_my/install/turtlebot3_cartographer:/home/qingyu/turtlebot3_ws_my/install/dynamixel_sdk_examples:/home/qingyu/turtlebot3_ws_my/install/dynamixel_sdk_custom_interfaces:/home/qingyu/turtlebot3_ws_my/install/dynamixel_sdk:/home/qingyu/coSense/install/cobridge PYTHONPATH=/home/qingyu/turtlebot3_ws_my/build/turtlebot3_example/prefix_override:/usr/lib/python3/dist-packages/colcon_core/task/python/colcon_distutils_commands:/home/qingyu/turtlebot3_ws_my/install/turtlebot3_example/lib/python3.10/site-packages:${PYTHONPATH} /usr/bin/python3 -W ignore:setup.py install is deprecated -W ignore:easy_install command is deprecated setup.py egg_info --egg-base ../../../build/turtlebot3_example build --build-base /home/qingyu/turtlebot3_ws_my/build/turtlebot3_example/build install --record /home/qingyu/turtlebot3_ws_my/build/turtlebot3_example/install.log --single-version-externally-managed install_data
