[0.018s] Invoking command in '/home/qingyu/turtlebot3_ws_my/build/turtlebot3_msgs': CMAKE_PREFIX_PATH=${CMAKE_PREFIX_PATH}:/home/qingyu/turtlebot3_ws_my/install/nav_test:/home/qingyu/turtlebot3_ws_my/install/turtlebot3_teleop:/home/qingyu/turtlebot3_ws_my/install/turtlebot3_example:/opt/ros/humble /usr/bin/cmake /home/qingyu/turtlebot3_ws_my/src/turtlebot3_msgs -DCMAKE_INSTALL_PREFIX=/home/qingyu/turtlebot3_ws_my/install/turtlebot3_msgs
[0.145s] -- The C compiler identification is GNU 11.4.0
[0.146s] -- The CXX compiler identification is GNU 11.4.0
[0.146s] -- Detecting C compiler ABI info
[0.146s] -- Detecting C compiler ABI info - done
[0.146s] -- Check for working C compiler: /usr/bin/cc - skipped
[0.146s] -- Detecting C compile features
[0.146s] -- Detecting C compile features - done
[0.146s] -- Detecting CXX compiler ABI info
[0.187s] -- Detecting CXX compiler ABI info - done
[0.193s] -- Check for working CXX compiler: /usr/bin/c++ - skipped
[0.193s] -- Detecting CXX compile features
[0.193s] -- Detecting CXX compile features - done
[0.195s] -- Found action_msgs: 1.2.1 (/opt/ros/humble/share/action_msgs/cmake)
[0.273s] -- Found Python3: /usr/bin/python3 (found version "3.10.12") found components: Interpreter 
[0.334s] -- Found rosidl_generator_c: 3.1.6 (/opt/ros/humble/share/rosidl_generator_c/cmake)
[0.336s] -- Found rosidl_adapter: 3.1.6 (/opt/ros/humble/share/rosidl_adapter/cmake)
[0.340s] -- Found rosidl_generator_cpp: 3.1.6 (/opt/ros/humble/share/rosidl_generator_cpp/cmake)
[0.346s] -- Using all available rosidl_typesupport_c: rosidl_typesupport_fastrtps_c;rosidl_typesupport_introspection_c
[0.353s] -- Using all available rosidl_typesupport_cpp: rosidl_typesupport_fastrtps_cpp;rosidl_typesupport_introspection_cpp
[0.370s] -- Found rosidl_default_generators: 1.2.0 (/opt/ros/humble/share/rosidl_default_generators/cmake)
[0.376s] -- Found std_msgs: 4.2.4 (/opt/ros/humble/share/std_msgs/cmake)
[0.584s] -- Found ament_cmake_cppcheck: 0.12.11 (/opt/ros/humble/share/ament_cmake_cppcheck/cmake)
[0.585s] -- Found ament_cmake_cpplint: 0.12.11 (/opt/ros/humble/share/ament_cmake_cpplint/cmake)
[0.586s] -- Found ament_cmake_uncrustify: 0.12.11 (/opt/ros/humble/share/ament_cmake_uncrustify/cmake)
[0.588s] -- Found ament_cmake_ros: 0.10.0 (/opt/ros/humble/share/ament_cmake_ros/cmake)
[0.803s] -- Using all available rosidl_typesupport_c: rosidl_typesupport_fastrtps_c;rosidl_typesupport_introspection_c
[0.885s] -- Using all available rosidl_typesupport_cpp: rosidl_typesupport_fastrtps_cpp;rosidl_typesupport_introspection_cpp
[0.898s] -- Found PythonInterp: /usr/bin/python3 (found suitable version "3.10.12", minimum required is "3.6") 
[0.898s] -- Found python_cmake_module: 0.10.0 (/opt/ros/humble/share/python_cmake_module/cmake)
[0.919s] -- Found PythonLibs: /usr/lib/x86_64-linux-gnu/libpython3.10.so (found suitable version "3.10.12", minimum required is "3.5") 
[0.919s] -- Using PYTHON_EXECUTABLE: /usr/bin/python3
[0.919s] -- Using PYTHON_INCLUDE_DIRS: /usr/include/python3.10
[0.919s] -- Using PYTHON_LIBRARIES: /usr/lib/x86_64-linux-gnu/libpython3.10.so
[0.932s] -- Found PythonExtra: .so  
[0.968s] -- Found ament_cmake_flake8: 0.12.11 (/opt/ros/humble/share/ament_cmake_flake8/cmake)
[0.970s] -- Found ament_cmake_pep257: 0.12.11 (/opt/ros/humble/share/ament_cmake_pep257/cmake)
[0.972s] -- Configuring done
[0.990s] -- Generating done
[0.996s] -- Build files have been written to: /home/qingyu/turtlebot3_ws_my/build/turtlebot3_msgs
[1.001s] Invoked command in '/home/qingyu/turtlebot3_ws_my/build/turtlebot3_msgs' returned '0': CMAKE_PREFIX_PATH=${CMAKE_PREFIX_PATH}:/home/qingyu/turtlebot3_ws_my/install/nav_test:/home/qingyu/turtlebot3_ws_my/install/turtlebot3_teleop:/home/qingyu/turtlebot3_ws_my/install/turtlebot3_example:/opt/ros/humble /usr/bin/cmake /home/qingyu/turtlebot3_ws_my/src/turtlebot3_msgs -DCMAKE_INSTALL_PREFIX=/home/qingyu/turtlebot3_ws_my/install/turtlebot3_msgs
[1.002s] Invoking command in '/home/qingyu/turtlebot3_ws_my/build/turtlebot3_msgs': CMAKE_PREFIX_PATH=${CMAKE_PREFIX_PATH}:/home/qingyu/turtlebot3_ws_my/install/nav_test:/home/qingyu/turtlebot3_ws_my/install/turtlebot3_teleop:/home/qingyu/turtlebot3_ws_my/install/turtlebot3_example:/opt/ros/humble /usr/bin/cmake --build /home/qingyu/turtlebot3_ws_my/build/turtlebot3_msgs -- -j32 -l32
[1.023s] [  1%] [34m[1mGenerating C code for ROS interfaces[0m
[1.030s] [  2%] [34m[1mGenerating C++ code for ROS interfaces[0m
[1.035s] [  2%] Built target ament_cmake_python_copy_turtlebot3_msgs
[1.146s] running egg_info
[1.146s] creating turtlebot3_msgs.egg-info
[1.146s] writing turtlebot3_msgs.egg-info/PKG-INFO
[1.146s] writing dependency_links to turtlebot3_msgs.egg-info/dependency_links.txt
[1.147s] writing top-level names to turtlebot3_msgs.egg-info/top_level.txt
[1.147s] writing manifest file 'turtlebot3_msgs.egg-info/SOURCES.txt'
[1.147s] reading manifest file 'turtlebot3_msgs.egg-info/SOURCES.txt'
[1.148s] writing manifest file 'turtlebot3_msgs.egg-info/SOURCES.txt'
[1.161s] [  2%] Built target ament_cmake_python_build_turtlebot3_msgs_egg
[1.439s] [  2%] Built target turtlebot3_msgs__cpp
[1.445s] [  7%] [32mBuilding C object CMakeFiles/turtlebot3_msgs__rosidl_generator_c.dir/rosidl_generator_c/turtlebot3_msgs/msg/detail/sound__functions.c.o[0m
[1.445s] [  7%] [34m[1mGenerating C++ type support dispatch for ROS interfaces[0m
[1.445s] [  7%] [32mBuilding C object CMakeFiles/turtlebot3_msgs__rosidl_generator_c.dir/rosidl_generator_c/turtlebot3_msgs/srv/detail/sound__functions.c.o[0m
[1.445s] [  8%] [32mBuilding C object CMakeFiles/turtlebot3_msgs__rosidl_generator_c.dir/rosidl_generator_c/turtlebot3_msgs/srv/detail/dqn__functions.c.o[0m
[1.446s] [  9%] [32mBuilding C object CMakeFiles/turtlebot3_msgs__rosidl_generator_c.dir/rosidl_generator_c/turtlebot3_msgs/action/detail/patrol__functions.c.o[0m
[1.446s] [ 12%] [32mBuilding C object CMakeFiles/turtlebot3_msgs__rosidl_generator_c.dir/rosidl_generator_c/turtlebot3_msgs/msg/detail/sensor_state__functions.c.o[0m
[1.446s] [ 12%] [34m[1mGenerating C++ type support for eProsima Fast-RTPS[0m
[1.447s] [ 14%] [32mBuilding C object CMakeFiles/turtlebot3_msgs__rosidl_generator_c.dir/rosidl_generator_c/turtlebot3_msgs/msg/detail/version_info__functions.c.o[0m
[1.448s] [ 15%] [34m[1mGenerating C++ introspection for ROS interfaces[0m
[1.530s] [ 16%] [32m[1mLinking C shared library libturtlebot3_msgs__rosidl_generator_c.so[0m
[1.558s] [ 16%] Built target turtlebot3_msgs__rosidl_generator_c
[1.566s] [ 18%] [34m[1mGenerating C introspection for ROS interfaces[0m
[1.567s] [ 21%] [34m[1mGenerating C type support for eProsima Fast-RTPS[0m
[1.567s] [ 21%] [34m[1mGenerating C type support dispatch for ROS interfaces[0m
[1.807s] [ 22%] [32mBuilding CXX object CMakeFiles/turtlebot3_msgs__rosidl_typesupport_fastrtps_cpp.dir/rosidl_typesupport_fastrtps_cpp/turtlebot3_msgs/action/detail/dds_fastrtps/patrol__type_support.cpp.o[0m
[1.808s] [ 29%] [32mBuilding CXX object CMakeFiles/turtlebot3_msgs__rosidl_typesupport_fastrtps_cpp.dir/rosidl_typesupport_fastrtps_cpp/turtlebot3_msgs/msg/detail/dds_fastrtps/version_info__type_support.cpp.o[0m
[1.808s] [ 29%] [32mBuilding CXX object CMakeFiles/turtlebot3_msgs__rosidl_typesupport_fastrtps_cpp.dir/rosidl_typesupport_fastrtps_cpp/turtlebot3_msgs/msg/detail/dds_fastrtps/sensor_state__type_support.cpp.o[0m
[1.808s] [ 29%] [32mBuilding CXX object CMakeFiles/turtlebot3_msgs__rosidl_typesupport_fastrtps_cpp.dir/rosidl_typesupport_fastrtps_cpp/turtlebot3_msgs/srv/detail/dds_fastrtps/sound__type_support.cpp.o[0m
[1.808s] [ 29%] [32mBuilding CXX object CMakeFiles/turtlebot3_msgs__rosidl_typesupport_fastrtps_cpp.dir/rosidl_typesupport_fastrtps_cpp/turtlebot3_msgs/msg/detail/dds_fastrtps/sound__type_support.cpp.o[0m
[1.808s] [ 29%] [32mBuilding CXX object CMakeFiles/turtlebot3_msgs__rosidl_typesupport_fastrtps_cpp.dir/rosidl_typesupport_fastrtps_cpp/turtlebot3_msgs/srv/detail/dds_fastrtps/dqn__type_support.cpp.o[0m
[1.852s] [ 30%] [32mBuilding CXX object CMakeFiles/turtlebot3_msgs__rosidl_typesupport_cpp.dir/rosidl_typesupport_cpp/turtlebot3_msgs/srv/dqn__type_support.cpp.o[0m
[1.852s] [ 32%] [32mBuilding CXX object CMakeFiles/turtlebot3_msgs__rosidl_typesupport_cpp.dir/rosidl_typesupport_cpp/turtlebot3_msgs/msg/version_info__type_support.cpp.o[0m
[1.853s] [ 33%] [32mBuilding CXX object CMakeFiles/turtlebot3_msgs__rosidl_typesupport_cpp.dir/rosidl_typesupport_cpp/turtlebot3_msgs/srv/sound__type_support.cpp.o[0m
[1.853s] [ 36%] [32mBuilding CXX object CMakeFiles/turtlebot3_msgs__rosidl_typesupport_cpp.dir/rosidl_typesupport_cpp/turtlebot3_msgs/msg/sound__type_support.cpp.o[0m
[1.853s] [ 35%] [32mBuilding CXX object CMakeFiles/turtlebot3_msgs__rosidl_typesupport_cpp.dir/rosidl_typesupport_cpp/turtlebot3_msgs/msg/sensor_state__type_support.cpp.o[0m
[1.854s] [ 38%] [32mBuilding CXX object CMakeFiles/turtlebot3_msgs__rosidl_typesupport_cpp.dir/rosidl_typesupport_cpp/turtlebot3_msgs/action/patrol__type_support.cpp.o[0m
[1.860s] [ 43%] [32mBuilding CXX object CMakeFiles/turtlebot3_msgs__rosidl_typesupport_c.dir/rosidl_typesupport_c/turtlebot3_msgs/msg/version_info__type_support.cpp.o[0m
[1.860s] [ 43%] [32mBuilding CXX object CMakeFiles/turtlebot3_msgs__rosidl_typesupport_c.dir/rosidl_typesupport_c/turtlebot3_msgs/srv/sound__type_support.cpp.o[0m
[1.860s] [ 43%] [32mBuilding CXX object CMakeFiles/turtlebot3_msgs__rosidl_typesupport_c.dir/rosidl_typesupport_c/turtlebot3_msgs/msg/sensor_state__type_support.cpp.o[0m
[1.860s] [ 43%] [32mBuilding CXX object CMakeFiles/turtlebot3_msgs__rosidl_typesupport_c.dir/rosidl_typesupport_c/turtlebot3_msgs/msg/sound__type_support.cpp.o[0m
[1.860s] [ 45%] [32mBuilding CXX object CMakeFiles/turtlebot3_msgs__rosidl_typesupport_c.dir/rosidl_typesupport_c/turtlebot3_msgs/action/patrol__type_support.cpp.o[0m
[1.860s] [ 46%] [32mBuilding CXX object CMakeFiles/turtlebot3_msgs__rosidl_typesupport_c.dir/rosidl_typesupport_c/turtlebot3_msgs/srv/dqn__type_support.cpp.o[0m
[1.902s] [ 47%] [32m[1mLinking CXX shared library libturtlebot3_msgs__rosidl_typesupport_c.so[0m
[1.933s] [ 47%] Built target turtlebot3_msgs__rosidl_typesupport_c
[1.934s] [ 49%] [32mBuilding CXX object CMakeFiles/turtlebot3_msgs__rosidl_typesupport_introspection_cpp.dir/rosidl_typesupport_introspection_cpp/turtlebot3_msgs/msg/detail/sound__type_support.cpp.o[0m
[1.934s] [ 50%] [32mBuilding CXX object CMakeFiles/turtlebot3_msgs__rosidl_typesupport_introspection_cpp.dir/rosidl_typesupport_introspection_cpp/turtlebot3_msgs/msg/detail/sensor_state__type_support.cpp.o[0m
[1.934s] [ 52%] [32mBuilding CXX object CMakeFiles/turtlebot3_msgs__rosidl_typesupport_introspection_cpp.dir/rosidl_typesupport_introspection_cpp/turtlebot3_msgs/srv/detail/sound__type_support.cpp.o[0m
[1.934s] [ 53%] [32mBuilding CXX object CMakeFiles/turtlebot3_msgs__rosidl_typesupport_introspection_cpp.dir/rosidl_typesupport_introspection_cpp/turtlebot3_msgs/srv/detail/dqn__type_support.cpp.o[0m
[1.935s] [ 54%] [32mBuilding CXX object CMakeFiles/turtlebot3_msgs__rosidl_typesupport_introspection_cpp.dir/rosidl_typesupport_introspection_cpp/turtlebot3_msgs/action/detail/patrol__type_support.cpp.o[0m
[1.935s] [ 56%] [32mBuilding CXX object CMakeFiles/turtlebot3_msgs__rosidl_typesupport_introspection_cpp.dir/rosidl_typesupport_introspection_cpp/turtlebot3_msgs/msg/detail/version_info__type_support.cpp.o[0m
[1.971s] [ 64%] [32mBuilding CXX object CMakeFiles/turtlebot3_msgs__rosidl_typesupport_fastrtps_c.dir/rosidl_typesupport_fastrtps_c/turtlebot3_msgs/msg/detail/version_info__type_support_c.cpp.o[0m
[1.971s] [ 64%] [32mBuilding CXX object CMakeFiles/turtlebot3_msgs__rosidl_typesupport_fastrtps_c.dir/rosidl_typesupport_fastrtps_c/turtlebot3_msgs/srv/detail/sound__type_support_c.cpp.o[0m
[1.972s] [ 64%] [32mBuilding CXX object CMakeFiles/turtlebot3_msgs__rosidl_typesupport_fastrtps_c.dir/rosidl_typesupport_fastrtps_c/turtlebot3_msgs/msg/detail/sensor_state__type_support_c.cpp.o[0m
[1.972s] [ 64%] [32mBuilding CXX object CMakeFiles/turtlebot3_msgs__rosidl_typesupport_fastrtps_c.dir/rosidl_typesupport_fastrtps_c/turtlebot3_msgs/action/detail/patrol__type_support_c.cpp.o[0m
[1.972s] [ 64%] [32mBuilding CXX object CMakeFiles/turtlebot3_msgs__rosidl_typesupport_fastrtps_c.dir/rosidl_typesupport_fastrtps_c/turtlebot3_msgs/srv/detail/dqn__type_support_c.cpp.o[0m
[1.972s] [ 64%] [32mBuilding CXX object CMakeFiles/turtlebot3_msgs__rosidl_typesupport_fastrtps_c.dir/rosidl_typesupport_fastrtps_c/turtlebot3_msgs/msg/detail/sound__type_support_c.cpp.o[0m
[2.186s] [ 67%] [32mBuilding C object CMakeFiles/turtlebot3_msgs__rosidl_typesupport_introspection_c.dir/rosidl_typesupport_introspection_c/turtlebot3_msgs/msg/detail/version_info__type_support.c.o[0m
[2.186s] [ 67%] [32mBuilding C object CMakeFiles/turtlebot3_msgs__rosidl_typesupport_introspection_c.dir/rosidl_typesupport_introspection_c/turtlebot3_msgs/msg/detail/sound__type_support.c.o[0m
[2.186s] [ 69%] [32mBuilding C object CMakeFiles/turtlebot3_msgs__rosidl_typesupport_introspection_c.dir/rosidl_typesupport_introspection_c/turtlebot3_msgs/msg/detail/sensor_state__type_support.c.o[0m
[2.187s] [ 70%] [32mBuilding C object CMakeFiles/turtlebot3_msgs__rosidl_typesupport_introspection_c.dir/rosidl_typesupport_introspection_c/turtlebot3_msgs/srv/detail/sound__type_support.c.o[0m
[2.187s] [ 73%] [32mBuilding C object CMakeFiles/turtlebot3_msgs__rosidl_typesupport_introspection_c.dir/rosidl_typesupport_introspection_c/turtlebot3_msgs/action/detail/patrol__type_support.c.o[0m
[2.187s] [ 73%] [32mBuilding C object CMakeFiles/turtlebot3_msgs__rosidl_typesupport_introspection_c.dir/rosidl_typesupport_introspection_c/turtlebot3_msgs/srv/detail/dqn__type_support.c.o[0m
[2.222s] [ 74%] [32m[1mLinking C shared library libturtlebot3_msgs__rosidl_typesupport_introspection_c.so[0m
[2.231s] [ 76%] [32m[1mLinking CXX shared library libturtlebot3_msgs__rosidl_typesupport_cpp.so[0m
[2.241s] [ 76%] Built target turtlebot3_msgs__rosidl_typesupport_introspection_c
[2.258s] [ 77%] [32m[1mLinking CXX shared library libturtlebot3_msgs__rosidl_typesupport_fastrtps_c.so[0m
[2.258s] [ 78%] [32m[1mLinking CXX shared library libturtlebot3_msgs__rosidl_typesupport_fastrtps_cpp.so[0m
[2.258s] [ 78%] Built target turtlebot3_msgs__rosidl_typesupport_cpp
[2.299s] [ 78%] Built target turtlebot3_msgs__rosidl_typesupport_fastrtps_cpp
[2.299s] [ 78%] Built target turtlebot3_msgs__rosidl_typesupport_fastrtps_c
[2.333s] [ 80%] [32m[1mLinking CXX shared library libturtlebot3_msgs__rosidl_typesupport_introspection_cpp.so[0m
[2.375s] [ 80%] Built target turtlebot3_msgs__rosidl_typesupport_introspection_cpp
[2.389s] [ 80%] Built target turtlebot3_msgs
[2.403s] [ 81%] [34m[1mGenerating Python code for ROS interfaces[0m
[3.100s] [ 81%] Built target turtlebot3_msgs__py
[3.115s] [ 90%] [32mBuilding C object CMakeFiles/turtlebot3_msgs__rosidl_generator_py.dir/rosidl_generator_py/turtlebot3_msgs/msg/_sensor_state_s.c.o[0m
[3.115s] [ 90%] [32mBuilding C object CMakeFiles/turtlebot3_msgs__rosidl_generator_py.dir/rosidl_generator_py/turtlebot3_msgs/srv/_sound_s.c.o[0m
[3.115s] [ 90%] [32mBuilding C object CMakeFiles/turtlebot3_msgs__rosidl_generator_py.dir/rosidl_generator_py/turtlebot3_msgs/msg/_sound_s.c.o[0m
[3.115s] [ 90%] [32mBuilding C object CMakeFiles/turtlebot3_msgs__rosidl_generator_py.dir/rosidl_generator_py/turtlebot3_msgs/msg/_version_info_s.c.o[0m
[3.115s] [ 90%] [32mBuilding C object CMakeFiles/turtlebot3_msgs__rosidl_generator_py.dir/rosidl_generator_py/turtlebot3_msgs/action/_patrol_s.c.o[0m
[3.115s] [ 90%] [32mBuilding C object CMakeFiles/turtlebot3_msgs__rosidl_generator_py.dir/rosidl_generator_py/turtlebot3_msgs/srv/_dqn_s.c.o[0m
[3.192s] [ 91%] [32m[1mLinking C shared library rosidl_generator_py/turtlebot3_msgs/libturtlebot3_msgs__rosidl_generator_py.so[0m
[3.219s] [ 91%] Built target turtlebot3_msgs__rosidl_generator_py
[3.234s] [ 92%] [32mBuilding C object CMakeFiles/turtlebot3_msgs__rosidl_typesupport_introspection_c__pyext.dir/rosidl_generator_py/turtlebot3_msgs/_turtlebot3_msgs_s.ep.rosidl_typesupport_introspection_c.c.o[0m
[3.235s] [ 95%] [32mBuilding C object CMakeFiles/turtlebot3_msgs__rosidl_typesupport_c__pyext.dir/rosidl_generator_py/turtlebot3_msgs/_turtlebot3_msgs_s.ep.rosidl_typesupport_c.c.o[0m
[3.235s] [ 95%] [32mBuilding C object CMakeFiles/turtlebot3_msgs__rosidl_typesupport_fastrtps_c__pyext.dir/rosidl_generator_py/turtlebot3_msgs/_turtlebot3_msgs_s.ep.rosidl_typesupport_fastrtps_c.c.o[0m
[3.312s] [ 97%] [32m[1mLinking C shared library rosidl_generator_py/turtlebot3_msgs/turtlebot3_msgs_s__rosidl_typesupport_c.cpython-310-x86_64-linux-gnu.so[0m
[3.312s] [ 98%] [32m[1mLinking C shared library rosidl_generator_py/turtlebot3_msgs/turtlebot3_msgs_s__rosidl_typesupport_fastrtps_c.cpython-310-x86_64-linux-gnu.so[0m
[3.338s] [100%] [32m[1mLinking C shared library rosidl_generator_py/turtlebot3_msgs/turtlebot3_msgs_s__rosidl_typesupport_introspection_c.cpython-310-x86_64-linux-gnu.so[0m
[3.343s] [100%] Built target turtlebot3_msgs__rosidl_typesupport_c__pyext
[3.343s] [100%] Built target turtlebot3_msgs__rosidl_typesupport_fastrtps_c__pyext
[3.366s] [100%] Built target turtlebot3_msgs__rosidl_typesupport_introspection_c__pyext
[3.373s] Invoked command in '/home/qingyu/turtlebot3_ws_my/build/turtlebot3_msgs' returned '0': CMAKE_PREFIX_PATH=${CMAKE_PREFIX_PATH}:/home/qingyu/turtlebot3_ws_my/install/nav_test:/home/qingyu/turtlebot3_ws_my/install/turtlebot3_teleop:/home/qingyu/turtlebot3_ws_my/install/turtlebot3_example:/opt/ros/humble /usr/bin/cmake --build /home/qingyu/turtlebot3_ws_my/build/turtlebot3_msgs -- -j32 -l32
[3.374s] Invoking command in '/home/qingyu/turtlebot3_ws_my/build/turtlebot3_msgs': CMAKE_PREFIX_PATH=${CMAKE_PREFIX_PATH}:/home/qingyu/turtlebot3_ws_my/install/nav_test:/home/qingyu/turtlebot3_ws_my/install/turtlebot3_teleop:/home/qingyu/turtlebot3_ws_my/install/turtlebot3_example:/opt/ros/humble /usr/bin/cmake --install /home/qingyu/turtlebot3_ws_my/build/turtlebot3_msgs
[3.381s] -- Install configuration: ""
[3.381s] -- Installing: /home/qingyu/turtlebot3_ws_my/install/turtlebot3_msgs/share/ament_index/resource_index/rosidl_interfaces/turtlebot3_msgs
[3.381s] -- Installing: /home/qingyu/turtlebot3_ws_my/install/turtlebot3_msgs/include/turtlebot3_msgs/turtlebot3_msgs
[3.381s] -- Installing: /home/qingyu/turtlebot3_ws_my/install/turtlebot3_msgs/include/turtlebot3_msgs/turtlebot3_msgs/srv
[3.381s] -- Installing: /home/qingyu/turtlebot3_ws_my/install/turtlebot3_msgs/include/turtlebot3_msgs/turtlebot3_msgs/srv/detail
[3.381s] -- Installing: /home/qingyu/turtlebot3_ws_my/install/turtlebot3_msgs/include/turtlebot3_msgs/turtlebot3_msgs/srv/detail/sound__functions.h
[3.381s] -- Installing: /home/qingyu/turtlebot3_ws_my/install/turtlebot3_msgs/include/turtlebot3_msgs/turtlebot3_msgs/srv/detail/sound__struct.h
[3.381s] -- Installing: /home/qingyu/turtlebot3_ws_my/install/turtlebot3_msgs/include/turtlebot3_msgs/turtlebot3_msgs/srv/detail/dqn__type_support.h
[3.381s] -- Installing: /home/qingyu/turtlebot3_ws_my/install/turtlebot3_msgs/include/turtlebot3_msgs/turtlebot3_msgs/srv/detail/dqn__functions.h
[3.381s] -- Installing: /home/qingyu/turtlebot3_ws_my/install/turtlebot3_msgs/include/turtlebot3_msgs/turtlebot3_msgs/srv/detail/dqn__struct.h
[3.381s] -- Installing: /home/qingyu/turtlebot3_ws_my/install/turtlebot3_msgs/include/turtlebot3_msgs/turtlebot3_msgs/srv/detail/sound__functions.c
[3.381s] -- Installing: /home/qingyu/turtlebot3_ws_my/install/turtlebot3_msgs/include/turtlebot3_msgs/turtlebot3_msgs/srv/detail/dqn__functions.c
[3.381s] -- Installing: /home/qingyu/turtlebot3_ws_my/install/turtlebot3_msgs/include/turtlebot3_msgs/turtlebot3_msgs/srv/detail/sound__type_support.h
[3.382s] -- Installing: /home/qingyu/turtlebot3_ws_my/install/turtlebot3_msgs/include/turtlebot3_msgs/turtlebot3_msgs/srv/sound.h
[3.382s] -- Installing: /home/qingyu/turtlebot3_ws_my/install/turtlebot3_msgs/include/turtlebot3_msgs/turtlebot3_msgs/srv/dqn.h
[3.382s] -- Installing: /home/qingyu/turtlebot3_ws_my/install/turtlebot3_msgs/include/turtlebot3_msgs/turtlebot3_msgs/action
[3.382s] -- Installing: /home/qingyu/turtlebot3_ws_my/install/turtlebot3_msgs/include/turtlebot3_msgs/turtlebot3_msgs/action/detail
[3.382s] -- Installing: /home/qingyu/turtlebot3_ws_my/install/turtlebot3_msgs/include/turtlebot3_msgs/turtlebot3_msgs/action/detail/patrol__struct.h
[3.382s] -- Installing: /home/qingyu/turtlebot3_ws_my/install/turtlebot3_msgs/include/turtlebot3_msgs/turtlebot3_msgs/action/detail/patrol__functions.c
[3.382s] -- Installing: /home/qingyu/turtlebot3_ws_my/install/turtlebot3_msgs/include/turtlebot3_msgs/turtlebot3_msgs/action/detail/patrol__type_support.h
[3.382s] -- Installing: /home/qingyu/turtlebot3_ws_my/install/turtlebot3_msgs/include/turtlebot3_msgs/turtlebot3_msgs/action/detail/patrol__functions.h
[3.382s] -- Installing: /home/qingyu/turtlebot3_ws_my/install/turtlebot3_msgs/include/turtlebot3_msgs/turtlebot3_msgs/action/patrol.h
[3.382s] -- Installing: /home/qingyu/turtlebot3_ws_my/install/turtlebot3_msgs/include/turtlebot3_msgs/turtlebot3_msgs/msg
[3.382s] -- Installing: /home/qingyu/turtlebot3_ws_my/install/turtlebot3_msgs/include/turtlebot3_msgs/turtlebot3_msgs/msg/detail
[3.382s] -- Installing: /home/qingyu/turtlebot3_ws_my/install/turtlebot3_msgs/include/turtlebot3_msgs/turtlebot3_msgs/msg/detail/sound__functions.h
[3.382s] -- Installing: /home/qingyu/turtlebot3_ws_my/install/turtlebot3_msgs/include/turtlebot3_msgs/turtlebot3_msgs/msg/detail/sound__struct.h
[3.382s] -- Installing: /home/qingyu/turtlebot3_ws_my/install/turtlebot3_msgs/include/turtlebot3_msgs/turtlebot3_msgs/msg/detail/sensor_state__functions.h
[3.382s] -- Installing: /home/qingyu/turtlebot3_ws_my/install/turtlebot3_msgs/include/turtlebot3_msgs/turtlebot3_msgs/msg/detail/version_info__struct.h
[3.382s] -- Installing: /home/qingyu/turtlebot3_ws_my/install/turtlebot3_msgs/include/turtlebot3_msgs/turtlebot3_msgs/msg/detail/sensor_state__struct.h
[3.383s] -- Installing: /home/qingyu/turtlebot3_ws_my/install/turtlebot3_msgs/include/turtlebot3_msgs/turtlebot3_msgs/msg/detail/version_info__functions.c
[3.383s] -- Installing: /home/qingyu/turtlebot3_ws_my/install/turtlebot3_msgs/include/turtlebot3_msgs/turtlebot3_msgs/msg/detail/version_info__functions.h
[3.383s] -- Installing: /home/qingyu/turtlebot3_ws_my/install/turtlebot3_msgs/include/turtlebot3_msgs/turtlebot3_msgs/msg/detail/sensor_state__functions.c
[3.383s] -- Installing: /home/qingyu/turtlebot3_ws_my/install/turtlebot3_msgs/include/turtlebot3_msgs/turtlebot3_msgs/msg/detail/sound__functions.c
[3.383s] -- Installing: /home/qingyu/turtlebot3_ws_my/install/turtlebot3_msgs/include/turtlebot3_msgs/turtlebot3_msgs/msg/detail/sound__type_support.h
[3.383s] -- Installing: /home/qingyu/turtlebot3_ws_my/install/turtlebot3_msgs/include/turtlebot3_msgs/turtlebot3_msgs/msg/detail/sensor_state__type_support.h
[3.383s] -- Installing: /home/qingyu/turtlebot3_ws_my/install/turtlebot3_msgs/include/turtlebot3_msgs/turtlebot3_msgs/msg/detail/version_info__type_support.h
[3.383s] -- Installing: /home/qingyu/turtlebot3_ws_my/install/turtlebot3_msgs/include/turtlebot3_msgs/turtlebot3_msgs/msg/rosidl_generator_c__visibility_control.h
[3.383s] -- Installing: /home/qingyu/turtlebot3_ws_my/install/turtlebot3_msgs/include/turtlebot3_msgs/turtlebot3_msgs/msg/sound.h
[3.383s] -- Installing: /home/qingyu/turtlebot3_ws_my/install/turtlebot3_msgs/include/turtlebot3_msgs/turtlebot3_msgs/msg/sensor_state.h
[3.383s] -- Installing: /home/qingyu/turtlebot3_ws_my/install/turtlebot3_msgs/include/turtlebot3_msgs/turtlebot3_msgs/msg/version_info.h
[3.383s] -- Installing: /home/qingyu/turtlebot3_ws_my/install/turtlebot3_msgs/share/turtlebot3_msgs/environment/library_path.sh
[3.383s] -- Installing: /home/qingyu/turtlebot3_ws_my/install/turtlebot3_msgs/share/turtlebot3_msgs/environment/library_path.dsv
[3.384s] -- Installing: /home/qingyu/turtlebot3_ws_my/install/turtlebot3_msgs/lib/libturtlebot3_msgs__rosidl_generator_c.so
[3.384s] -- Set runtime path of "/home/qingyu/turtlebot3_ws_my/install/turtlebot3_msgs/lib/libturtlebot3_msgs__rosidl_generator_c.so" to ""
[3.384s] -- Up-to-date: /home/qingyu/turtlebot3_ws_my/install/turtlebot3_msgs/include/turtlebot3_msgs/turtlebot3_msgs
[3.384s] -- Up-to-date: /home/qingyu/turtlebot3_ws_my/install/turtlebot3_msgs/include/turtlebot3_msgs/turtlebot3_msgs/srv
[3.384s] -- Up-to-date: /home/qingyu/turtlebot3_ws_my/install/turtlebot3_msgs/include/turtlebot3_msgs/turtlebot3_msgs/srv/detail
[3.384s] -- Installing: /home/qingyu/turtlebot3_ws_my/install/turtlebot3_msgs/include/turtlebot3_msgs/turtlebot3_msgs/srv/detail/sound__rosidl_typesupport_fastrtps_c.h
[3.384s] -- Installing: /home/qingyu/turtlebot3_ws_my/install/turtlebot3_msgs/include/turtlebot3_msgs/turtlebot3_msgs/srv/detail/dqn__rosidl_typesupport_fastrtps_c.h
[3.384s] -- Up-to-date: /home/qingyu/turtlebot3_ws_my/install/turtlebot3_msgs/include/turtlebot3_msgs/turtlebot3_msgs/action
[3.384s] -- Up-to-date: /home/qingyu/turtlebot3_ws_my/install/turtlebot3_msgs/include/turtlebot3_msgs/turtlebot3_msgs/action/detail
[3.384s] -- Installing: /home/qingyu/turtlebot3_ws_my/install/turtlebot3_msgs/include/turtlebot3_msgs/turtlebot3_msgs/action/detail/patrol__rosidl_typesupport_fastrtps_c.h
[3.384s] -- Up-to-date: /home/qingyu/turtlebot3_ws_my/install/turtlebot3_msgs/include/turtlebot3_msgs/turtlebot3_msgs/msg
[3.384s] -- Installing: /home/qingyu/turtlebot3_ws_my/install/turtlebot3_msgs/include/turtlebot3_msgs/turtlebot3_msgs/msg/rosidl_typesupport_fastrtps_c__visibility_control.h
[3.385s] -- Up-to-date: /home/qingyu/turtlebot3_ws_my/install/turtlebot3_msgs/include/turtlebot3_msgs/turtlebot3_msgs/msg/detail
[3.385s] -- Installing: /home/qingyu/turtlebot3_ws_my/install/turtlebot3_msgs/include/turtlebot3_msgs/turtlebot3_msgs/msg/detail/sensor_state__rosidl_typesupport_fastrtps_c.h
[3.385s] -- Installing: /home/qingyu/turtlebot3_ws_my/install/turtlebot3_msgs/include/turtlebot3_msgs/turtlebot3_msgs/msg/detail/sound__rosidl_typesupport_fastrtps_c.h
[3.385s] -- Installing: /home/qingyu/turtlebot3_ws_my/install/turtlebot3_msgs/include/turtlebot3_msgs/turtlebot3_msgs/msg/detail/version_info__rosidl_typesupport_fastrtps_c.h
[3.385s] -- Installing: /home/qingyu/turtlebot3_ws_my/install/turtlebot3_msgs/lib/libturtlebot3_msgs__rosidl_typesupport_fastrtps_c.so
[3.385s] -- Set runtime path of "/home/qingyu/turtlebot3_ws_my/install/turtlebot3_msgs/lib/libturtlebot3_msgs__rosidl_typesupport_fastrtps_c.so" to ""
[3.385s] -- Up-to-date: /home/qingyu/turtlebot3_ws_my/install/turtlebot3_msgs/include/turtlebot3_msgs/turtlebot3_msgs
[3.385s] -- Up-to-date: /home/qingyu/turtlebot3_ws_my/install/turtlebot3_msgs/include/turtlebot3_msgs/turtlebot3_msgs/srv
[3.385s] -- Up-to-date: /home/qingyu/turtlebot3_ws_my/install/turtlebot3_msgs/include/turtlebot3_msgs/turtlebot3_msgs/srv/detail
[3.385s] -- Installing: /home/qingyu/turtlebot3_ws_my/install/turtlebot3_msgs/include/turtlebot3_msgs/turtlebot3_msgs/srv/detail/dqn__struct.hpp
[3.385s] -- Installing: /home/qingyu/turtlebot3_ws_my/install/turtlebot3_msgs/include/turtlebot3_msgs/turtlebot3_msgs/srv/detail/sound__traits.hpp
[3.385s] -- Installing: /home/qingyu/turtlebot3_ws_my/install/turtlebot3_msgs/include/turtlebot3_msgs/turtlebot3_msgs/srv/detail/dqn__traits.hpp
[3.385s] -- Installing: /home/qingyu/turtlebot3_ws_my/install/turtlebot3_msgs/include/turtlebot3_msgs/turtlebot3_msgs/srv/detail/sound__builder.hpp
[3.385s] -- Installing: /home/qingyu/turtlebot3_ws_my/install/turtlebot3_msgs/include/turtlebot3_msgs/turtlebot3_msgs/srv/detail/dqn__type_support.hpp
[3.385s] -- Installing: /home/qingyu/turtlebot3_ws_my/install/turtlebot3_msgs/include/turtlebot3_msgs/turtlebot3_msgs/srv/detail/sound__type_support.hpp
[3.385s] -- Installing: /home/qingyu/turtlebot3_ws_my/install/turtlebot3_msgs/include/turtlebot3_msgs/turtlebot3_msgs/srv/detail/dqn__builder.hpp
[3.386s] -- Installing: /home/qingyu/turtlebot3_ws_my/install/turtlebot3_msgs/include/turtlebot3_msgs/turtlebot3_msgs/srv/detail/sound__struct.hpp
[3.386s] -- Installing: /home/qingyu/turtlebot3_ws_my/install/turtlebot3_msgs/include/turtlebot3_msgs/turtlebot3_msgs/srv/sound.hpp
[3.386s] -- Installing: /home/qingyu/turtlebot3_ws_my/install/turtlebot3_msgs/include/turtlebot3_msgs/turtlebot3_msgs/srv/dqn.hpp
[3.386s] -- Up-to-date: /home/qingyu/turtlebot3_ws_my/install/turtlebot3_msgs/include/turtlebot3_msgs/turtlebot3_msgs/action
[3.386s] -- Up-to-date: /home/qingyu/turtlebot3_ws_my/install/turtlebot3_msgs/include/turtlebot3_msgs/turtlebot3_msgs/action/detail
[3.386s] -- Installing: /home/qingyu/turtlebot3_ws_my/install/turtlebot3_msgs/include/turtlebot3_msgs/turtlebot3_msgs/action/detail/patrol__builder.hpp
[3.386s] -- Installing: /home/qingyu/turtlebot3_ws_my/install/turtlebot3_msgs/include/turtlebot3_msgs/turtlebot3_msgs/action/detail/patrol__type_support.hpp
[3.386s] -- Installing: /home/qingyu/turtlebot3_ws_my/install/turtlebot3_msgs/include/turtlebot3_msgs/turtlebot3_msgs/action/detail/patrol__struct.hpp
[3.386s] -- Installing: /home/qingyu/turtlebot3_ws_my/install/turtlebot3_msgs/include/turtlebot3_msgs/turtlebot3_msgs/action/detail/patrol__traits.hpp
[3.386s] -- Installing: /home/qingyu/turtlebot3_ws_my/install/turtlebot3_msgs/include/turtlebot3_msgs/turtlebot3_msgs/action/patrol.hpp
[3.386s] -- Up-to-date: /home/qingyu/turtlebot3_ws_my/install/turtlebot3_msgs/include/turtlebot3_msgs/turtlebot3_msgs/msg
[3.386s] -- Up-to-date: /home/qingyu/turtlebot3_ws_my/install/turtlebot3_msgs/include/turtlebot3_msgs/turtlebot3_msgs/msg/detail
[3.386s] -- Installing: /home/qingyu/turtlebot3_ws_my/install/turtlebot3_msgs/include/turtlebot3_msgs/turtlebot3_msgs/msg/detail/version_info__builder.hpp
[3.386s] -- Installing: /home/qingyu/turtlebot3_ws_my/install/turtlebot3_msgs/include/turtlebot3_msgs/turtlebot3_msgs/msg/detail/version_info__traits.hpp
[3.386s] -- Installing: /home/qingyu/turtlebot3_ws_my/install/turtlebot3_msgs/include/turtlebot3_msgs/turtlebot3_msgs/msg/detail/sound__traits.hpp
[3.386s] -- Installing: /home/qingyu/turtlebot3_ws_my/install/turtlebot3_msgs/include/turtlebot3_msgs/turtlebot3_msgs/msg/detail/sensor_state__builder.hpp
[3.386s] -- Installing: /home/qingyu/turtlebot3_ws_my/install/turtlebot3_msgs/include/turtlebot3_msgs/turtlebot3_msgs/msg/detail/sound__builder.hpp
[3.387s] -- Installing: /home/qingyu/turtlebot3_ws_my/install/turtlebot3_msgs/include/turtlebot3_msgs/turtlebot3_msgs/msg/detail/sound__type_support.hpp
[3.387s] -- Installing: /home/qingyu/turtlebot3_ws_my/install/turtlebot3_msgs/include/turtlebot3_msgs/turtlebot3_msgs/msg/detail/version_info__type_support.hpp
[3.387s] -- Installing: /home/qingyu/turtlebot3_ws_my/install/turtlebot3_msgs/include/turtlebot3_msgs/turtlebot3_msgs/msg/detail/sound__struct.hpp
[3.387s] -- Installing: /home/qingyu/turtlebot3_ws_my/install/turtlebot3_msgs/include/turtlebot3_msgs/turtlebot3_msgs/msg/detail/sensor_state__traits.hpp
[3.387s] -- Installing: /home/qingyu/turtlebot3_ws_my/install/turtlebot3_msgs/include/turtlebot3_msgs/turtlebot3_msgs/msg/detail/sensor_state__struct.hpp
[3.387s] -- Installing: /home/qingyu/turtlebot3_ws_my/install/turtlebot3_msgs/include/turtlebot3_msgs/turtlebot3_msgs/msg/detail/version_info__struct.hpp
[3.387s] -- Installing: /home/qingyu/turtlebot3_ws_my/install/turtlebot3_msgs/include/turtlebot3_msgs/turtlebot3_msgs/msg/detail/sensor_state__type_support.hpp
[3.387s] -- Installing: /home/qingyu/turtlebot3_ws_my/install/turtlebot3_msgs/include/turtlebot3_msgs/turtlebot3_msgs/msg/rosidl_generator_cpp__visibility_control.hpp
[3.387s] -- Installing: /home/qingyu/turtlebot3_ws_my/install/turtlebot3_msgs/include/turtlebot3_msgs/turtlebot3_msgs/msg/sound.hpp
[3.387s] -- Installing: /home/qingyu/turtlebot3_ws_my/install/turtlebot3_msgs/include/turtlebot3_msgs/turtlebot3_msgs/msg/sensor_state.hpp
[3.387s] -- Installing: /home/qingyu/turtlebot3_ws_my/install/turtlebot3_msgs/include/turtlebot3_msgs/turtlebot3_msgs/msg/version_info.hpp
[3.387s] -- Up-to-date: /home/qingyu/turtlebot3_ws_my/install/turtlebot3_msgs/include/turtlebot3_msgs/turtlebot3_msgs
[3.387s] -- Up-to-date: /home/qingyu/turtlebot3_ws_my/install/turtlebot3_msgs/include/turtlebot3_msgs/turtlebot3_msgs/srv
[3.387s] -- Up-to-date: /home/qingyu/turtlebot3_ws_my/install/turtlebot3_msgs/include/turtlebot3_msgs/turtlebot3_msgs/srv/detail
[3.387s] -- Installing: /home/qingyu/turtlebot3_ws_my/install/turtlebot3_msgs/include/turtlebot3_msgs/turtlebot3_msgs/srv/detail/sound__rosidl_typesupport_fastrtps_cpp.hpp
[3.387s] -- Installing: /home/qingyu/turtlebot3_ws_my/install/turtlebot3_msgs/include/turtlebot3_msgs/turtlebot3_msgs/srv/detail/dqn__rosidl_typesupport_fastrtps_cpp.hpp
[3.387s] -- Installing: /home/qingyu/turtlebot3_ws_my/install/turtlebot3_msgs/include/turtlebot3_msgs/turtlebot3_msgs/srv/detail/dds_fastrtps
[3.387s] -- Up-to-date: /home/qingyu/turtlebot3_ws_my/install/turtlebot3_msgs/include/turtlebot3_msgs/turtlebot3_msgs/action
[3.387s] -- Up-to-date: /home/qingyu/turtlebot3_ws_my/install/turtlebot3_msgs/include/turtlebot3_msgs/turtlebot3_msgs/action/detail
[3.388s] -- Installing: /home/qingyu/turtlebot3_ws_my/install/turtlebot3_msgs/include/turtlebot3_msgs/turtlebot3_msgs/action/detail/patrol__rosidl_typesupport_fastrtps_cpp.hpp
[3.388s] -- Installing: /home/qingyu/turtlebot3_ws_my/install/turtlebot3_msgs/include/turtlebot3_msgs/turtlebot3_msgs/action/detail/dds_fastrtps
[3.388s] -- Up-to-date: /home/qingyu/turtlebot3_ws_my/install/turtlebot3_msgs/include/turtlebot3_msgs/turtlebot3_msgs/msg
[3.388s] -- Up-to-date: /home/qingyu/turtlebot3_ws_my/install/turtlebot3_msgs/include/turtlebot3_msgs/turtlebot3_msgs/msg/detail
[3.388s] -- Installing: /home/qingyu/turtlebot3_ws_my/install/turtlebot3_msgs/include/turtlebot3_msgs/turtlebot3_msgs/msg/detail/sound__rosidl_typesupport_fastrtps_cpp.hpp
[3.388s] -- Installing: /home/qingyu/turtlebot3_ws_my/install/turtlebot3_msgs/include/turtlebot3_msgs/turtlebot3_msgs/msg/detail/sensor_state__rosidl_typesupport_fastrtps_cpp.hpp
[3.388s] -- Installing: /home/qingyu/turtlebot3_ws_my/install/turtlebot3_msgs/include/turtlebot3_msgs/turtlebot3_msgs/msg/detail/version_info__rosidl_typesupport_fastrtps_cpp.hpp
[3.388s] -- Installing: /home/qingyu/turtlebot3_ws_my/install/turtlebot3_msgs/include/turtlebot3_msgs/turtlebot3_msgs/msg/detail/dds_fastrtps
[3.388s] -- Installing: /home/qingyu/turtlebot3_ws_my/install/turtlebot3_msgs/include/turtlebot3_msgs/turtlebot3_msgs/msg/rosidl_typesupport_fastrtps_cpp__visibility_control.h
[3.388s] -- Installing: /home/qingyu/turtlebot3_ws_my/install/turtlebot3_msgs/lib/libturtlebot3_msgs__rosidl_typesupport_fastrtps_cpp.so
[3.388s] -- Set runtime path of "/home/qingyu/turtlebot3_ws_my/install/turtlebot3_msgs/lib/libturtlebot3_msgs__rosidl_typesupport_fastrtps_cpp.so" to ""
[3.388s] -- Up-to-date: /home/qingyu/turtlebot3_ws_my/install/turtlebot3_msgs/include/turtlebot3_msgs/turtlebot3_msgs
[3.388s] -- Up-to-date: /home/qingyu/turtlebot3_ws_my/install/turtlebot3_msgs/include/turtlebot3_msgs/turtlebot3_msgs/srv
[3.388s] -- Up-to-date: /home/qingyu/turtlebot3_ws_my/install/turtlebot3_msgs/include/turtlebot3_msgs/turtlebot3_msgs/srv/detail
[3.388s] -- Installing: /home/qingyu/turtlebot3_ws_my/install/turtlebot3_msgs/include/turtlebot3_msgs/turtlebot3_msgs/srv/detail/sound__type_support.c
[3.388s] -- Installing: /home/qingyu/turtlebot3_ws_my/install/turtlebot3_msgs/include/turtlebot3_msgs/turtlebot3_msgs/srv/detail/dqn__rosidl_typesupport_introspection_c.h
[3.388s] -- Installing: /home/qingyu/turtlebot3_ws_my/install/turtlebot3_msgs/include/turtlebot3_msgs/turtlebot3_msgs/srv/detail/sound__rosidl_typesupport_introspection_c.h
[3.388s] -- Installing: /home/qingyu/turtlebot3_ws_my/install/turtlebot3_msgs/include/turtlebot3_msgs/turtlebot3_msgs/srv/detail/dqn__type_support.c
[3.389s] -- Up-to-date: /home/qingyu/turtlebot3_ws_my/install/turtlebot3_msgs/include/turtlebot3_msgs/turtlebot3_msgs/action
[3.389s] -- Up-to-date: /home/qingyu/turtlebot3_ws_my/install/turtlebot3_msgs/include/turtlebot3_msgs/turtlebot3_msgs/action/detail
[3.389s] -- Installing: /home/qingyu/turtlebot3_ws_my/install/turtlebot3_msgs/include/turtlebot3_msgs/turtlebot3_msgs/action/detail/patrol__type_support.c
[3.389s] -- Installing: /home/qingyu/turtlebot3_ws_my/install/turtlebot3_msgs/include/turtlebot3_msgs/turtlebot3_msgs/action/detail/patrol__rosidl_typesupport_introspection_c.h
[3.389s] -- Up-to-date: /home/qingyu/turtlebot3_ws_my/install/turtlebot3_msgs/include/turtlebot3_msgs/turtlebot3_msgs/msg
[3.389s] -- Up-to-date: /home/qingyu/turtlebot3_ws_my/install/turtlebot3_msgs/include/turtlebot3_msgs/turtlebot3_msgs/msg/detail
[3.389s] -- Installing: /home/qingyu/turtlebot3_ws_my/install/turtlebot3_msgs/include/turtlebot3_msgs/turtlebot3_msgs/msg/detail/sound__type_support.c
[3.389s] -- Installing: /home/qingyu/turtlebot3_ws_my/install/turtlebot3_msgs/include/turtlebot3_msgs/turtlebot3_msgs/msg/detail/sensor_state__rosidl_typesupport_introspection_c.h
[3.389s] -- Installing: /home/qingyu/turtlebot3_ws_my/install/turtlebot3_msgs/include/turtlebot3_msgs/turtlebot3_msgs/msg/detail/sensor_state__type_support.c
[3.389s] -- Installing: /home/qingyu/turtlebot3_ws_my/install/turtlebot3_msgs/include/turtlebot3_msgs/turtlebot3_msgs/msg/detail/sound__rosidl_typesupport_introspection_c.h
[3.389s] -- Installing: /home/qingyu/turtlebot3_ws_my/install/turtlebot3_msgs/include/turtlebot3_msgs/turtlebot3_msgs/msg/detail/version_info__type_support.c
[3.389s] -- Installing: /home/qingyu/turtlebot3_ws_my/install/turtlebot3_msgs/include/turtlebot3_msgs/turtlebot3_msgs/msg/detail/version_info__rosidl_typesupport_introspection_c.h
[3.389s] -- Installing: /home/qingyu/turtlebot3_ws_my/install/turtlebot3_msgs/include/turtlebot3_msgs/turtlebot3_msgs/msg/rosidl_typesupport_introspection_c__visibility_control.h
[3.389s] -- Installing: /home/qingyu/turtlebot3_ws_my/install/turtlebot3_msgs/lib/libturtlebot3_msgs__rosidl_typesupport_introspection_c.so
[3.389s] -- Set runtime path of "/home/qingyu/turtlebot3_ws_my/install/turtlebot3_msgs/lib/libturtlebot3_msgs__rosidl_typesupport_introspection_c.so" to ""
[3.389s] -- Installing: /home/qingyu/turtlebot3_ws_my/install/turtlebot3_msgs/lib/libturtlebot3_msgs__rosidl_typesupport_c.so
[3.389s] -- Set runtime path of "/home/qingyu/turtlebot3_ws_my/install/turtlebot3_msgs/lib/libturtlebot3_msgs__rosidl_typesupport_c.so" to ""
[3.389s] -- Up-to-date: /home/qingyu/turtlebot3_ws_my/install/turtlebot3_msgs/include/turtlebot3_msgs/turtlebot3_msgs
[3.389s] -- Up-to-date: /home/qingyu/turtlebot3_ws_my/install/turtlebot3_msgs/include/turtlebot3_msgs/turtlebot3_msgs/srv
[3.389s] -- Up-to-date: /home/qingyu/turtlebot3_ws_my/install/turtlebot3_msgs/include/turtlebot3_msgs/turtlebot3_msgs/srv/detail
[3.390s] -- Installing: /home/qingyu/turtlebot3_ws_my/install/turtlebot3_msgs/include/turtlebot3_msgs/turtlebot3_msgs/srv/detail/sound__rosidl_typesupport_introspection_cpp.hpp
[3.390s] -- Installing: /home/qingyu/turtlebot3_ws_my/install/turtlebot3_msgs/include/turtlebot3_msgs/turtlebot3_msgs/srv/detail/dqn__rosidl_typesupport_introspection_cpp.hpp
[3.390s] -- Installing: /home/qingyu/turtlebot3_ws_my/install/turtlebot3_msgs/include/turtlebot3_msgs/turtlebot3_msgs/srv/detail/dqn__type_support.cpp
[3.390s] -- Installing: /home/qingyu/turtlebot3_ws_my/install/turtlebot3_msgs/include/turtlebot3_msgs/turtlebot3_msgs/srv/detail/sound__type_support.cpp
[3.390s] -- Up-to-date: /home/qingyu/turtlebot3_ws_my/install/turtlebot3_msgs/include/turtlebot3_msgs/turtlebot3_msgs/action
[3.390s] -- Up-to-date: /home/qingyu/turtlebot3_ws_my/install/turtlebot3_msgs/include/turtlebot3_msgs/turtlebot3_msgs/action/detail
[3.390s] -- Installing: /home/qingyu/turtlebot3_ws_my/install/turtlebot3_msgs/include/turtlebot3_msgs/turtlebot3_msgs/action/detail/patrol__rosidl_typesupport_introspection_cpp.hpp
[3.390s] -- Installing: /home/qingyu/turtlebot3_ws_my/install/turtlebot3_msgs/include/turtlebot3_msgs/turtlebot3_msgs/action/detail/patrol__type_support.cpp
[3.390s] -- Up-to-date: /home/qingyu/turtlebot3_ws_my/install/turtlebot3_msgs/include/turtlebot3_msgs/turtlebot3_msgs/msg
[3.390s] -- Up-to-date: /home/qingyu/turtlebot3_ws_my/install/turtlebot3_msgs/include/turtlebot3_msgs/turtlebot3_msgs/msg/detail
[3.390s] -- Installing: /home/qingyu/turtlebot3_ws_my/install/turtlebot3_msgs/include/turtlebot3_msgs/turtlebot3_msgs/msg/detail/sound__rosidl_typesupport_introspection_cpp.hpp
[3.390s] -- Installing: /home/qingyu/turtlebot3_ws_my/install/turtlebot3_msgs/include/turtlebot3_msgs/turtlebot3_msgs/msg/detail/sound__type_support.cpp
[3.390s] -- Installing: /home/qingyu/turtlebot3_ws_my/install/turtlebot3_msgs/include/turtlebot3_msgs/turtlebot3_msgs/msg/detail/sensor_state__type_support.cpp
[3.390s] -- Installing: /home/qingyu/turtlebot3_ws_my/install/turtlebot3_msgs/include/turtlebot3_msgs/turtlebot3_msgs/msg/detail/version_info__rosidl_typesupport_introspection_cpp.hpp
[3.390s] -- Installing: /home/qingyu/turtlebot3_ws_my/install/turtlebot3_msgs/include/turtlebot3_msgs/turtlebot3_msgs/msg/detail/sensor_state__rosidl_typesupport_introspection_cpp.hpp
[3.390s] -- Installing: /home/qingyu/turtlebot3_ws_my/install/turtlebot3_msgs/include/turtlebot3_msgs/turtlebot3_msgs/msg/detail/version_info__type_support.cpp
[3.390s] -- Installing: /home/qingyu/turtlebot3_ws_my/install/turtlebot3_msgs/lib/libturtlebot3_msgs__rosidl_typesupport_introspection_cpp.so
[3.390s] -- Set runtime path of "/home/qingyu/turtlebot3_ws_my/install/turtlebot3_msgs/lib/libturtlebot3_msgs__rosidl_typesupport_introspection_cpp.so" to ""
[3.390s] -- Installing: /home/qingyu/turtlebot3_ws_my/install/turtlebot3_msgs/lib/libturtlebot3_msgs__rosidl_typesupport_cpp.so
[3.390s] -- Set runtime path of "/home/qingyu/turtlebot3_ws_my/install/turtlebot3_msgs/lib/libturtlebot3_msgs__rosidl_typesupport_cpp.so" to ""
[3.390s] -- Installing: /home/qingyu/turtlebot3_ws_my/install/turtlebot3_msgs/share/turtlebot3_msgs/environment/pythonpath.sh
[3.390s] -- Installing: /home/qingyu/turtlebot3_ws_my/install/turtlebot3_msgs/share/turtlebot3_msgs/environment/pythonpath.dsv
[3.390s] -- Installing: /home/qingyu/turtlebot3_ws_my/install/turtlebot3_msgs/local/lib/python3.10/dist-packages/turtlebot3_msgs-2.2.3-py3.10.egg-info
[3.391s] -- Installing: /home/qingyu/turtlebot3_ws_my/install/turtlebot3_msgs/local/lib/python3.10/dist-packages/turtlebot3_msgs-2.2.3-py3.10.egg-info/SOURCES.txt
[3.391s] -- Installing: /home/qingyu/turtlebot3_ws_my/install/turtlebot3_msgs/local/lib/python3.10/dist-packages/turtlebot3_msgs-2.2.3-py3.10.egg-info/PKG-INFO
[3.391s] -- Installing: /home/qingyu/turtlebot3_ws_my/install/turtlebot3_msgs/local/lib/python3.10/dist-packages/turtlebot3_msgs-2.2.3-py3.10.egg-info/top_level.txt
[3.391s] -- Installing: /home/qingyu/turtlebot3_ws_my/install/turtlebot3_msgs/local/lib/python3.10/dist-packages/turtlebot3_msgs-2.2.3-py3.10.egg-info/dependency_links.txt
[3.391s] -- Installing: /home/qingyu/turtlebot3_ws_my/install/turtlebot3_msgs/local/lib/python3.10/dist-packages/turtlebot3_msgs
[3.391s] -- Installing: /home/qingyu/turtlebot3_ws_my/install/turtlebot3_msgs/local/lib/python3.10/dist-packages/turtlebot3_msgs/srv
[3.391s] -- Installing: /home/qingyu/turtlebot3_ws_my/install/turtlebot3_msgs/local/lib/python3.10/dist-packages/turtlebot3_msgs/srv/_sound_s.c
[3.391s] -- Installing: /home/qingyu/turtlebot3_ws_my/install/turtlebot3_msgs/local/lib/python3.10/dist-packages/turtlebot3_msgs/srv/__init__.py
[3.391s] -- Installing: /home/qingyu/turtlebot3_ws_my/install/turtlebot3_msgs/local/lib/python3.10/dist-packages/turtlebot3_msgs/srv/_dqn.py
[3.391s] -- Installing: /home/qingyu/turtlebot3_ws_my/install/turtlebot3_msgs/local/lib/python3.10/dist-packages/turtlebot3_msgs/srv/_dqn_s.c
[3.391s] -- Installing: /home/qingyu/turtlebot3_ws_my/install/turtlebot3_msgs/local/lib/python3.10/dist-packages/turtlebot3_msgs/srv/_sound.py
[3.391s] -- Installing: /home/qingyu/turtlebot3_ws_my/install/turtlebot3_msgs/local/lib/python3.10/dist-packages/turtlebot3_msgs/_turtlebot3_msgs_s.ep.rosidl_typesupport_introspection_c.c
[3.391s] -- Installing: /home/qingyu/turtlebot3_ws_my/install/turtlebot3_msgs/local/lib/python3.10/dist-packages/turtlebot3_msgs/action
[3.391s] -- Installing: /home/qingyu/turtlebot3_ws_my/install/turtlebot3_msgs/local/lib/python3.10/dist-packages/turtlebot3_msgs/action/__init__.py
[3.391s] -- Installing: /home/qingyu/turtlebot3_ws_my/install/turtlebot3_msgs/local/lib/python3.10/dist-packages/turtlebot3_msgs/action/_patrol.py
[3.391s] -- Installing: /home/qingyu/turtlebot3_ws_my/install/turtlebot3_msgs/local/lib/python3.10/dist-packages/turtlebot3_msgs/action/_patrol_s.c
[3.391s] -- Installing: /home/qingyu/turtlebot3_ws_my/install/turtlebot3_msgs/local/lib/python3.10/dist-packages/turtlebot3_msgs/turtlebot3_msgs_s__rosidl_typesupport_fastrtps_c.cpython-310-x86_64-linux-gnu.so
[3.391s] -- Installing: /home/qingyu/turtlebot3_ws_my/install/turtlebot3_msgs/local/lib/python3.10/dist-packages/turtlebot3_msgs/__init__.py
[3.391s] -- Installing: /home/qingyu/turtlebot3_ws_my/install/turtlebot3_msgs/local/lib/python3.10/dist-packages/turtlebot3_msgs/libturtlebot3_msgs__rosidl_generator_py.so
[3.391s] -- Installing: /home/qingyu/turtlebot3_ws_my/install/turtlebot3_msgs/local/lib/python3.10/dist-packages/turtlebot3_msgs/turtlebot3_msgs_s__rosidl_typesupport_introspection_c.cpython-310-x86_64-linux-gnu.so
[3.391s] -- Installing: /home/qingyu/turtlebot3_ws_my/install/turtlebot3_msgs/local/lib/python3.10/dist-packages/turtlebot3_msgs/msg
[3.391s] -- Installing: /home/qingyu/turtlebot3_ws_my/install/turtlebot3_msgs/local/lib/python3.10/dist-packages/turtlebot3_msgs/msg/_sound_s.c
[3.391s] -- Installing: /home/qingyu/turtlebot3_ws_my/install/turtlebot3_msgs/local/lib/python3.10/dist-packages/turtlebot3_msgs/msg/__init__.py
[3.392s] -- Installing: /home/qingyu/turtlebot3_ws_my/install/turtlebot3_msgs/local/lib/python3.10/dist-packages/turtlebot3_msgs/msg/_version_info.py
[3.392s] -- Installing: /home/qingyu/turtlebot3_ws_my/install/turtlebot3_msgs/local/lib/python3.10/dist-packages/turtlebot3_msgs/msg/_sensor_state_s.c
[3.392s] -- Installing: /home/qingyu/turtlebot3_ws_my/install/turtlebot3_msgs/local/lib/python3.10/dist-packages/turtlebot3_msgs/msg/_sensor_state.py
[3.392s] -- Installing: /home/qingyu/turtlebot3_ws_my/install/turtlebot3_msgs/local/lib/python3.10/dist-packages/turtlebot3_msgs/msg/_sound.py
[3.392s] -- Installing: /home/qingyu/turtlebot3_ws_my/install/turtlebot3_msgs/local/lib/python3.10/dist-packages/turtlebot3_msgs/msg/_version_info_s.c
[3.392s] -- Installing: /home/qingyu/turtlebot3_ws_my/install/turtlebot3_msgs/local/lib/python3.10/dist-packages/turtlebot3_msgs/_turtlebot3_msgs_s.ep.rosidl_typesupport_c.c
[3.392s] -- Installing: /home/qingyu/turtlebot3_ws_my/install/turtlebot3_msgs/local/lib/python3.10/dist-packages/turtlebot3_msgs/_turtlebot3_msgs_s.ep.rosidl_typesupport_fastrtps_c.c
[3.392s] -- Installing: /home/qingyu/turtlebot3_ws_my/install/turtlebot3_msgs/local/lib/python3.10/dist-packages/turtlebot3_msgs/turtlebot3_msgs_s__rosidl_typesupport_c.cpython-310-x86_64-linux-gnu.so
[3.414s] Listing '/home/qingyu/turtlebot3_ws_my/install/turtlebot3_msgs/local/lib/python3.10/dist-packages/turtlebot3_msgs'...
[3.414s] Compiling '/home/qingyu/turtlebot3_ws_my/install/turtlebot3_msgs/local/lib/python3.10/dist-packages/turtlebot3_msgs/__init__.py'...
[3.414s] Listing '/home/qingyu/turtlebot3_ws_my/install/turtlebot3_msgs/local/lib/python3.10/dist-packages/turtlebot3_msgs/action'...
[3.415s] Compiling '/home/qingyu/turtlebot3_ws_my/install/turtlebot3_msgs/local/lib/python3.10/dist-packages/turtlebot3_msgs/action/__init__.py'...
[3.415s] Compiling '/home/qingyu/turtlebot3_ws_my/install/turtlebot3_msgs/local/lib/python3.10/dist-packages/turtlebot3_msgs/action/_patrol.py'...
[3.415s] Listing '/home/qingyu/turtlebot3_ws_my/install/turtlebot3_msgs/local/lib/python3.10/dist-packages/turtlebot3_msgs/msg'...
[3.415s] Compiling '/home/qingyu/turtlebot3_ws_my/install/turtlebot3_msgs/local/lib/python3.10/dist-packages/turtlebot3_msgs/msg/__init__.py'...
[3.415s] Compiling '/home/qingyu/turtlebot3_ws_my/install/turtlebot3_msgs/local/lib/python3.10/dist-packages/turtlebot3_msgs/msg/_sensor_state.py'...
[3.415s] Compiling '/home/qingyu/turtlebot3_ws_my/install/turtlebot3_msgs/local/lib/python3.10/dist-packages/turtlebot3_msgs/msg/_sound.py'...
[3.415s] Compiling '/home/qingyu/turtlebot3_ws_my/install/turtlebot3_msgs/local/lib/python3.10/dist-packages/turtlebot3_msgs/msg/_version_info.py'...
[3.415s] Listing '/home/qingyu/turtlebot3_ws_my/install/turtlebot3_msgs/local/lib/python3.10/dist-packages/turtlebot3_msgs/srv'...
[3.415s] Compiling '/home/qingyu/turtlebot3_ws_my/install/turtlebot3_msgs/local/lib/python3.10/dist-packages/turtlebot3_msgs/srv/__init__.py'...
[3.415s] Compiling '/home/qingyu/turtlebot3_ws_my/install/turtlebot3_msgs/local/lib/python3.10/dist-packages/turtlebot3_msgs/srv/_dqn.py'...
[3.415s] Compiling '/home/qingyu/turtlebot3_ws_my/install/turtlebot3_msgs/local/lib/python3.10/dist-packages/turtlebot3_msgs/srv/_sound.py'...
[3.417s] -- Installing: /home/qingyu/turtlebot3_ws_my/install/turtlebot3_msgs/local/lib/python3.10/dist-packages/turtlebot3_msgs/turtlebot3_msgs_s__rosidl_typesupport_fastrtps_c.cpython-310-x86_64-linux-gnu.so
[3.417s] -- Set runtime path of "/home/qingyu/turtlebot3_ws_my/install/turtlebot3_msgs/local/lib/python3.10/dist-packages/turtlebot3_msgs/turtlebot3_msgs_s__rosidl_typesupport_fastrtps_c.cpython-310-x86_64-linux-gnu.so" to ""
[3.417s] -- Installing: /home/qingyu/turtlebot3_ws_my/install/turtlebot3_msgs/local/lib/python3.10/dist-packages/turtlebot3_msgs/turtlebot3_msgs_s__rosidl_typesupport_introspection_c.cpython-310-x86_64-linux-gnu.so
[3.417s] -- Set runtime path of "/home/qingyu/turtlebot3_ws_my/install/turtlebot3_msgs/local/lib/python3.10/dist-packages/turtlebot3_msgs/turtlebot3_msgs_s__rosidl_typesupport_introspection_c.cpython-310-x86_64-linux-gnu.so" to ""
[3.417s] -- Installing: /home/qingyu/turtlebot3_ws_my/install/turtlebot3_msgs/local/lib/python3.10/dist-packages/turtlebot3_msgs/turtlebot3_msgs_s__rosidl_typesupport_c.cpython-310-x86_64-linux-gnu.so
[3.417s] -- Set runtime path of "/home/qingyu/turtlebot3_ws_my/install/turtlebot3_msgs/local/lib/python3.10/dist-packages/turtlebot3_msgs/turtlebot3_msgs_s__rosidl_typesupport_c.cpython-310-x86_64-linux-gnu.so" to ""
[3.418s] -- Installing: /home/qingyu/turtlebot3_ws_my/install/turtlebot3_msgs/lib/libturtlebot3_msgs__rosidl_generator_py.so
[3.418s] -- Set runtime path of "/home/qingyu/turtlebot3_ws_my/install/turtlebot3_msgs/lib/libturtlebot3_msgs__rosidl_generator_py.so" to ""
[3.418s] -- Installing: /home/qingyu/turtlebot3_ws_my/install/turtlebot3_msgs/share/turtlebot3_msgs/msg/SensorState.idl
[3.418s] -- Installing: /home/qingyu/turtlebot3_ws_my/install/turtlebot3_msgs/share/turtlebot3_msgs/msg/Sound.idl
[3.418s] -- Installing: /home/qingyu/turtlebot3_ws_my/install/turtlebot3_msgs/share/turtlebot3_msgs/msg/VersionInfo.idl
[3.418s] -- Installing: /home/qingyu/turtlebot3_ws_my/install/turtlebot3_msgs/share/turtlebot3_msgs/srv/Sound.idl
[3.418s] -- Installing: /home/qingyu/turtlebot3_ws_my/install/turtlebot3_msgs/share/turtlebot3_msgs/srv/Dqn.idl
[3.418s] -- Installing: /home/qingyu/turtlebot3_ws_my/install/turtlebot3_msgs/share/turtlebot3_msgs/action/Patrol.idl
[3.418s] -- Installing: /home/qingyu/turtlebot3_ws_my/install/turtlebot3_msgs/share/turtlebot3_msgs/msg/SensorState.msg
[3.418s] -- Installing: /home/qingyu/turtlebot3_ws_my/install/turtlebot3_msgs/share/turtlebot3_msgs/msg/Sound.msg
[3.418s] -- Installing: /home/qingyu/turtlebot3_ws_my/install/turtlebot3_msgs/share/turtlebot3_msgs/msg/VersionInfo.msg
[3.418s] -- Installing: /home/qingyu/turtlebot3_ws_my/install/turtlebot3_msgs/share/turtlebot3_msgs/srv/Sound.srv
[3.418s] -- Installing: /home/qingyu/turtlebot3_ws_my/install/turtlebot3_msgs/share/turtlebot3_msgs/srv/Sound_Request.msg
[3.418s] -- Installing: /home/qingyu/turtlebot3_ws_my/install/turtlebot3_msgs/share/turtlebot3_msgs/srv/Sound_Response.msg
[3.418s] -- Installing: /home/qingyu/turtlebot3_ws_my/install/turtlebot3_msgs/share/turtlebot3_msgs/srv/Dqn.srv
[3.418s] -- Installing: /home/qingyu/turtlebot3_ws_my/install/turtlebot3_msgs/share/turtlebot3_msgs/srv/Dqn_Request.msg
[3.418s] -- Installing: /home/qingyu/turtlebot3_ws_my/install/turtlebot3_msgs/share/turtlebot3_msgs/srv/Dqn_Response.msg
[3.418s] -- Installing: /home/qingyu/turtlebot3_ws_my/install/turtlebot3_msgs/share/turtlebot3_msgs/action/Patrol.action
[3.419s] -- Installing: /home/qingyu/turtlebot3_ws_my/install/turtlebot3_msgs/share/ament_index/resource_index/package_run_dependencies/turtlebot3_msgs
[3.419s] -- Installing: /home/qingyu/turtlebot3_ws_my/install/turtlebot3_msgs/share/ament_index/resource_index/parent_prefix_path/turtlebot3_msgs
[3.419s] -- Installing: /home/qingyu/turtlebot3_ws_my/install/turtlebot3_msgs/share/turtlebot3_msgs/environment/ament_prefix_path.sh
[3.419s] -- Installing: /home/qingyu/turtlebot3_ws_my/install/turtlebot3_msgs/share/turtlebot3_msgs/environment/ament_prefix_path.dsv
[3.419s] -- Installing: /home/qingyu/turtlebot3_ws_my/install/turtlebot3_msgs/share/turtlebot3_msgs/environment/path.sh
[3.419s] -- Installing: /home/qingyu/turtlebot3_ws_my/install/turtlebot3_msgs/share/turtlebot3_msgs/environment/path.dsv
[3.419s] -- Installing: /home/qingyu/turtlebot3_ws_my/install/turtlebot3_msgs/share/turtlebot3_msgs/local_setup.bash
[3.419s] -- Installing: /home/qingyu/turtlebot3_ws_my/install/turtlebot3_msgs/share/turtlebot3_msgs/local_setup.sh
[3.419s] -- Installing: /home/qingyu/turtlebot3_ws_my/install/turtlebot3_msgs/share/turtlebot3_msgs/local_setup.zsh
[3.419s] -- Installing: /home/qingyu/turtlebot3_ws_my/install/turtlebot3_msgs/share/turtlebot3_msgs/local_setup.dsv
[3.419s] -- Installing: /home/qingyu/turtlebot3_ws_my/install/turtlebot3_msgs/share/turtlebot3_msgs/package.dsv
[3.419s] -- Installing: /home/qingyu/turtlebot3_ws_my/install/turtlebot3_msgs/share/ament_index/resource_index/packages/turtlebot3_msgs
[3.419s] -- Installing: /home/qingyu/turtlebot3_ws_my/install/turtlebot3_msgs/share/turtlebot3_msgs/cmake/export_turtlebot3_msgs__rosidl_generator_cExport.cmake
[3.419s] -- Installing: /home/qingyu/turtlebot3_ws_my/install/turtlebot3_msgs/share/turtlebot3_msgs/cmake/export_turtlebot3_msgs__rosidl_generator_cExport-noconfig.cmake
[3.419s] -- Installing: /home/qingyu/turtlebot3_ws_my/install/turtlebot3_msgs/share/turtlebot3_msgs/cmake/export_turtlebot3_msgs__rosidl_typesupport_fastrtps_cExport.cmake
[3.419s] -- Installing: /home/qingyu/turtlebot3_ws_my/install/turtlebot3_msgs/share/turtlebot3_msgs/cmake/export_turtlebot3_msgs__rosidl_typesupport_fastrtps_cExport-noconfig.cmake
[3.419s] -- Installing: /home/qingyu/turtlebot3_ws_my/install/turtlebot3_msgs/share/turtlebot3_msgs/cmake/export_turtlebot3_msgs__rosidl_generator_cppExport.cmake
[3.419s] -- Installing: /home/qingyu/turtlebot3_ws_my/install/turtlebot3_msgs/share/turtlebot3_msgs/cmake/export_turtlebot3_msgs__rosidl_typesupport_fastrtps_cppExport.cmake
[3.420s] -- Installing: /home/qingyu/turtlebot3_ws_my/install/turtlebot3_msgs/share/turtlebot3_msgs/cmake/export_turtlebot3_msgs__rosidl_typesupport_fastrtps_cppExport-noconfig.cmake
[3.420s] -- Installing: /home/qingyu/turtlebot3_ws_my/install/turtlebot3_msgs/share/turtlebot3_msgs/cmake/turtlebot3_msgs__rosidl_typesupport_introspection_cExport.cmake
[3.420s] -- Installing: /home/qingyu/turtlebot3_ws_my/install/turtlebot3_msgs/share/turtlebot3_msgs/cmake/turtlebot3_msgs__rosidl_typesupport_introspection_cExport-noconfig.cmake
[3.420s] -- Installing: /home/qingyu/turtlebot3_ws_my/install/turtlebot3_msgs/share/turtlebot3_msgs/cmake/turtlebot3_msgs__rosidl_typesupport_cExport.cmake
[3.420s] -- Installing: /home/qingyu/turtlebot3_ws_my/install/turtlebot3_msgs/share/turtlebot3_msgs/cmake/turtlebot3_msgs__rosidl_typesupport_cExport-noconfig.cmake
[3.420s] -- Installing: /home/qingyu/turtlebot3_ws_my/install/turtlebot3_msgs/share/turtlebot3_msgs/cmake/turtlebot3_msgs__rosidl_typesupport_introspection_cppExport.cmake
[3.420s] -- Installing: /home/qingyu/turtlebot3_ws_my/install/turtlebot3_msgs/share/turtlebot3_msgs/cmake/turtlebot3_msgs__rosidl_typesupport_introspection_cppExport-noconfig.cmake
[3.420s] -- Installing: /home/qingyu/turtlebot3_ws_my/install/turtlebot3_msgs/share/turtlebot3_msgs/cmake/turtlebot3_msgs__rosidl_typesupport_cppExport.cmake
[3.420s] -- Installing: /home/qingyu/turtlebot3_ws_my/install/turtlebot3_msgs/share/turtlebot3_msgs/cmake/turtlebot3_msgs__rosidl_typesupport_cppExport-noconfig.cmake
[3.420s] -- Installing: /home/qingyu/turtlebot3_ws_my/install/turtlebot3_msgs/share/turtlebot3_msgs/cmake/export_turtlebot3_msgs__rosidl_generator_pyExport.cmake
[3.420s] -- Installing: /home/qingyu/turtlebot3_ws_my/install/turtlebot3_msgs/share/turtlebot3_msgs/cmake/export_turtlebot3_msgs__rosidl_generator_pyExport-noconfig.cmake
[3.420s] -- Installing: /home/qingyu/turtlebot3_ws_my/install/turtlebot3_msgs/share/turtlebot3_msgs/cmake/rosidl_cmake-extras.cmake
[3.420s] -- Installing: /home/qingyu/turtlebot3_ws_my/install/turtlebot3_msgs/share/turtlebot3_msgs/cmake/ament_cmake_export_dependencies-extras.cmake
[3.420s] -- Installing: /home/qingyu/turtlebot3_ws_my/install/turtlebot3_msgs/share/turtlebot3_msgs/cmake/ament_cmake_export_include_directories-extras.cmake
[3.420s] -- Installing: /home/qingyu/turtlebot3_ws_my/install/turtlebot3_msgs/share/turtlebot3_msgs/cmake/ament_cmake_export_libraries-extras.cmake
[3.420s] -- Installing: /home/qingyu/turtlebot3_ws_my/install/turtlebot3_msgs/share/turtlebot3_msgs/cmake/ament_cmake_export_targets-extras.cmake
[3.420s] -- Installing: /home/qingyu/turtlebot3_ws_my/install/turtlebot3_msgs/share/turtlebot3_msgs/cmake/rosidl_cmake_export_typesupport_targets-extras.cmake
[3.420s] -- Installing: /home/qingyu/turtlebot3_ws_my/install/turtlebot3_msgs/share/turtlebot3_msgs/cmake/rosidl_cmake_export_typesupport_libraries-extras.cmake
[3.420s] -- Installing: /home/qingyu/turtlebot3_ws_my/install/turtlebot3_msgs/share/turtlebot3_msgs/cmake/turtlebot3_msgsConfig.cmake
[3.420s] -- Installing: /home/qingyu/turtlebot3_ws_my/install/turtlebot3_msgs/share/turtlebot3_msgs/cmake/turtlebot3_msgsConfig-version.cmake
[3.420s] -- Installing: /home/qingyu/turtlebot3_ws_my/install/turtlebot3_msgs/share/turtlebot3_msgs/package.xml
[3.422s] Invoked command in '/home/qingyu/turtlebot3_ws_my/build/turtlebot3_msgs' returned '0': CMAKE_PREFIX_PATH=${CMAKE_PREFIX_PATH}:/home/qingyu/turtlebot3_ws_my/install/nav_test:/home/qingyu/turtlebot3_ws_my/install/turtlebot3_teleop:/home/qingyu/turtlebot3_ws_my/install/turtlebot3_example:/opt/ros/humble /usr/bin/cmake --install /home/qingyu/turtlebot3_ws_my/build/turtlebot3_msgs
