[0.013s] Invoking command in '/home/qingyu/turtlebot3_ws_my/build/turtlebot3_gazebo': CMAKE_PREFIX_PATH=${CMAKE_PREFIX_PATH}:/home/qingyu/turtlebot3_ws_my/install/nav_test:/home/qingyu/turtlebot3_ws_my/install/turtlebot3_teleop:/home/qingyu/turtlebot3_ws_my/install/turtlebot3_example:/opt/ros/humble /usr/bin/cmake /home/qingyu/turtlebot3_ws_my/src/turtlebot3_simulations/turtlebot3_gazebo -DCMAKE_INSTALL_PREFIX=/home/qingyu/turtlebot3_ws_my/install/turtlebot3_gazebo
[0.141s] -- The C compiler identification is GNU 11.4.0
[0.141s] -- The CXX compiler identification is GNU 11.4.0
[0.141s] -- Detecting C compiler ABI info
[0.141s] -- Detecting C compiler ABI info - done
[0.141s] -- Check for working C compiler: /usr/bin/cc - skipped
[0.141s] -- Detecting C compile features
[0.141s] -- Detecting C compile features - done
[0.141s] -- Detecting CXX compiler ABI info
[0.167s] -- Detecting CXX compiler ABI info - done
[0.172s] -- Check for working CXX compiler: /usr/bin/c++ - skipped
[0.172s] -- Detecting CXX compile features
[0.172s] -- Detecting CXX compile features - done
[0.173s] -- Found ament_cmake: 1.3.11 (/opt/ros/humble/share/ament_cmake/cmake)
[0.251s] -- Found Python3: /usr/bin/python3 (found version "3.10.12") found components: Interpreter 
[0.298s] [33mCMake Warning (dev) at /usr/share/cmake-3.22/Modules/FindPackageHandleStandardArgs.cmake:438 (message):
[0.298s]   The package name passed to `find_package_handle_standard_args` (PkgConfig)
[0.298s]   does not match the name of the calling package (gazebo).  This can lead to
[0.298s]   problems in calling code that expects `find_package` result variables
[0.298s]   (e.g., `_FOUND`) to follow a certain pattern.
[0.298s] Call Stack (most recent call first):
[0.298s]   /usr/share/cmake-3.22/Modules/FindPkgConfig.cmake:99 (find_package_handle_standard_args)
[0.299s]   /usr/lib/x86_64-linux-gnu/cmake/gazebo/gazebo-config.cmake:72 (include)
[0.299s]   CMakeLists.txt:23 (find_package)
[0.299s] This warning is for project developers.  Use -Wno-dev to suppress it.
[0.299s] [0m
[0.299s] -- Found PkgConfig: /usr/bin/pkg-config (found version "0.29.2") 
[0.302s] -- Checking for module 'bullet>=2.82'
[0.310s] --   Found bullet, version 3.05
[0.373s] -- Found fcl: /usr/include (found suitable version "0.7.0", minimum required is "0.5.0") 
[0.408s] -- Found assimp: /usr/include (found version "5.2.0") 
[0.425s] -- Found DART: /usr/include (Required is at least version "6.6") found components: dart 
[0.540s] -- Found Boost: /usr/lib/x86_64-linux-gnu/cmake/Boost-1.74.0/BoostConfig.cmake (found suitable version "1.74.0", minimum required is "1.40.0") found components: thread system filesystem program_options regex iostreams date_time 
[0.550s] -- Found Protobuf: /usr/lib/x86_64-linux-gnu/libprotobuf.so (found version "3.12.4") 
[0.553s] -- Looking for ignition-math6 -- found version 6.15.1
[0.556s] -- Searching for dependencies of ignition-math6
[0.556s] -- Looking for OGRE...
[0.556s] -- OGRE_PREFIX_WATCH changed.
[0.560s] -- Checking for module 'OGRE'
[0.568s] --   Found OGRE, version 1.9.0
[0.589s] -- Found Ogre Ghadamon (1.9.0)
[0.595s] -- Found OGRE: optimized;/usr/lib/x86_64-linux-gnu/libOgreMain.so;debug;/usr/lib/x86_64-linux-gnu/libOgreMain.so
[0.600s] -- Looking for OGRE_Paging...
[0.603s] -- Found OGRE_Paging: optimized;/usr/lib/x86_64-linux-gnu/libOgrePaging.so;debug;/usr/lib/x86_64-linux-gnu/libOgrePaging.so
[0.603s] -- Looking for OGRE_Terrain...
[0.606s] -- Found OGRE_Terrain: optimized;/usr/lib/x86_64-linux-gnu/libOgreTerrain.so;debug;/usr/lib/x86_64-linux-gnu/libOgreTerrain.so
[0.606s] -- Looking for OGRE_Property...
[0.609s] -- Found OGRE_Property: optimized;/usr/lib/x86_64-linux-gnu/libOgreProperty.so;debug;/usr/lib/x86_64-linux-gnu/libOgreProperty.so
[0.609s] -- Looking for OGRE_RTShaderSystem...
[0.612s] -- Found OGRE_RTShaderSystem: optimized;/usr/lib/x86_64-linux-gnu/libOgreRTShaderSystem.so;debug;/usr/lib/x86_64-linux-gnu/libOgreRTShaderSystem.so
[0.612s] -- Looking for OGRE_Volume...
[0.615s] -- Found OGRE_Volume: optimized;/usr/lib/x86_64-linux-gnu/libOgreVolume.so;debug;/usr/lib/x86_64-linux-gnu/libOgreVolume.so
[0.615s] -- Looking for OGRE_Overlay...
[0.618s] -- Found OGRE_Overlay: optimized;/usr/lib/x86_64-linux-gnu/libOgreOverlay.so;debug;/usr/lib/x86_64-linux-gnu/libOgreOverlay.so
[0.683s] -- Looking for ignition-math6 -- found version 6.15.1
[0.684s] -- Looking for ignition-transport8 -- found version 8.2.1
[0.684s] -- Searching for dependencies of ignition-transport8
[0.693s] -- Found Protobuf: /usr/lib/x86_64-linux-gnu/libprotobuf.so (found suitable version "3.12.4", minimum required is "3") 
[0.701s] -- Config-file not installed for ZeroMQ -- checking for pkg-config
[0.704s] -- Checking for module 'libzmq >= 4'
[0.713s] --   Found libzmq , version 4.3.4
[0.735s] -- Found ZeroMQ: TRUE (Required is at least version "4") 
[0.739s] -- Checking for module 'uuid'
[0.746s] --   Found uuid, version 2.37.2
[0.767s] -- Found UUID: TRUE  
[0.769s] -- Looking for ignition-msgs5 -- found version 5.8.1
[0.769s] -- Searching for dependencies of ignition-msgs5
[0.780s] -- Looking for ignition-math6 -- found version 6.15.1
[0.783s] -- Checking for module 'tinyxml2'
[0.792s] --   Found tinyxml2, version 9.0.0
[0.813s] -- Looking for ignition-msgs5 -- found version 5.8.1
[0.814s] -- Looking for ignition-common3 -- found version 3.14.0
[0.814s] -- Searching for dependencies of ignition-common3
[0.815s] -- Looking for dlfcn.h - found
[0.815s] -- Looking for libdl - found
[0.816s] -- Found DL: TRUE  
[0.821s] -- Found tinyobjloader: /usr/lib/x86_64-linux-gnu/cmake/tinyobjloader/tinyobjloader-config.cmake (found version "2.0.0") 
[0.822s] -- Searching for <ignition-common3> component [graphics]
[0.823s] -- Looking for ignition-common3-graphics -- found version 3.14.0
[0.823s] -- Searching for dependencies of ignition-common3-graphics
[0.823s] -- Looking for ignition-math6 -- found version 6.15.1
[0.824s] -- Looking for ignition-fuel_tools4 -- found version 4.4.0
[0.825s] -- Searching for dependencies of ignition-fuel_tools4
[0.870s] -- Found CURL: /usr/lib/x86_64-linux-gnu/libcurl.so (found version "7.81.0")  
[0.874s] -- Checking for module 'jsoncpp'
[0.882s] --   Found jsoncpp, version 1.9.5
[0.901s] -- Found JSONCPP: TRUE  
[0.905s] -- Checking for module 'libzip'
[0.913s] --   Found libzip, version 1.7.3
[0.934s] -- Found ZIP: TRUE  
[0.934s] -- Looking for ignition-common3 -- found version 3.14.0
[0.935s] -- Looking for ignition-math6 -- found version 6.15.1
[0.935s] -- Looking for ignition-msgs5 -- found version 5.8.1
[0.939s] -- Found gazebo_ros_pkgs: 3.9.0 (/opt/ros/humble/share/gazebo_ros_pkgs/cmake)
[0.941s] -- Found geometry_msgs: 4.2.4 (/opt/ros/humble/share/geometry_msgs/cmake)
[0.957s] -- Found rosidl_generator_c: 3.1.6 (/opt/ros/humble/share/rosidl_generator_c/cmake)
[0.959s] -- Found rosidl_adapter: 3.1.6 (/opt/ros/humble/share/rosidl_adapter/cmake)
[0.963s] -- Found rosidl_generator_cpp: 3.1.6 (/opt/ros/humble/share/rosidl_generator_cpp/cmake)
[0.969s] -- Using all available rosidl_typesupport_c: rosidl_typesupport_fastrtps_c;rosidl_typesupport_introspection_c
[0.977s] -- Using all available rosidl_typesupport_cpp: rosidl_typesupport_fastrtps_cpp;rosidl_typesupport_introspection_cpp
[0.996s] -- Found nav_msgs: 4.2.4 (/opt/ros/humble/share/nav_msgs/cmake)
[1.004s] -- Found rclcpp: 16.0.11 (/opt/ros/humble/share/rclcpp/cmake)
[1.022s] -- Found rmw_implementation_cmake: 6.1.2 (/opt/ros/humble/share/rmw_implementation_cmake/cmake)
[1.024s] -- Found rmw_cyclonedds_cpp: 1.3.4 (/opt/ros/humble/share/rmw_cyclonedds_cpp/cmake)
[1.034s] -- Using RMW implementation 'rmw_cyclonedds_cpp' as default
[1.039s] -- Found Threads: TRUE  
[1.057s] -- Found sensor_msgs: 4.2.4 (/opt/ros/humble/share/sensor_msgs/cmake)
[1.065s] -- Found tf2: 0.25.11 (/opt/ros/humble/share/tf2/cmake)
[1.119s] -- Configuring done
[1.142s] -- Generating done
[1.148s] -- Build files have been written to: /home/qingyu/turtlebot3_ws_my/build/turtlebot3_gazebo
[1.158s] Invoked command in '/home/qingyu/turtlebot3_ws_my/build/turtlebot3_gazebo' returned '0': CMAKE_PREFIX_PATH=${CMAKE_PREFIX_PATH}:/home/qingyu/turtlebot3_ws_my/install/nav_test:/home/qingyu/turtlebot3_ws_my/install/turtlebot3_teleop:/home/qingyu/turtlebot3_ws_my/install/turtlebot3_example:/opt/ros/humble /usr/bin/cmake /home/qingyu/turtlebot3_ws_my/src/turtlebot3_simulations/turtlebot3_gazebo -DCMAKE_INSTALL_PREFIX=/home/qingyu/turtlebot3_ws_my/install/turtlebot3_gazebo
[1.160s] Invoking command in '/home/qingyu/turtlebot3_ws_my/build/turtlebot3_gazebo': CMAKE_PREFIX_PATH=${CMAKE_PREFIX_PATH}:/home/qingyu/turtlebot3_ws_my/install/nav_test:/home/qingyu/turtlebot3_ws_my/install/turtlebot3_teleop:/home/qingyu/turtlebot3_ws_my/install/turtlebot3_example:/opt/ros/humble /usr/bin/cmake --build /home/qingyu/turtlebot3_ws_my/build/turtlebot3_gazebo -- -j32 -l32
[1.193s] [ 12%] [32mBuilding CXX object CMakeFiles/obstacle1.dir/models/turtlebot3_dqn_world/obstacle_plugin/obstacle1.cc.o[0m
[1.194s] [ 25%] [32mBuilding CXX object CMakeFiles/obstacles.dir/models/turtlebot3_dqn_world/obstacle_plugin/obstacles.cc.o[0m
[1.195s] [ 37%] [32mBuilding CXX object CMakeFiles/turtlebot3_drive.dir/src/turtlebot3_drive.cpp.o[0m
[1.197s] [ 50%] [32mBuilding CXX object CMakeFiles/obstacle2.dir/models/turtlebot3_dqn_world/obstacle_plugin/obstacle2.cc.o[0m
[7.097s] [ 62%] [32m[1mLinking CXX shared library libobstacles.so[0m
[7.217s] [ 62%] Built target obstacles
[7.402s] [ 75%] [32m[1mLinking CXX shared library libobstacle1.so[0m
[7.535s] [ 75%] Built target obstacle1
[7.699s] [ 87%] [32m[1mLinking CXX shared library libobstacle2.so[0m
[7.812s] [ 87%] Built target obstacle2
[7.974s] [100%] [32m[1mLinking CXX executable turtlebot3_drive[0m
[8.244s] [100%] Built target turtlebot3_drive
[8.252s] Invoked command in '/home/qingyu/turtlebot3_ws_my/build/turtlebot3_gazebo' returned '0': CMAKE_PREFIX_PATH=${CMAKE_PREFIX_PATH}:/home/qingyu/turtlebot3_ws_my/install/nav_test:/home/qingyu/turtlebot3_ws_my/install/turtlebot3_teleop:/home/qingyu/turtlebot3_ws_my/install/turtlebot3_example:/opt/ros/humble /usr/bin/cmake --build /home/qingyu/turtlebot3_ws_my/build/turtlebot3_gazebo -- -j32 -l32
[8.253s] Invoking command in '/home/qingyu/turtlebot3_ws_my/build/turtlebot3_gazebo': CMAKE_PREFIX_PATH=${CMAKE_PREFIX_PATH}:/home/qingyu/turtlebot3_ws_my/install/nav_test:/home/qingyu/turtlebot3_ws_my/install/turtlebot3_teleop:/home/qingyu/turtlebot3_ws_my/install/turtlebot3_example:/opt/ros/humble /usr/bin/cmake --install /home/qingyu/turtlebot3_ws_my/build/turtlebot3_gazebo
[8.258s] -- Install configuration: ""
[8.258s] -- Installing: /home/qingyu/turtlebot3_ws_my/install/turtlebot3_gazebo/lib/turtlebot3_gazebo/turtlebot3_drive
[8.262s] -- Set runtime path of "/home/qingyu/turtlebot3_ws_my/install/turtlebot3_gazebo/lib/turtlebot3_gazebo/turtlebot3_drive" to ""
[8.262s] -- Installing: /home/qingyu/turtlebot3_ws_my/install/turtlebot3_gazebo/share/turtlebot3_gazebo//launch
[8.263s] -- Installing: /home/qingyu/turtlebot3_ws_my/install/turtlebot3_gazebo/share/turtlebot3_gazebo//launch/turtlebot3_dqn_stage4.launch.py
[8.263s] -- Installing: /home/qingyu/turtlebot3_ws_my/install/turtlebot3_gazebo/share/turtlebot3_gazebo//launch/robot_state_publisher.launch.py
[8.263s] -- Installing: /home/qingyu/turtlebot3_ws_my/install/turtlebot3_gazebo/share/turtlebot3_gazebo//launch/empty_world.launch.py
[8.263s] -- Installing: /home/qingyu/turtlebot3_ws_my/install/turtlebot3_gazebo/share/turtlebot3_gazebo//launch/turtlebot3_house.launch.py
[8.263s] -- Installing: /home/qingyu/turtlebot3_ws_my/install/turtlebot3_gazebo/share/turtlebot3_gazebo//launch/turtlebot3_dqn_stage3.launch.py
[8.263s] -- Installing: /home/qingyu/turtlebot3_ws_my/install/turtlebot3_gazebo/share/turtlebot3_gazebo//launch/turtlebot3_dqn_stage1.launch.py
[8.263s] -- Installing: /home/qingyu/turtlebot3_ws_my/install/turtlebot3_gazebo/share/turtlebot3_gazebo//launch/spawn_turtlebot3.launch.py
[8.263s] -- Installing: /home/qingyu/turtlebot3_ws_my/install/turtlebot3_gazebo/share/turtlebot3_gazebo//launch/turtlebot3_world.launch.py
[8.263s] -- Installing: /home/qingyu/turtlebot3_ws_my/install/turtlebot3_gazebo/share/turtlebot3_gazebo//launch/turtlebot3_dqn_stage2.launch.py
[8.263s] -- Installing: /home/qingyu/turtlebot3_ws_my/install/turtlebot3_gazebo/share/turtlebot3_gazebo//models
[8.263s] -- Installing: /home/qingyu/turtlebot3_ws_my/install/turtlebot3_gazebo/share/turtlebot3_gazebo//models/turtlebot3_common
[8.263s] -- Installing: /home/qingyu/turtlebot3_ws_my/install/turtlebot3_gazebo/share/turtlebot3_gazebo//models/turtlebot3_common/meshes
[8.263s] -- Installing: /home/qingyu/turtlebot3_ws_my/install/turtlebot3_gazebo/share/turtlebot3_gazebo//models/turtlebot3_common/meshes/lds.dae
[8.263s] -- Installing: /home/qingyu/turtlebot3_ws_my/install/turtlebot3_gazebo/share/turtlebot3_gazebo//models/turtlebot3_common/meshes/waffle_base.dae
[8.263s] -- Installing: /home/qingyu/turtlebot3_ws_my/install/turtlebot3_gazebo/share/turtlebot3_gazebo//models/turtlebot3_common/meshes/tire.dae
[8.263s] -- Installing: /home/qingyu/turtlebot3_ws_my/install/turtlebot3_gazebo/share/turtlebot3_gazebo//models/turtlebot3_common/meshes/r200.dae
[8.264s] -- Installing: /home/qingyu/turtlebot3_ws_my/install/turtlebot3_gazebo/share/turtlebot3_gazebo//models/turtlebot3_common/meshes/waffle_pi_base.dae
[8.264s] -- Installing: /home/qingyu/turtlebot3_ws_my/install/turtlebot3_gazebo/share/turtlebot3_gazebo//models/turtlebot3_common/meshes/burger_base.dae
[8.264s] -- Installing: /home/qingyu/turtlebot3_ws_my/install/turtlebot3_gazebo/share/turtlebot3_gazebo//models/turtlebot3_common/model.config
[8.264s] -- Installing: /home/qingyu/turtlebot3_ws_my/install/turtlebot3_gazebo/share/turtlebot3_gazebo//models/turtlebot3_dqn_world
[8.264s] -- Installing: /home/qingyu/turtlebot3_ws_my/install/turtlebot3_gazebo/share/turtlebot3_gazebo//models/turtlebot3_dqn_world/obstacle1
[8.264s] -- Installing: /home/qingyu/turtlebot3_ws_my/install/turtlebot3_gazebo/share/turtlebot3_gazebo//models/turtlebot3_dqn_world/obstacle1/model.sdf
[8.264s] -- Installing: /home/qingyu/turtlebot3_ws_my/install/turtlebot3_gazebo/share/turtlebot3_gazebo//models/turtlebot3_dqn_world/obstacle1/model.config
[8.264s] -- Installing: /home/qingyu/turtlebot3_ws_my/install/turtlebot3_gazebo/share/turtlebot3_gazebo//models/turtlebot3_dqn_world/obstacle_plugin
[8.264s] -- Installing: /home/qingyu/turtlebot3_ws_my/install/turtlebot3_gazebo/share/turtlebot3_gazebo//models/turtlebot3_dqn_world/obstacle_plugin/obstacles.cc
[8.264s] -- Installing: /home/qingyu/turtlebot3_ws_my/install/turtlebot3_gazebo/share/turtlebot3_gazebo//models/turtlebot3_dqn_world/obstacle_plugin/obstacle2.cc
[8.264s] -- Installing: /home/qingyu/turtlebot3_ws_my/install/turtlebot3_gazebo/share/turtlebot3_gazebo//models/turtlebot3_dqn_world/obstacle_plugin/obstacle1.cc
[8.264s] -- Installing: /home/qingyu/turtlebot3_ws_my/install/turtlebot3_gazebo/share/turtlebot3_gazebo//models/turtlebot3_dqn_world/obstacle_plugin/CMakeLists.txt
[8.264s] -- Installing: /home/qingyu/turtlebot3_ws_my/install/turtlebot3_gazebo/share/turtlebot3_gazebo//models/turtlebot3_dqn_world/model.sdf
[8.264s] -- Installing: /home/qingyu/turtlebot3_ws_my/install/turtlebot3_gazebo/share/turtlebot3_gazebo//models/turtlebot3_dqn_world/inner_walls
[8.265s] -- Installing: /home/qingyu/turtlebot3_ws_my/install/turtlebot3_gazebo/share/turtlebot3_gazebo//models/turtlebot3_dqn_world/inner_walls/model.sdf
[8.265s] -- Installing: /home/qingyu/turtlebot3_ws_my/install/turtlebot3_gazebo/share/turtlebot3_gazebo//models/turtlebot3_dqn_world/inner_walls/model.config
[8.265s] -- Installing: /home/qingyu/turtlebot3_ws_my/install/turtlebot3_gazebo/share/turtlebot3_gazebo//models/turtlebot3_dqn_world/goal_box
[8.265s] -- Installing: /home/qingyu/turtlebot3_ws_my/install/turtlebot3_gazebo/share/turtlebot3_gazebo//models/turtlebot3_dqn_world/goal_box/model.sdf
[8.265s] -- Installing: /home/qingyu/turtlebot3_ws_my/install/turtlebot3_gazebo/share/turtlebot3_gazebo//models/turtlebot3_dqn_world/goal_box/model.config
[8.265s] -- Installing: /home/qingyu/turtlebot3_ws_my/install/turtlebot3_gazebo/share/turtlebot3_gazebo//models/turtlebot3_dqn_world/model.config
[8.265s] -- Installing: /home/qingyu/turtlebot3_ws_my/install/turtlebot3_gazebo/share/turtlebot3_gazebo//models/turtlebot3_dqn_world/obstacles
[8.265s] -- Installing: /home/qingyu/turtlebot3_ws_my/install/turtlebot3_gazebo/share/turtlebot3_gazebo//models/turtlebot3_dqn_world/obstacles/model.sdf
[8.265s] -- Installing: /home/qingyu/turtlebot3_ws_my/install/turtlebot3_gazebo/share/turtlebot3_gazebo//models/turtlebot3_dqn_world/obstacles/model.config
[8.265s] -- Installing: /home/qingyu/turtlebot3_ws_my/install/turtlebot3_gazebo/share/turtlebot3_gazebo//models/turtlebot3_dqn_world/obstacle2
[8.265s] -- Installing: /home/qingyu/turtlebot3_ws_my/install/turtlebot3_gazebo/share/turtlebot3_gazebo//models/turtlebot3_dqn_world/obstacle2/model.sdf
[8.265s] -- Installing: /home/qingyu/turtlebot3_ws_my/install/turtlebot3_gazebo/share/turtlebot3_gazebo//models/turtlebot3_dqn_world/obstacle2/model.config
[8.265s] -- Installing: /home/qingyu/turtlebot3_ws_my/install/turtlebot3_gazebo/share/turtlebot3_gazebo//models/turtlebot3_waffle
[8.265s] -- Installing: /home/qingyu/turtlebot3_ws_my/install/turtlebot3_gazebo/share/turtlebot3_gazebo//models/turtlebot3_waffle/model-1_4.sdf
[8.265s] -- Installing: /home/qingyu/turtlebot3_ws_my/install/turtlebot3_gazebo/share/turtlebot3_gazebo//models/turtlebot3_waffle/model.sdf
[8.265s] -- Installing: /home/qingyu/turtlebot3_ws_my/install/turtlebot3_gazebo/share/turtlebot3_gazebo//models/turtlebot3_waffle/model.config
[8.265s] -- Installing: /home/qingyu/turtlebot3_ws_my/install/turtlebot3_gazebo/share/turtlebot3_gazebo//models/RMUL2024_world
[8.265s] -- Installing: /home/qingyu/turtlebot3_ws_my/install/turtlebot3_gazebo/share/turtlebot3_gazebo//models/RMUL2024_world/meshes
[8.265s] -- Installing: /home/qingyu/turtlebot3_ws_my/install/turtlebot3_gazebo/share/turtlebot3_gazebo//models/RMUL2024_world/meshes/RMUL_2024.stl
[8.274s] -- Installing: /home/qingyu/turtlebot3_ws_my/install/turtlebot3_gazebo/share/turtlebot3_gazebo//models/RMUL2024_world/model.sdf
[8.274s] -- Installing: /home/qingyu/turtlebot3_ws_my/install/turtlebot3_gazebo/share/turtlebot3_gazebo//models/RMUL2024_world/model.config
[8.274s] -- Installing: /home/qingyu/turtlebot3_ws_my/install/turtlebot3_gazebo/share/turtlebot3_gazebo//models/RMUL2024_world/model copy.sdf
[8.274s] -- Installing: /home/qingyu/turtlebot3_ws_my/install/turtlebot3_gazebo/share/turtlebot3_gazebo//models/turtlebot3_world
[8.274s] -- Installing: /home/qingyu/turtlebot3_ws_my/install/turtlebot3_gazebo/share/turtlebot3_gazebo//models/turtlebot3_world/meshes
[8.274s] -- Installing: /home/qingyu/turtlebot3_ws_my/install/turtlebot3_gazebo/share/turtlebot3_gazebo//models/turtlebot3_world/meshes/wall.dae
[8.274s] -- Installing: /home/qingyu/turtlebot3_ws_my/install/turtlebot3_gazebo/share/turtlebot3_gazebo//models/turtlebot3_world/meshes/hexagon.dae
[8.274s] -- Installing: /home/qingyu/turtlebot3_ws_my/install/turtlebot3_gazebo/share/turtlebot3_gazebo//models/turtlebot3_world/model-1_4.sdf
[8.274s] -- Installing: /home/qingyu/turtlebot3_ws_my/install/turtlebot3_gazebo/share/turtlebot3_gazebo//models/turtlebot3_world/model.sdf
[8.274s] -- Installing: /home/qingyu/turtlebot3_ws_my/install/turtlebot3_gazebo/share/turtlebot3_gazebo//models/turtlebot3_world/model.config
[8.274s] -- Installing: /home/qingyu/turtlebot3_ws_my/install/turtlebot3_gazebo/share/turtlebot3_gazebo//models/turtlebot3_house
[8.274s] -- Installing: /home/qingyu/turtlebot3_ws_my/install/turtlebot3_gazebo/share/turtlebot3_gazebo//models/turtlebot3_house/model.sdf
[8.274s] -- Installing: /home/qingyu/turtlebot3_ws_my/install/turtlebot3_gazebo/share/turtlebot3_gazebo//models/turtlebot3_house/model.config
[8.274s] -- Installing: /home/qingyu/turtlebot3_ws_my/install/turtlebot3_gazebo/share/turtlebot3_gazebo//models/obstacles
[8.274s] -- Installing: /home/qingyu/turtlebot3_ws_my/install/turtlebot3_gazebo/share/turtlebot3_gazebo//models/obstacles/obstacle6
[8.274s] -- Installing: /home/qingyu/turtlebot3_ws_my/install/turtlebot3_gazebo/share/turtlebot3_gazebo//models/obstacles/obstacle6/model.sdf
[8.274s] -- Installing: /home/qingyu/turtlebot3_ws_my/install/turtlebot3_gazebo/share/turtlebot3_gazebo//models/obstacles/obstacle6/model.config
[8.275s] -- Installing: /home/qingyu/turtlebot3_ws_my/install/turtlebot3_gazebo/share/turtlebot3_gazebo//models/obstacles/obstacle1
[8.275s] -- Installing: /home/qingyu/turtlebot3_ws_my/install/turtlebot3_gazebo/share/turtlebot3_gazebo//models/obstacles/obstacle1/model.sdf
[8.275s] -- Installing: /home/qingyu/turtlebot3_ws_my/install/turtlebot3_gazebo/share/turtlebot3_gazebo//models/obstacles/obstacle1/model.config
[8.275s] -- Installing: /home/qingyu/turtlebot3_ws_my/install/turtlebot3_gazebo/share/turtlebot3_gazebo//models/obstacles/obstacle_plugin
[8.275s] -- Installing: /home/qingyu/turtlebot3_ws_my/install/turtlebot3_gazebo/share/turtlebot3_gazebo//models/obstacles/obstacle_plugin/obstacle13.cc
[8.275s] -- Installing: /home/qingyu/turtlebot3_ws_my/install/turtlebot3_gazebo/share/turtlebot3_gazebo//models/obstacles/obstacle_plugin/obstacle7.cc
[8.275s] -- Installing: /home/qingyu/turtlebot3_ws_my/install/turtlebot3_gazebo/share/turtlebot3_gazebo//models/obstacles/obstacle_plugin/lib
[8.275s] -- Installing: /home/qingyu/turtlebot3_ws_my/install/turtlebot3_gazebo/share/turtlebot3_gazebo//models/obstacles/obstacle_plugin/lib/libobstacle4.so
[8.275s] -- Installing: /home/qingyu/turtlebot3_ws_my/install/turtlebot3_gazebo/share/turtlebot3_gazebo//models/obstacles/obstacle_plugin/lib/libobstacle12.so
[8.275s] -- Installing: /home/qingyu/turtlebot3_ws_my/install/turtlebot3_gazebo/share/turtlebot3_gazebo//models/obstacles/obstacle_plugin/lib/libobstacles.so
[8.276s] -- Installing: /home/qingyu/turtlebot3_ws_my/install/turtlebot3_gazebo/share/turtlebot3_gazebo//models/obstacles/obstacle_plugin/lib/libobstacle3.so
[8.276s] -- Installing: /home/qingyu/turtlebot3_ws_my/install/turtlebot3_gazebo/share/turtlebot3_gazebo//models/obstacles/obstacle_plugin/lib/libobstacle1.so
[8.277s] -- Installing: /home/qingyu/turtlebot3_ws_my/install/turtlebot3_gazebo/share/turtlebot3_gazebo//models/obstacles/obstacle_plugin/lib/libobstacle10.so
[8.277s] -- Installing: /home/qingyu/turtlebot3_ws_my/install/turtlebot3_gazebo/share/turtlebot3_gazebo//models/obstacles/obstacle_plugin/lib/libobstacle7.so
[8.278s] -- Installing: /home/qingyu/turtlebot3_ws_my/install/turtlebot3_gazebo/share/turtlebot3_gazebo//models/obstacles/obstacle_plugin/lib/libobstacle6.so
[8.278s] -- Installing: /home/qingyu/turtlebot3_ws_my/install/turtlebot3_gazebo/share/turtlebot3_gazebo//models/obstacles/obstacle_plugin/lib/libobstacle8.so
[8.279s] -- Installing: /home/qingyu/turtlebot3_ws_my/install/turtlebot3_gazebo/share/turtlebot3_gazebo//models/obstacles/obstacle_plugin/lib/libobstacle2.so
[8.279s] -- Installing: /home/qingyu/turtlebot3_ws_my/install/turtlebot3_gazebo/share/turtlebot3_gazebo//models/obstacles/obstacle_plugin/lib/libobstacle9.so
[8.280s] -- Installing: /home/qingyu/turtlebot3_ws_my/install/turtlebot3_gazebo/share/turtlebot3_gazebo//models/obstacles/obstacle_plugin/lib/libobstacle11.so
[8.280s] -- Installing: /home/qingyu/turtlebot3_ws_my/install/turtlebot3_gazebo/share/turtlebot3_gazebo//models/obstacles/obstacle_plugin/lib/libobstacle5.so
[8.280s] -- Installing: /home/qingyu/turtlebot3_ws_my/install/turtlebot3_gazebo/share/turtlebot3_gazebo//models/obstacles/obstacle_plugin/obstacle10.cc
[8.280s] -- Installing: /home/qingyu/turtlebot3_ws_my/install/turtlebot3_gazebo/share/turtlebot3_gazebo//models/obstacles/obstacle_plugin/obstacles.cc
[8.281s] -- Installing: /home/qingyu/turtlebot3_ws_my/install/turtlebot3_gazebo/share/turtlebot3_gazebo//models/obstacles/obstacle_plugin/obstacle4.cc
[8.281s] -- Installing: /home/qingyu/turtlebot3_ws_my/install/turtlebot3_gazebo/share/turtlebot3_gazebo//models/obstacles/obstacle_plugin/obstacle9.cc
[8.281s] -- Installing: /home/qingyu/turtlebot3_ws_my/install/turtlebot3_gazebo/share/turtlebot3_gazebo//models/obstacles/obstacle_plugin/obstacle11.cc
[8.281s] -- Installing: /home/qingyu/turtlebot3_ws_my/install/turtlebot3_gazebo/share/turtlebot3_gazebo//models/obstacles/obstacle_plugin/obstacle3.cc
[8.281s] -- Installing: /home/qingyu/turtlebot3_ws_my/install/turtlebot3_gazebo/share/turtlebot3_gazebo//models/obstacles/obstacle_plugin/obstacle6.cc
[8.281s] -- Installing: /home/qingyu/turtlebot3_ws_my/install/turtlebot3_gazebo/share/turtlebot3_gazebo//models/obstacles/obstacle_plugin/obstacle5.cc
[8.281s] -- Installing: /home/qingyu/turtlebot3_ws_my/install/turtlebot3_gazebo/share/turtlebot3_gazebo//models/obstacles/obstacle_plugin/obstacle8.cc
[8.281s] -- Installing: /home/qingyu/turtlebot3_ws_my/install/turtlebot3_gazebo/share/turtlebot3_gazebo//models/obstacles/obstacle_plugin/obstacle2.cc
[8.281s] -- Installing: /home/qingyu/turtlebot3_ws_my/install/turtlebot3_gazebo/share/turtlebot3_gazebo//models/obstacles/obstacle_plugin/obstacle1.cc
[8.281s] -- Installing: /home/qingyu/turtlebot3_ws_my/install/turtlebot3_gazebo/share/turtlebot3_gazebo//models/obstacles/obstacle_plugin/CMakeLists.txt
[8.281s] -- Installing: /home/qingyu/turtlebot3_ws_my/install/turtlebot3_gazebo/share/turtlebot3_gazebo//models/obstacles/obstacle_plugin/obstacle12.cc
[8.281s] -- Installing: /home/qingyu/turtlebot3_ws_my/install/turtlebot3_gazebo/share/turtlebot3_gazebo//models/obstacles/obstacle11
[8.281s] -- Installing: /home/qingyu/turtlebot3_ws_my/install/turtlebot3_gazebo/share/turtlebot3_gazebo//models/obstacles/obstacle11/model.sdf
[8.281s] -- Installing: /home/qingyu/turtlebot3_ws_my/install/turtlebot3_gazebo/share/turtlebot3_gazebo//models/obstacles/obstacle11/model.config
[8.281s] -- Installing: /home/qingyu/turtlebot3_ws_my/install/turtlebot3_gazebo/share/turtlebot3_gazebo//models/obstacles/obstacle12
[8.281s] -- Installing: /home/qingyu/turtlebot3_ws_my/install/turtlebot3_gazebo/share/turtlebot3_gazebo//models/obstacles/obstacle12/model.sdf
[8.281s] -- Installing: /home/qingyu/turtlebot3_ws_my/install/turtlebot3_gazebo/share/turtlebot3_gazebo//models/obstacles/obstacle12/model.config
[8.281s] -- Installing: /home/qingyu/turtlebot3_ws_my/install/turtlebot3_gazebo/share/turtlebot3_gazebo//models/obstacles/obstacle7
[8.281s] -- Installing: /home/qingyu/turtlebot3_ws_my/install/turtlebot3_gazebo/share/turtlebot3_gazebo//models/obstacles/obstacle7/model.sdf
[8.281s] -- Installing: /home/qingyu/turtlebot3_ws_my/install/turtlebot3_gazebo/share/turtlebot3_gazebo//models/obstacles/obstacle7/model.config
[8.281s] -- Installing: /home/qingyu/turtlebot3_ws_my/install/turtlebot3_gazebo/share/turtlebot3_gazebo//models/obstacles/obstacle9
[8.281s] -- Installing: /home/qingyu/turtlebot3_ws_my/install/turtlebot3_gazebo/share/turtlebot3_gazebo//models/obstacles/obstacle9/model.sdf
[8.281s] -- Installing: /home/qingyu/turtlebot3_ws_my/install/turtlebot3_gazebo/share/turtlebot3_gazebo//models/obstacles/obstacle9/model.config
[8.281s] -- Installing: /home/qingyu/turtlebot3_ws_my/install/turtlebot3_gazebo/share/turtlebot3_gazebo//models/obstacles/obstacle5
[8.281s] -- Installing: /home/qingyu/turtlebot3_ws_my/install/turtlebot3_gazebo/share/turtlebot3_gazebo//models/obstacles/obstacle5/model.sdf
[8.281s] -- Installing: /home/qingyu/turtlebot3_ws_my/install/turtlebot3_gazebo/share/turtlebot3_gazebo//models/obstacles/obstacle5/model.config
[8.281s] -- Installing: /home/qingyu/turtlebot3_ws_my/install/turtlebot3_gazebo/share/turtlebot3_gazebo//models/obstacles/obstacle8
[8.281s] -- Installing: /home/qingyu/turtlebot3_ws_my/install/turtlebot3_gazebo/share/turtlebot3_gazebo//models/obstacles/obstacle8/model.sdf
[8.281s] -- Installing: /home/qingyu/turtlebot3_ws_my/install/turtlebot3_gazebo/share/turtlebot3_gazebo//models/obstacles/obstacle8/model.config
[8.281s] -- Installing: /home/qingyu/turtlebot3_ws_my/install/turtlebot3_gazebo/share/turtlebot3_gazebo//models/obstacles/obstacle10
[8.281s] -- Installing: /home/qingyu/turtlebot3_ws_my/install/turtlebot3_gazebo/share/turtlebot3_gazebo//models/obstacles/obstacle10/model.sdf
[8.281s] -- Installing: /home/qingyu/turtlebot3_ws_my/install/turtlebot3_gazebo/share/turtlebot3_gazebo//models/obstacles/obstacle10/model.config
[8.282s] -- Installing: /home/qingyu/turtlebot3_ws_my/install/turtlebot3_gazebo/share/turtlebot3_gazebo//models/obstacles/obstacle3
[8.282s] -- Installing: /home/qingyu/turtlebot3_ws_my/install/turtlebot3_gazebo/share/turtlebot3_gazebo//models/obstacles/obstacle3/model.sdf
[8.282s] -- Installing: /home/qingyu/turtlebot3_ws_my/install/turtlebot3_gazebo/share/turtlebot3_gazebo//models/obstacles/obstacle3/model.config
[8.282s] -- Installing: /home/qingyu/turtlebot3_ws_my/install/turtlebot3_gazebo/share/turtlebot3_gazebo//models/obstacles/obstacle2
[8.282s] -- Installing: /home/qingyu/turtlebot3_ws_my/install/turtlebot3_gazebo/share/turtlebot3_gazebo//models/obstacles/obstacle2/model.sdf
[8.282s] -- Installing: /home/qingyu/turtlebot3_ws_my/install/turtlebot3_gazebo/share/turtlebot3_gazebo//models/obstacles/obstacle2/model.config
[8.282s] -- Installing: /home/qingyu/turtlebot3_ws_my/install/turtlebot3_gazebo/share/turtlebot3_gazebo//models/obstacles/obstacle4
[8.282s] -- Installing: /home/qingyu/turtlebot3_ws_my/install/turtlebot3_gazebo/share/turtlebot3_gazebo//models/obstacles/obstacle4/model.sdf
[8.282s] -- Installing: /home/qingyu/turtlebot3_ws_my/install/turtlebot3_gazebo/share/turtlebot3_gazebo//models/obstacles/obstacle4/model.config
[8.282s] -- Installing: /home/qingyu/turtlebot3_ws_my/install/turtlebot3_gazebo/share/turtlebot3_gazebo//models/turtlebot3_waffle_pi
[8.282s] -- Installing: /home/qingyu/turtlebot3_ws_my/install/turtlebot3_gazebo/share/turtlebot3_gazebo//models/turtlebot3_waffle_pi/model-1_4_.sdf
[8.282s] -- Installing: /home/qingyu/turtlebot3_ws_my/install/turtlebot3_gazebo/share/turtlebot3_gazebo//models/turtlebot3_waffle_pi/model.sdf
[8.282s] -- Installing: /home/qingyu/turtlebot3_ws_my/install/turtlebot3_gazebo/share/turtlebot3_gazebo//models/turtlebot3_waffle_pi/model.config
[8.282s] -- Installing: /home/qingyu/turtlebot3_ws_my/install/turtlebot3_gazebo/share/turtlebot3_gazebo//models/turtlebot3_burger
[8.282s] -- Installing: /home/qingyu/turtlebot3_ws_my/install/turtlebot3_gazebo/share/turtlebot3_gazebo//models/turtlebot3_burger/model-1_4.sdf
[8.282s] -- Installing: /home/qingyu/turtlebot3_ws_my/install/turtlebot3_gazebo/share/turtlebot3_gazebo//models/turtlebot3_burger/model.sdf
[8.282s] -- Installing: /home/qingyu/turtlebot3_ws_my/install/turtlebot3_gazebo/share/turtlebot3_gazebo//models/turtlebot3_burger/model.config
[8.282s] -- Installing: /home/qingyu/turtlebot3_ws_my/install/turtlebot3_gazebo/share/turtlebot3_gazebo//rviz
[8.282s] -- Installing: /home/qingyu/turtlebot3_ws_my/install/turtlebot3_gazebo/share/turtlebot3_gazebo//rviz/tb3_gazebo.rviz
[8.282s] -- Installing: /home/qingyu/turtlebot3_ws_my/install/turtlebot3_gazebo/share/turtlebot3_gazebo//urdf
[8.282s] -- Installing: /home/qingyu/turtlebot3_ws_my/install/turtlebot3_gazebo/share/turtlebot3_gazebo//urdf/common_properties.urdf
[8.282s] -- Installing: /home/qingyu/turtlebot3_ws_my/install/turtlebot3_gazebo/share/turtlebot3_gazebo//urdf/turtlebot3_waffle_pi.urdf
[8.282s] -- Installing: /home/qingyu/turtlebot3_ws_my/install/turtlebot3_gazebo/share/turtlebot3_gazebo//urdf/turtlebot3_waffle.urdf
[8.282s] -- Installing: /home/qingyu/turtlebot3_ws_my/install/turtlebot3_gazebo/share/turtlebot3_gazebo//urdf/turtlebot3_burger.urdf
[8.282s] -- Installing: /home/qingyu/turtlebot3_ws_my/install/turtlebot3_gazebo/share/turtlebot3_gazebo//worlds
[8.282s] -- Installing: /home/qingyu/turtlebot3_ws_my/install/turtlebot3_gazebo/share/turtlebot3_gazebo//worlds/turtlebot3_house.world
[8.282s] -- Installing: /home/qingyu/turtlebot3_ws_my/install/turtlebot3_gazebo/share/turtlebot3_gazebo//worlds/world1.world
[8.282s] -- Installing: /home/qingyu/turtlebot3_ws_my/install/turtlebot3_gazebo/share/turtlebot3_gazebo//worlds/RMUL2024_world_dynamic_obstacles.world
[8.282s] -- Installing: /home/qingyu/turtlebot3_ws_my/install/turtlebot3_gazebo/share/turtlebot3_gazebo//worlds/turtlebot3_dqn_stage4.world
[8.282s] -- Installing: /home/qingyu/turtlebot3_ws_my/install/turtlebot3_gazebo/share/turtlebot3_gazebo//worlds/turtlebot3_dqn_stage1.world
[8.282s] -- Installing: /home/qingyu/turtlebot3_ws_my/install/turtlebot3_gazebo/share/turtlebot3_gazebo//worlds/RMUL2024_world_dynamic_obstacles_regin.world
[8.282s] -- Installing: /home/qingyu/turtlebot3_ws_my/install/turtlebot3_gazebo/share/turtlebot3_gazebo//worlds/turtlebot3_world.world
[8.282s] -- Installing: /home/qingyu/turtlebot3_ws_my/install/turtlebot3_gazebo/share/turtlebot3_gazebo//worlds/turtlebot3_dqn_stage2.world
[8.282s] -- Installing: /home/qingyu/turtlebot3_ws_my/install/turtlebot3_gazebo/share/turtlebot3_gazebo//worlds/turtlebot3_dqn_stage3.world
[8.282s] -- Installing: /home/qingyu/turtlebot3_ws_my/install/turtlebot3_gazebo/share/turtlebot3_gazebo//worlds/empty_world.world
[8.282s] -- Installing: /home/qingyu/turtlebot3_ws_my/install/turtlebot3_gazebo/include/
[8.282s] -- Installing: /home/qingyu/turtlebot3_ws_my/install/turtlebot3_gazebo/include//turtlebot3_gazebo
[8.282s] -- Installing: /home/qingyu/turtlebot3_ws_my/install/turtlebot3_gazebo/include//turtlebot3_gazebo/turtlebot3_drive.hpp
[8.282s] -- Installing: /home/qingyu/turtlebot3_ws_my/install/turtlebot3_gazebo/share/ament_index/resource_index/package_run_dependencies/turtlebot3_gazebo
[8.282s] -- Installing: /home/qingyu/turtlebot3_ws_my/install/turtlebot3_gazebo/share/ament_index/resource_index/parent_prefix_path/turtlebot3_gazebo
[8.282s] -- Installing: /home/qingyu/turtlebot3_ws_my/install/turtlebot3_gazebo/share/turtlebot3_gazebo/environment/ament_prefix_path.sh
[8.282s] -- Installing: /home/qingyu/turtlebot3_ws_my/install/turtlebot3_gazebo/share/turtlebot3_gazebo/environment/ament_prefix_path.dsv
[8.282s] -- Installing: /home/qingyu/turtlebot3_ws_my/install/turtlebot3_gazebo/share/turtlebot3_gazebo/environment/path.sh
[8.283s] -- Installing: /home/qingyu/turtlebot3_ws_my/install/turtlebot3_gazebo/share/turtlebot3_gazebo/environment/path.dsv
[8.283s] -- Installing: /home/qingyu/turtlebot3_ws_my/install/turtlebot3_gazebo/share/turtlebot3_gazebo/local_setup.bash
[8.283s] -- Installing: /home/qingyu/turtlebot3_ws_my/install/turtlebot3_gazebo/share/turtlebot3_gazebo/local_setup.sh
[8.283s] -- Installing: /home/qingyu/turtlebot3_ws_my/install/turtlebot3_gazebo/share/turtlebot3_gazebo/local_setup.zsh
[8.283s] -- Installing: /home/qingyu/turtlebot3_ws_my/install/turtlebot3_gazebo/share/turtlebot3_gazebo/local_setup.dsv
[8.283s] -- Installing: /home/qingyu/turtlebot3_ws_my/install/turtlebot3_gazebo/share/turtlebot3_gazebo/package.dsv
[8.283s] -- Installing: /home/qingyu/turtlebot3_ws_my/install/turtlebot3_gazebo/share/ament_index/resource_index/packages/turtlebot3_gazebo
[8.283s] -- Installing: /home/qingyu/turtlebot3_ws_my/install/turtlebot3_gazebo/share/turtlebot3_gazebo/cmake/ament_cmake_export_include_directories-extras.cmake
[8.283s] -- Installing: /home/qingyu/turtlebot3_ws_my/install/turtlebot3_gazebo/share/turtlebot3_gazebo/cmake/ament_cmake_export_dependencies-extras.cmake
[8.283s] -- Installing: /home/qingyu/turtlebot3_ws_my/install/turtlebot3_gazebo/share/turtlebot3_gazebo/cmake/turtlebot3_gazeboConfig.cmake
[8.283s] -- Installing: /home/qingyu/turtlebot3_ws_my/install/turtlebot3_gazebo/share/turtlebot3_gazebo/cmake/turtlebot3_gazeboConfig-version.cmake
[8.283s] -- Installing: /home/qingyu/turtlebot3_ws_my/install/turtlebot3_gazebo/share/turtlebot3_gazebo/package.xml
[8.284s] Invoked command in '/home/qingyu/turtlebot3_ws_my/build/turtlebot3_gazebo' returned '0': CMAKE_PREFIX_PATH=${CMAKE_PREFIX_PATH}:/home/qingyu/turtlebot3_ws_my/install/nav_test:/home/qingyu/turtlebot3_ws_my/install/turtlebot3_teleop:/home/qingyu/turtlebot3_ws_my/install/turtlebot3_example:/opt/ros/humble /usr/bin/cmake --install /home/qingyu/turtlebot3_ws_my/build/turtlebot3_gazebo
