[0.016s] Invoking command in '/home/qingyu/turtlebot3_ws_my/build/turtlebot3_description': CMAKE_PREFIX_PATH=${CMAKE_PREFIX_PATH}:/home/qingyu/turtlebot3_ws_my/install/nav_test:/home/qingyu/turtlebot3_ws_my/install/turtlebot3_teleop:/home/qingyu/turtlebot3_ws_my/install/turtlebot3_example:/opt/ros/humble /usr/bin/cmake /home/qingyu/turtlebot3_ws_my/src/turtlebot3/turtlebot3_description -DCMAKE_INSTALL_PREFIX=/home/qingyu/turtlebot3_ws_my/install/turtlebot3_description
[0.144s] -- The C compiler identification is GNU 11.4.0
[0.144s] -- The CXX compiler identification is GNU 11.4.0
[0.144s] -- Detecting C compiler ABI info
[0.144s] -- Detecting C compiler ABI info - done
[0.144s] -- Check for working C compiler: /usr/bin/cc - skipped
[0.144s] -- Detecting C compile features
[0.144s] -- Detecting C compile features - done
[0.144s] -- Detecting CXX compiler ABI info
[0.168s] -- Detecting CXX compiler ABI info - done
[0.172s] -- Check for working CXX compiler: /usr/bin/c++ - skipped
[0.172s] -- Detecting CXX compile features
[0.173s] -- Detecting CXX compile features - done
[0.174s] -- Found ament_cmake: 1.3.11 (/opt/ros/humble/share/ament_cmake/cmake)
[0.255s] -- Found Python3: /usr/bin/python3 (found version "3.10.12") found components: Interpreter 
[0.299s] -- Found urdf: 2.6.1 (/opt/ros/humble/share/urdf/cmake)
[0.377s] -- Configuring done
[0.379s] -- Generating done
[0.380s] -- Build files have been written to: /home/qingyu/turtlebot3_ws_my/build/turtlebot3_description
[0.385s] Invoked command in '/home/qingyu/turtlebot3_ws_my/build/turtlebot3_description' returned '0': CMAKE_PREFIX_PATH=${CMAKE_PREFIX_PATH}:/home/qingyu/turtlebot3_ws_my/install/nav_test:/home/qingyu/turtlebot3_ws_my/install/turtlebot3_teleop:/home/qingyu/turtlebot3_ws_my/install/turtlebot3_example:/opt/ros/humble /usr/bin/cmake /home/qingyu/turtlebot3_ws_my/src/turtlebot3/turtlebot3_description -DCMAKE_INSTALL_PREFIX=/home/qingyu/turtlebot3_ws_my/install/turtlebot3_description
[0.386s] Invoking command in '/home/qingyu/turtlebot3_ws_my/build/turtlebot3_description': CMAKE_PREFIX_PATH=${CMAKE_PREFIX_PATH}:/home/qingyu/turtlebot3_ws_my/install/nav_test:/home/qingyu/turtlebot3_ws_my/install/turtlebot3_teleop:/home/qingyu/turtlebot3_ws_my/install/turtlebot3_example:/opt/ros/humble /usr/bin/cmake --build /home/qingyu/turtlebot3_ws_my/build/turtlebot3_description -- -j32 -l32
[0.424s] Invoked command in '/home/qingyu/turtlebot3_ws_my/build/turtlebot3_description' returned '0': CMAKE_PREFIX_PATH=${CMAKE_PREFIX_PATH}:/home/qingyu/turtlebot3_ws_my/install/nav_test:/home/qingyu/turtlebot3_ws_my/install/turtlebot3_teleop:/home/qingyu/turtlebot3_ws_my/install/turtlebot3_example:/opt/ros/humble /usr/bin/cmake --build /home/qingyu/turtlebot3_ws_my/build/turtlebot3_description -- -j32 -l32
[0.425s] Invoking command in '/home/qingyu/turtlebot3_ws_my/build/turtlebot3_description': CMAKE_PREFIX_PATH=${CMAKE_PREFIX_PATH}:/home/qingyu/turtlebot3_ws_my/install/nav_test:/home/qingyu/turtlebot3_ws_my/install/turtlebot3_teleop:/home/qingyu/turtlebot3_ws_my/install/turtlebot3_example:/opt/ros/humble /usr/bin/cmake --install /home/qingyu/turtlebot3_ws_my/build/turtlebot3_description
[0.431s] -- Install configuration: ""
[0.431s] -- Installing: /home/qingyu/turtlebot3_ws_my/install/turtlebot3_description/share/turtlebot3_description/meshes
[0.431s] -- Installing: /home/qingyu/turtlebot3_ws_my/install/turtlebot3_description/share/turtlebot3_description/meshes/bases
[0.431s] -- Installing: /home/qingyu/turtlebot3_ws_my/install/turtlebot3_description/share/turtlebot3_description/meshes/bases/waffle_pi_base.stl
[0.436s] -- Installing: /home/qingyu/turtlebot3_ws_my/install/turtlebot3_description/share/turtlebot3_description/meshes/bases/burger_base.stl
[0.438s] -- Installing: /home/qingyu/turtlebot3_ws_my/install/turtlebot3_description/share/turtlebot3_description/meshes/bases/waffle_base.stl
[0.445s] -- Installing: /home/qingyu/turtlebot3_ws_my/install/turtlebot3_description/share/turtlebot3_description/meshes/wheels
[0.445s] -- Installing: /home/qingyu/turtlebot3_ws_my/install/turtlebot3_description/share/turtlebot3_description/meshes/wheels/right_tire.stl
[0.445s] -- Installing: /home/qingyu/turtlebot3_ws_my/install/turtlebot3_description/share/turtlebot3_description/meshes/wheels/left_tire.stl
[0.446s] -- Installing: /home/qingyu/turtlebot3_ws_my/install/turtlebot3_description/share/turtlebot3_description/meshes/sensors
[0.446s] -- Installing: /home/qingyu/turtlebot3_ws_my/install/turtlebot3_description/share/turtlebot3_description/meshes/sensors/lds.stl
[0.446s] -- Installing: /home/qingyu/turtlebot3_ws_my/install/turtlebot3_description/share/turtlebot3_description/meshes/sensors/astra.dae
[0.451s] -- Installing: /home/qingyu/turtlebot3_ws_my/install/turtlebot3_description/share/turtlebot3_description/meshes/sensors/r200.dae
[0.451s] -- Installing: /home/qingyu/turtlebot3_ws_my/install/turtlebot3_description/share/turtlebot3_description/meshes/sensors/r200.jpg
[0.451s] -- Installing: /home/qingyu/turtlebot3_ws_my/install/turtlebot3_description/share/turtlebot3_description/meshes/sensors/astra.jpg
[0.451s] -- Installing: /home/qingyu/turtlebot3_ws_my/install/turtlebot3_description/share/turtlebot3_description/rviz
[0.451s] -- Installing: /home/qingyu/turtlebot3_ws_my/install/turtlebot3_description/share/turtlebot3_description/rviz/model.rviz
[0.451s] -- Installing: /home/qingyu/turtlebot3_ws_my/install/turtlebot3_description/share/turtlebot3_description/urdf
[0.451s] -- Installing: /home/qingyu/turtlebot3_ws_my/install/turtlebot3_description/share/turtlebot3_description/urdf/common_properties.urdf
[0.451s] -- Installing: /home/qingyu/turtlebot3_ws_my/install/turtlebot3_description/share/turtlebot3_description/urdf/turtlebot3_waffle_pi.urdf
[0.451s] -- Installing: /home/qingyu/turtlebot3_ws_my/install/turtlebot3_description/share/turtlebot3_description/urdf/turtlebot3_waffle.urdf
[0.451s] -- Installing: /home/qingyu/turtlebot3_ws_my/install/turtlebot3_description/share/turtlebot3_description/urdf/turtlebot3_burger.urdf
[0.451s] -- Installing: /home/qingyu/turtlebot3_ws_my/install/turtlebot3_description/share/ament_index/resource_index/package_run_dependencies/turtlebot3_description
[0.451s] -- Installing: /home/qingyu/turtlebot3_ws_my/install/turtlebot3_description/share/ament_index/resource_index/parent_prefix_path/turtlebot3_description
[0.451s] -- Installing: /home/qingyu/turtlebot3_ws_my/install/turtlebot3_description/share/turtlebot3_description/environment/ament_prefix_path.sh
[0.452s] -- Installing: /home/qingyu/turtlebot3_ws_my/install/turtlebot3_description/share/turtlebot3_description/environment/ament_prefix_path.dsv
[0.452s] -- Installing: /home/qingyu/turtlebot3_ws_my/install/turtlebot3_description/share/turtlebot3_description/environment/path.sh
[0.452s] -- Installing: /home/qingyu/turtlebot3_ws_my/install/turtlebot3_description/share/turtlebot3_description/environment/path.dsv
[0.452s] -- Installing: /home/qingyu/turtlebot3_ws_my/install/turtlebot3_description/share/turtlebot3_description/local_setup.bash
[0.452s] -- Installing: /home/qingyu/turtlebot3_ws_my/install/turtlebot3_description/share/turtlebot3_description/local_setup.sh
[0.452s] -- Installing: /home/qingyu/turtlebot3_ws_my/install/turtlebot3_description/share/turtlebot3_description/local_setup.zsh
[0.452s] -- Installing: /home/qingyu/turtlebot3_ws_my/install/turtlebot3_description/share/turtlebot3_description/local_setup.dsv
[0.452s] -- Installing: /home/qingyu/turtlebot3_ws_my/install/turtlebot3_description/share/turtlebot3_description/package.dsv
[0.452s] -- Installing: /home/qingyu/turtlebot3_ws_my/install/turtlebot3_description/share/ament_index/resource_index/packages/turtlebot3_description
[0.452s] -- Installing: /home/qingyu/turtlebot3_ws_my/install/turtlebot3_description/share/turtlebot3_description/cmake/turtlebot3_descriptionConfig.cmake
[0.452s] -- Installing: /home/qingyu/turtlebot3_ws_my/install/turtlebot3_description/share/turtlebot3_description/cmake/turtlebot3_descriptionConfig-version.cmake
[0.452s] -- Installing: /home/qingyu/turtlebot3_ws_my/install/turtlebot3_description/share/turtlebot3_description/package.xml
[0.453s] Invoked command in '/home/qingyu/turtlebot3_ws_my/build/turtlebot3_description' returned '0': CMAKE_PREFIX_PATH=${CMAKE_PREFIX_PATH}:/home/qingyu/turtlebot3_ws_my/install/nav_test:/home/qingyu/turtlebot3_ws_my/install/turtlebot3_teleop:/home/qingyu/turtlebot3_ws_my/install/turtlebot3_example:/opt/ros/humble /usr/bin/cmake --install /home/qingyu/turtlebot3_ws_my/build/turtlebot3_description
