[0.007s] Invoking command in '/home/qingyu/turtlebot3_ws_my/build/turtlebot3_bringup': CMAKE_PREFIX_PATH=/home/qingyu/turtlebot3_ws_my/install/turtlebot3_node:/home/qingyu/turtlebot3_ws_my/install/turtlebot3_msgs:/home/qingyu/turtlebot3_ws_my/install/turtlebot3_description:/home/qingyu/turtlebot3_ws_my/install/dynamixel_sdk:/home/qingyu/turtlebot3_ws_my/install/turtlebot3:/home/qingyu/turtlebot3_ws_my/install/turtlebot3_simulations:/home/qingyu/turtlebot3_ws_my/install/turtlebot3_bringup:/home/qingyu/turtlebot3_ws_my/install/turtlebot3_navigation2:/home/qingyu/turtlebot3_ws_my/install/turtlebot3_fake_node:/home/qingyu/turtlebot3_ws_my/install/turtlebot3_gazebo:/home/qingyu/turtlebot3_ws_my/install/turtlebot3_cartographer:/home/qingyu/turtlebot3_ws_my/install/dynamixel_sdk_examples:/home/qingyu/turtlebot3_ws_my/install/dynamixel_sdk_custom_interfaces:/home/qingyu/coSense/install/cobridge:/home/qingyu/turtlebot3_ws_my/install/nav_test:/home/qingyu/turtlebot3_ws_my/install/turtlebot3_teleop:/home/qingyu/turtlebot3_ws_my/install/turtlebot3_example:/opt/ros/humble LD_LIBRARY_PATH=/home/qingyu/turtlebot3_ws_my/install/turtlebot3_msgs/lib:/home/qingyu/turtlebot3_ws_my/install/dynamixel_sdk/lib:/home/qingyu/turtlebot3_ws_my/install/dynamixel_sdk_custom_interfaces/lib:/home/qingyu/coSense/install/cobridge/lib:/usr/lib/x86_64-linux-gnu/gazebo-11/plugins:/opt/ros/humble/opt/rviz_ogre_vendor/lib:/opt/ros/humble/lib/x86_64-linux-gnu:/opt/ros/humble/opt/openvdb_vendor/lib:/opt/ros/humble/lib /usr/bin/cmake /home/qingyu/turtlebot3_ws_my/src/turtlebot3/turtlebot3_bringup -DCMAKE_INSTALL_PREFIX=/home/qingyu/turtlebot3_ws_my/install/turtlebot3_bringup
[0.038s] -- The C compiler identification is GNU 11.4.0
[0.064s] -- The CXX compiler identification is GNU 11.4.0
[0.068s] -- Detecting C compiler ABI info
[0.106s] -- Detecting C compiler ABI info - done
[0.110s] -- Check for working C compiler: /usr/bin/cc - skipped
[0.110s] -- Detecting C compile features
[0.111s] -- Detecting C compile features - done
[0.112s] -- Detecting CXX compiler ABI info
[0.156s] -- Detecting CXX compiler ABI info - done
[0.159s] -- Check for working CXX compiler: /usr/bin/c++ - skipped
[0.159s] -- Detecting CXX compile features
[0.159s] -- Detecting CXX compile features - done
[0.161s] -- Found ament_cmake: 1.3.11 (/opt/ros/humble/share/ament_cmake/cmake)
[0.245s] -- Found Python3: /usr/bin/python3 (found version "3.10.12") found components: Interpreter 
[0.324s] -- Configuring done
[0.325s] -- Generating done
[0.325s] -- Build files have been written to: /home/qingyu/turtlebot3_ws_my/build/turtlebot3_bringup
[0.327s] Invoked command in '/home/qingyu/turtlebot3_ws_my/build/turtlebot3_bringup' returned '0': CMAKE_PREFIX_PATH=/home/qingyu/turtlebot3_ws_my/install/turtlebot3_node:/home/qingyu/turtlebot3_ws_my/install/turtlebot3_msgs:/home/qingyu/turtlebot3_ws_my/install/turtlebot3_description:/home/qingyu/turtlebot3_ws_my/install/dynamixel_sdk:/home/qingyu/turtlebot3_ws_my/install/turtlebot3:/home/qingyu/turtlebot3_ws_my/install/turtlebot3_simulations:/home/qingyu/turtlebot3_ws_my/install/turtlebot3_bringup:/home/qingyu/turtlebot3_ws_my/install/turtlebot3_navigation2:/home/qingyu/turtlebot3_ws_my/install/turtlebot3_fake_node:/home/qingyu/turtlebot3_ws_my/install/turtlebot3_gazebo:/home/qingyu/turtlebot3_ws_my/install/turtlebot3_cartographer:/home/qingyu/turtlebot3_ws_my/install/dynamixel_sdk_examples:/home/qingyu/turtlebot3_ws_my/install/dynamixel_sdk_custom_interfaces:/home/qingyu/coSense/install/cobridge:/home/qingyu/turtlebot3_ws_my/install/nav_test:/home/qingyu/turtlebot3_ws_my/install/turtlebot3_teleop:/home/qingyu/turtlebot3_ws_my/install/turtlebot3_example:/opt/ros/humble LD_LIBRARY_PATH=/home/qingyu/turtlebot3_ws_my/install/turtlebot3_msgs/lib:/home/qingyu/turtlebot3_ws_my/install/dynamixel_sdk/lib:/home/qingyu/turtlebot3_ws_my/install/dynamixel_sdk_custom_interfaces/lib:/home/qingyu/coSense/install/cobridge/lib:/usr/lib/x86_64-linux-gnu/gazebo-11/plugins:/opt/ros/humble/opt/rviz_ogre_vendor/lib:/opt/ros/humble/lib/x86_64-linux-gnu:/opt/ros/humble/opt/openvdb_vendor/lib:/opt/ros/humble/lib /usr/bin/cmake /home/qingyu/turtlebot3_ws_my/src/turtlebot3/turtlebot3_bringup -DCMAKE_INSTALL_PREFIX=/home/qingyu/turtlebot3_ws_my/install/turtlebot3_bringup
[0.328s] Invoking command in '/home/qingyu/turtlebot3_ws_my/build/turtlebot3_bringup': CMAKE_PREFIX_PATH=/home/qingyu/turtlebot3_ws_my/install/turtlebot3_node:/home/qingyu/turtlebot3_ws_my/install/turtlebot3_msgs:/home/qingyu/turtlebot3_ws_my/install/turtlebot3_description:/home/qingyu/turtlebot3_ws_my/install/dynamixel_sdk:/home/qingyu/turtlebot3_ws_my/install/turtlebot3:/home/qingyu/turtlebot3_ws_my/install/turtlebot3_simulations:/home/qingyu/turtlebot3_ws_my/install/turtlebot3_bringup:/home/qingyu/turtlebot3_ws_my/install/turtlebot3_navigation2:/home/qingyu/turtlebot3_ws_my/install/turtlebot3_fake_node:/home/qingyu/turtlebot3_ws_my/install/turtlebot3_gazebo:/home/qingyu/turtlebot3_ws_my/install/turtlebot3_cartographer:/home/qingyu/turtlebot3_ws_my/install/dynamixel_sdk_examples:/home/qingyu/turtlebot3_ws_my/install/dynamixel_sdk_custom_interfaces:/home/qingyu/coSense/install/cobridge:/home/qingyu/turtlebot3_ws_my/install/nav_test:/home/qingyu/turtlebot3_ws_my/install/turtlebot3_teleop:/home/qingyu/turtlebot3_ws_my/install/turtlebot3_example:/opt/ros/humble LD_LIBRARY_PATH=/home/qingyu/turtlebot3_ws_my/install/turtlebot3_msgs/lib:/home/qingyu/turtlebot3_ws_my/install/dynamixel_sdk/lib:/home/qingyu/turtlebot3_ws_my/install/dynamixel_sdk_custom_interfaces/lib:/home/qingyu/coSense/install/cobridge/lib:/usr/lib/x86_64-linux-gnu/gazebo-11/plugins:/opt/ros/humble/opt/rviz_ogre_vendor/lib:/opt/ros/humble/lib/x86_64-linux-gnu:/opt/ros/humble/opt/openvdb_vendor/lib:/opt/ros/humble/lib /usr/bin/cmake --build /home/qingyu/turtlebot3_ws_my/build/turtlebot3_bringup -- -j32 -l32
[0.353s] Invoked command in '/home/qingyu/turtlebot3_ws_my/build/turtlebot3_bringup' returned '0': CMAKE_PREFIX_PATH=/home/qingyu/turtlebot3_ws_my/install/turtlebot3_node:/home/qingyu/turtlebot3_ws_my/install/turtlebot3_msgs:/home/qingyu/turtlebot3_ws_my/install/turtlebot3_description:/home/qingyu/turtlebot3_ws_my/install/dynamixel_sdk:/home/qingyu/turtlebot3_ws_my/install/turtlebot3:/home/qingyu/turtlebot3_ws_my/install/turtlebot3_simulations:/home/qingyu/turtlebot3_ws_my/install/turtlebot3_bringup:/home/qingyu/turtlebot3_ws_my/install/turtlebot3_navigation2:/home/qingyu/turtlebot3_ws_my/install/turtlebot3_fake_node:/home/qingyu/turtlebot3_ws_my/install/turtlebot3_gazebo:/home/qingyu/turtlebot3_ws_my/install/turtlebot3_cartographer:/home/qingyu/turtlebot3_ws_my/install/dynamixel_sdk_examples:/home/qingyu/turtlebot3_ws_my/install/dynamixel_sdk_custom_interfaces:/home/qingyu/coSense/install/cobridge:/home/qingyu/turtlebot3_ws_my/install/nav_test:/home/qingyu/turtlebot3_ws_my/install/turtlebot3_teleop:/home/qingyu/turtlebot3_ws_my/install/turtlebot3_example:/opt/ros/humble LD_LIBRARY_PATH=/home/qingyu/turtlebot3_ws_my/install/turtlebot3_msgs/lib:/home/qingyu/turtlebot3_ws_my/install/dynamixel_sdk/lib:/home/qingyu/turtlebot3_ws_my/install/dynamixel_sdk_custom_interfaces/lib:/home/qingyu/coSense/install/cobridge/lib:/usr/lib/x86_64-linux-gnu/gazebo-11/plugins:/opt/ros/humble/opt/rviz_ogre_vendor/lib:/opt/ros/humble/lib/x86_64-linux-gnu:/opt/ros/humble/opt/openvdb_vendor/lib:/opt/ros/humble/lib /usr/bin/cmake --build /home/qingyu/turtlebot3_ws_my/build/turtlebot3_bringup -- -j32 -l32
[0.353s] Invoking command in '/home/qingyu/turtlebot3_ws_my/build/turtlebot3_bringup': CMAKE_PREFIX_PATH=/home/qingyu/turtlebot3_ws_my/install/turtlebot3_node:/home/qingyu/turtlebot3_ws_my/install/turtlebot3_msgs:/home/qingyu/turtlebot3_ws_my/install/turtlebot3_description:/home/qingyu/turtlebot3_ws_my/install/dynamixel_sdk:/home/qingyu/turtlebot3_ws_my/install/turtlebot3:/home/qingyu/turtlebot3_ws_my/install/turtlebot3_simulations:/home/qingyu/turtlebot3_ws_my/install/turtlebot3_bringup:/home/qingyu/turtlebot3_ws_my/install/turtlebot3_navigation2:/home/qingyu/turtlebot3_ws_my/install/turtlebot3_fake_node:/home/qingyu/turtlebot3_ws_my/install/turtlebot3_gazebo:/home/qingyu/turtlebot3_ws_my/install/turtlebot3_cartographer:/home/qingyu/turtlebot3_ws_my/install/dynamixel_sdk_examples:/home/qingyu/turtlebot3_ws_my/install/dynamixel_sdk_custom_interfaces:/home/qingyu/coSense/install/cobridge:/home/qingyu/turtlebot3_ws_my/install/nav_test:/home/qingyu/turtlebot3_ws_my/install/turtlebot3_teleop:/home/qingyu/turtlebot3_ws_my/install/turtlebot3_example:/opt/ros/humble LD_LIBRARY_PATH=/home/qingyu/turtlebot3_ws_my/install/turtlebot3_msgs/lib:/home/qingyu/turtlebot3_ws_my/install/dynamixel_sdk/lib:/home/qingyu/turtlebot3_ws_my/install/dynamixel_sdk_custom_interfaces/lib:/home/qingyu/coSense/install/cobridge/lib:/usr/lib/x86_64-linux-gnu/gazebo-11/plugins:/opt/ros/humble/opt/rviz_ogre_vendor/lib:/opt/ros/humble/lib/x86_64-linux-gnu:/opt/ros/humble/opt/openvdb_vendor/lib:/opt/ros/humble/lib /usr/bin/cmake --install /home/qingyu/turtlebot3_ws_my/build/turtlebot3_bringup
[0.358s] -- Install configuration: ""
[0.358s] -- Installing: /home/qingyu/turtlebot3_ws_my/install/turtlebot3_bringup/share/turtlebot3_bringup/launch
[0.358s] -- Installing: /home/qingyu/turtlebot3_ws_my/install/turtlebot3_bringup/share/turtlebot3_bringup/launch/rviz2.launch.py
[0.358s] -- Installing: /home/qingyu/turtlebot3_ws_my/install/turtlebot3_bringup/share/turtlebot3_bringup/launch/robot.launch.py
[0.358s] -- Installing: /home/qingyu/turtlebot3_ws_my/install/turtlebot3_bringup/share/turtlebot3_bringup/launch/turtlebot3_state_publisher.launch.py
[0.358s] -- Installing: /home/qingyu/turtlebot3_ws_my/install/turtlebot3_bringup/share/turtlebot3_bringup/param
[0.358s] -- Installing: /home/qingyu/turtlebot3_ws_my/install/turtlebot3_bringup/share/turtlebot3_bringup/param/waffle.yaml
[0.358s] -- Installing: /home/qingyu/turtlebot3_ws_my/install/turtlebot3_bringup/share/turtlebot3_bringup/param/waffle_pi.yaml
[0.358s] -- Installing: /home/qingyu/turtlebot3_ws_my/install/turtlebot3_bringup/share/turtlebot3_bringup/param/burger.yaml
[0.358s] -- Installing: /home/qingyu/turtlebot3_ws_my/install/turtlebot3_bringup/share/turtlebot3_bringup/script
[0.358s] -- Installing: /home/qingyu/turtlebot3_ws_my/install/turtlebot3_bringup/share/turtlebot3_bringup/script/99-turtlebot3-cdc.rules
[0.359s] -- Installing: /home/qingyu/turtlebot3_ws_my/install/turtlebot3_bringup/share/turtlebot3_bringup/script/create_udev_rules
[0.359s] -- Installing: /home/qingyu/turtlebot3_ws_my/install/turtlebot3_bringup/share/ament_index/resource_index/package_run_dependencies/turtlebot3_bringup
[0.359s] -- Installing: /home/qingyu/turtlebot3_ws_my/install/turtlebot3_bringup/share/ament_index/resource_index/parent_prefix_path/turtlebot3_bringup
[0.359s] -- Installing: /home/qingyu/turtlebot3_ws_my/install/turtlebot3_bringup/share/turtlebot3_bringup/environment/ament_prefix_path.sh
[0.359s] -- Installing: /home/qingyu/turtlebot3_ws_my/install/turtlebot3_bringup/share/turtlebot3_bringup/environment/ament_prefix_path.dsv
[0.359s] -- Installing: /home/qingyu/turtlebot3_ws_my/install/turtlebot3_bringup/share/turtlebot3_bringup/environment/path.sh
[0.359s] -- Installing: /home/qingyu/turtlebot3_ws_my/install/turtlebot3_bringup/share/turtlebot3_bringup/environment/path.dsv
[0.359s] -- Installing: /home/qingyu/turtlebot3_ws_my/install/turtlebot3_bringup/share/turtlebot3_bringup/local_setup.bash
[0.359s] -- Installing: /home/qingyu/turtlebot3_ws_my/install/turtlebot3_bringup/share/turtlebot3_bringup/local_setup.sh
[0.359s] -- Installing: /home/qingyu/turtlebot3_ws_my/install/turtlebot3_bringup/share/turtlebot3_bringup/local_setup.zsh
[0.359s] -- Installing: /home/qingyu/turtlebot3_ws_my/install/turtlebot3_bringup/share/turtlebot3_bringup/local_setup.dsv
[0.359s] -- Installing: /home/qingyu/turtlebot3_ws_my/install/turtlebot3_bringup/share/turtlebot3_bringup/package.dsv
[0.359s] -- Installing: /home/qingyu/turtlebot3_ws_my/install/turtlebot3_bringup/share/ament_index/resource_index/packages/turtlebot3_bringup
[0.359s] -- Installing: /home/qingyu/turtlebot3_ws_my/install/turtlebot3_bringup/share/turtlebot3_bringup/cmake/turtlebot3_bringupConfig.cmake
[0.359s] -- Installing: /home/qingyu/turtlebot3_ws_my/install/turtlebot3_bringup/share/turtlebot3_bringup/cmake/turtlebot3_bringupConfig-version.cmake
[0.359s] -- Installing: /home/qingyu/turtlebot3_ws_my/install/turtlebot3_bringup/share/turtlebot3_bringup/package.xml
[0.360s] Invoked command in '/home/qingyu/turtlebot3_ws_my/build/turtlebot3_bringup' returned '0': CMAKE_PREFIX_PATH=/home/qingyu/turtlebot3_ws_my/install/turtlebot3_node:/home/qingyu/turtlebot3_ws_my/install/turtlebot3_msgs:/home/qingyu/turtlebot3_ws_my/install/turtlebot3_description:/home/qingyu/turtlebot3_ws_my/install/dynamixel_sdk:/home/qingyu/turtlebot3_ws_my/install/turtlebot3:/home/qingyu/turtlebot3_ws_my/install/turtlebot3_simulations:/home/qingyu/turtlebot3_ws_my/install/turtlebot3_bringup:/home/qingyu/turtlebot3_ws_my/install/turtlebot3_navigation2:/home/qingyu/turtlebot3_ws_my/install/turtlebot3_fake_node:/home/qingyu/turtlebot3_ws_my/install/turtlebot3_gazebo:/home/qingyu/turtlebot3_ws_my/install/turtlebot3_cartographer:/home/qingyu/turtlebot3_ws_my/install/dynamixel_sdk_examples:/home/qingyu/turtlebot3_ws_my/install/dynamixel_sdk_custom_interfaces:/home/qingyu/coSense/install/cobridge:/home/qingyu/turtlebot3_ws_my/install/nav_test:/home/qingyu/turtlebot3_ws_my/install/turtlebot3_teleop:/home/qingyu/turtlebot3_ws_my/install/turtlebot3_example:/opt/ros/humble LD_LIBRARY_PATH=/home/qingyu/turtlebot3_ws_my/install/turtlebot3_msgs/lib:/home/qingyu/turtlebot3_ws_my/install/dynamixel_sdk/lib:/home/qingyu/turtlebot3_ws_my/install/dynamixel_sdk_custom_interfaces/lib:/home/qingyu/coSense/install/cobridge/lib:/usr/lib/x86_64-linux-gnu/gazebo-11/plugins:/opt/ros/humble/opt/rviz_ogre_vendor/lib:/opt/ros/humble/lib/x86_64-linux-gnu:/opt/ros/humble/opt/openvdb_vendor/lib:/opt/ros/humble/lib /usr/bin/cmake --install /home/qingyu/turtlebot3_ws_my/build/turtlebot3_bringup
