[0.016s] Invoking command in '/home/qingyu/turtlebot3_ws_my/build/dynamixel_sdk': CMAKE_PREFIX_PATH=${CMAKE_PREFIX_PATH}:/home/qingyu/turtlebot3_ws_my/install/nav_test:/home/qingyu/turtlebot3_ws_my/install/turtlebot3_teleop:/home/qingyu/turtlebot3_ws_my/install/turtlebot3_example:/opt/ros/humble /usr/bin/cmake /home/qingyu/turtlebot3_ws_my/src/DynamixelSDK/dynamixel_sdk -DCMAKE_INSTALL_PREFIX=/home/qingyu/turtlebot3_ws_my/install/dynamixel_sdk
[0.144s] -- The C compiler identification is GNU 11.4.0
[0.144s] -- The CXX compiler identification is GNU 11.4.0
[0.144s] -- Detecting C compiler ABI info
[0.144s] -- Detecting C compiler ABI info - done
[0.145s] -- Check for working C compiler: /usr/bin/cc - skipped
[0.145s] -- Detecting C compile features
[0.145s] -- Detecting C compile features - done
[0.146s] -- Detecting CXX compiler ABI info
[0.179s] -- Detecting CXX compiler ABI info - done
[0.184s] -- Check for working CXX compiler: /usr/bin/c++ - skipped
[0.185s] -- Detecting CXX compile features
[0.185s] -- Detecting CXX compile features - done
[0.187s] -- Found ament_cmake: 1.3.11 (/opt/ros/humble/share/ament_cmake/cmake)
[0.265s] -- Found Python3: /usr/bin/python3 (found version "3.10.12") found components: Interpreter 
[0.365s] -- Configuring done
[0.368s] -- Generating done
[0.370s] -- Build files have been written to: /home/qingyu/turtlebot3_ws_my/build/dynamixel_sdk
[0.374s] Invoked command in '/home/qingyu/turtlebot3_ws_my/build/dynamixel_sdk' returned '0': CMAKE_PREFIX_PATH=${CMAKE_PREFIX_PATH}:/home/qingyu/turtlebot3_ws_my/install/nav_test:/home/qingyu/turtlebot3_ws_my/install/turtlebot3_teleop:/home/qingyu/turtlebot3_ws_my/install/turtlebot3_example:/opt/ros/humble /usr/bin/cmake /home/qingyu/turtlebot3_ws_my/src/DynamixelSDK/dynamixel_sdk -DCMAKE_INSTALL_PREFIX=/home/qingyu/turtlebot3_ws_my/install/dynamixel_sdk
[0.375s] Invoking command in '/home/qingyu/turtlebot3_ws_my/build/dynamixel_sdk': CMAKE_PREFIX_PATH=${CMAKE_PREFIX_PATH}:/home/qingyu/turtlebot3_ws_my/install/nav_test:/home/qingyu/turtlebot3_ws_my/install/turtlebot3_teleop:/home/qingyu/turtlebot3_ws_my/install/turtlebot3_example:/opt/ros/humble /usr/bin/cmake --build /home/qingyu/turtlebot3_ws_my/build/dynamixel_sdk -- -j32 -l32
[0.407s] [ 30%] [32mBuilding CXX object CMakeFiles/dynamixel_sdk.dir/src/dynamixel_sdk/group_sync_write.cpp.o[0m
[0.407s] [ 30%] [32mBuilding CXX object CMakeFiles/dynamixel_sdk.dir/src/dynamixel_sdk/group_sync_read.cpp.o[0m
[0.407s] [ 40%] [32mBuilding CXX object CMakeFiles/dynamixel_sdk.dir/src/dynamixel_sdk/group_bulk_write.cpp.o[0m
[0.407s] [ 30%] [32mBuilding CXX object CMakeFiles/dynamixel_sdk.dir/src/dynamixel_sdk/group_bulk_read.cpp.o[0m
[0.407s] [ 50%] [32mBuilding CXX object CMakeFiles/dynamixel_sdk.dir/src/dynamixel_sdk/port_handler.cpp.o[0m
[0.408s] [ 60%] [32mBuilding CXX object CMakeFiles/dynamixel_sdk.dir/src/dynamixel_sdk/packet_handler.cpp.o[0m
[0.408s] [ 70%] [32mBuilding CXX object CMakeFiles/dynamixel_sdk.dir/src/dynamixel_sdk/protocol1_packet_handler.cpp.o[0m
[0.408s] [ 80%] [32mBuilding CXX object CMakeFiles/dynamixel_sdk.dir/src/dynamixel_sdk/protocol2_packet_handler.cpp.o[0m
[0.409s] [ 90%] [32mBuilding CXX object CMakeFiles/dynamixel_sdk.dir/src/dynamixel_sdk/port_handler_linux.cpp.o[0m
[0.685s] [100%] [32m[1mLinking CXX shared library libdynamixel_sdk.so[0m
[0.730s] [100%] Built target dynamixel_sdk
[0.737s] Invoked command in '/home/qingyu/turtlebot3_ws_my/build/dynamixel_sdk' returned '0': CMAKE_PREFIX_PATH=${CMAKE_PREFIX_PATH}:/home/qingyu/turtlebot3_ws_my/install/nav_test:/home/qingyu/turtlebot3_ws_my/install/turtlebot3_teleop:/home/qingyu/turtlebot3_ws_my/install/turtlebot3_example:/opt/ros/humble /usr/bin/cmake --build /home/qingyu/turtlebot3_ws_my/build/dynamixel_sdk -- -j32 -l32
[0.738s] Invoking command in '/home/qingyu/turtlebot3_ws_my/build/dynamixel_sdk': CMAKE_PREFIX_PATH=${CMAKE_PREFIX_PATH}:/home/qingyu/turtlebot3_ws_my/install/nav_test:/home/qingyu/turtlebot3_ws_my/install/turtlebot3_teleop:/home/qingyu/turtlebot3_ws_my/install/turtlebot3_example:/opt/ros/humble /usr/bin/cmake --install /home/qingyu/turtlebot3_ws_my/build/dynamixel_sdk
[0.742s] -- Install configuration: ""
[0.742s] -- Installing: /home/qingyu/turtlebot3_ws_my/install/dynamixel_sdk/include/
[0.742s] -- Installing: /home/qingyu/turtlebot3_ws_my/install/dynamixel_sdk/include//dynamixel_sdk
[0.742s] -- Installing: /home/qingyu/turtlebot3_ws_my/install/dynamixel_sdk/include//dynamixel_sdk/port_handler_mac.h
[0.742s] -- Installing: /home/qingyu/turtlebot3_ws_my/install/dynamixel_sdk/include//dynamixel_sdk/protocol2_packet_handler.h
[0.742s] -- Installing: /home/qingyu/turtlebot3_ws_my/install/dynamixel_sdk/include//dynamixel_sdk/port_handler_linux.h
[0.742s] -- Installing: /home/qingyu/turtlebot3_ws_my/install/dynamixel_sdk/include//dynamixel_sdk/port_handler_arduino.h
[0.742s] -- Installing: /home/qingyu/turtlebot3_ws_my/install/dynamixel_sdk/include//dynamixel_sdk/dynamixel_sdk.h
[0.742s] -- Installing: /home/qingyu/turtlebot3_ws_my/install/dynamixel_sdk/include//dynamixel_sdk/protocol1_packet_handler.h
[0.743s] -- Installing: /home/qingyu/turtlebot3_ws_my/install/dynamixel_sdk/include//dynamixel_sdk/group_sync_write.h
[0.743s] -- Installing: /home/qingyu/turtlebot3_ws_my/install/dynamixel_sdk/include//dynamixel_sdk/packet_handler.h
[0.743s] -- Installing: /home/qingyu/turtlebot3_ws_my/install/dynamixel_sdk/include//dynamixel_sdk/port_handler.h
[0.743s] -- Installing: /home/qingyu/turtlebot3_ws_my/install/dynamixel_sdk/include//dynamixel_sdk/group_sync_read.h
[0.743s] -- Installing: /home/qingyu/turtlebot3_ws_my/install/dynamixel_sdk/include//dynamixel_sdk/group_bulk_read.h
[0.743s] -- Installing: /home/qingyu/turtlebot3_ws_my/install/dynamixel_sdk/include//dynamixel_sdk/port_handler_windows.h
[0.743s] -- Installing: /home/qingyu/turtlebot3_ws_my/install/dynamixel_sdk/include//dynamixel_sdk/group_bulk_write.h
[0.743s] -- Installing: /home/qingyu/turtlebot3_ws_my/install/dynamixel_sdk/lib/libdynamixel_sdk.so
[0.743s] -- Installing: /home/qingyu/turtlebot3_ws_my/install/dynamixel_sdk/share/dynamixel_sdk/environment/library_path.sh
[0.743s] -- Installing: /home/qingyu/turtlebot3_ws_my/install/dynamixel_sdk/share/dynamixel_sdk/environment/library_path.dsv
[0.743s] -- Installing: /home/qingyu/turtlebot3_ws_my/install/dynamixel_sdk/share/ament_index/resource_index/package_run_dependencies/dynamixel_sdk
[0.743s] -- Installing: /home/qingyu/turtlebot3_ws_my/install/dynamixel_sdk/share/ament_index/resource_index/parent_prefix_path/dynamixel_sdk
[0.743s] -- Installing: /home/qingyu/turtlebot3_ws_my/install/dynamixel_sdk/share/dynamixel_sdk/environment/ament_prefix_path.sh
[0.743s] -- Installing: /home/qingyu/turtlebot3_ws_my/install/dynamixel_sdk/share/dynamixel_sdk/environment/ament_prefix_path.dsv
[0.743s] -- Installing: /home/qingyu/turtlebot3_ws_my/install/dynamixel_sdk/share/dynamixel_sdk/environment/path.sh
[0.743s] -- Installing: /home/qingyu/turtlebot3_ws_my/install/dynamixel_sdk/share/dynamixel_sdk/environment/path.dsv
[0.743s] -- Installing: /home/qingyu/turtlebot3_ws_my/install/dynamixel_sdk/share/dynamixel_sdk/local_setup.bash
[0.743s] -- Installing: /home/qingyu/turtlebot3_ws_my/install/dynamixel_sdk/share/dynamixel_sdk/local_setup.sh
[0.744s] -- Installing: /home/qingyu/turtlebot3_ws_my/install/dynamixel_sdk/share/dynamixel_sdk/local_setup.zsh
[0.744s] -- Installing: /home/qingyu/turtlebot3_ws_my/install/dynamixel_sdk/share/dynamixel_sdk/local_setup.dsv
[0.744s] -- Installing: /home/qingyu/turtlebot3_ws_my/install/dynamixel_sdk/share/dynamixel_sdk/package.dsv
[0.744s] -- Installing: /home/qingyu/turtlebot3_ws_my/install/dynamixel_sdk/share/ament_index/resource_index/packages/dynamixel_sdk
[0.744s] -- Installing: /home/qingyu/turtlebot3_ws_my/install/dynamixel_sdk/share/dynamixel_sdk/cmake/ament_cmake_export_include_directories-extras.cmake
[0.744s] -- Installing: /home/qingyu/turtlebot3_ws_my/install/dynamixel_sdk/share/dynamixel_sdk/cmake/ament_cmake_export_libraries-extras.cmake
[0.744s] -- Installing: /home/qingyu/turtlebot3_ws_my/install/dynamixel_sdk/share/dynamixel_sdk/cmake/dynamixel_sdkConfig.cmake
[0.744s] -- Installing: /home/qingyu/turtlebot3_ws_my/install/dynamixel_sdk/share/dynamixel_sdk/cmake/dynamixel_sdkConfig-version.cmake
[0.744s] -- Installing: /home/qingyu/turtlebot3_ws_my/install/dynamixel_sdk/share/dynamixel_sdk/package.xml
[0.745s] Invoked command in '/home/qingyu/turtlebot3_ws_my/build/dynamixel_sdk' returned '0': CMAKE_PREFIX_PATH=${CMAKE_PREFIX_PATH}:/home/qingyu/turtlebot3_ws_my/install/nav_test:/home/qingyu/turtlebot3_ws_my/install/turtlebot3_teleop:/home/qingyu/turtlebot3_ws_my/install/turtlebot3_example:/opt/ros/humble /usr/bin/cmake --install /home/qingyu/turtlebot3_ws_my/build/dynamixel_sdk
