[0.013s] Invoking command in '/home/qingyu/turtlebot3_ws_my/build/turtlebot3_navigation2': CMAKE_PREFIX_PATH=${CMAKE_PREFIX_PATH}:/home/qingyu/turtlebot3_ws_my/install/nav_test:/home/qingyu/turtlebot3_ws_my/install/turtlebot3_teleop:/home/qingyu/turtlebot3_ws_my/install/turtlebot3_example:/opt/ros/humble /usr/bin/cmake /home/qingyu/turtlebot3_ws_my/src/turtlebot3/turtlebot3_navigation2 -DCMAKE_INSTALL_PREFIX=/home/qingyu/turtlebot3_ws_my/install/turtlebot3_navigation2
[0.140s] -- The C compiler identification is GNU 11.4.0
[0.140s] -- The CXX compiler identification is GNU 11.4.0
[0.140s] -- Detecting C compiler ABI info
[0.140s] -- Detecting C compiler ABI info - done
[0.140s] -- Check for working C compiler: /usr/bin/cc - skipped
[0.140s] -- Detecting C compile features
[0.140s] -- Detecting C compile features - done
[0.140s] -- Detecting CXX compiler ABI info
[0.166s] -- Detecting CXX compiler ABI info - done
[0.170s] -- Check for working CXX compiler: /usr/bin/c++ - skipped
[0.170s] -- Detecting CXX compile features
[0.170s] -- Detecting CXX compile features - done
[0.171s] -- Found ament_cmake: 1.3.11 (/opt/ros/humble/share/ament_cmake/cmake)
[0.255s] -- Found Python3: /usr/bin/python3 (found version "3.10.12") found components: Interpreter 
[0.357s] -- Configuring done
[0.359s] -- Generating done
[0.360s] -- Build files have been written to: /home/qingyu/turtlebot3_ws_my/build/turtlebot3_navigation2
[0.364s] Invoked command in '/home/qingyu/turtlebot3_ws_my/build/turtlebot3_navigation2' returned '0': CMAKE_PREFIX_PATH=${CMAKE_PREFIX_PATH}:/home/qingyu/turtlebot3_ws_my/install/nav_test:/home/qingyu/turtlebot3_ws_my/install/turtlebot3_teleop:/home/qingyu/turtlebot3_ws_my/install/turtlebot3_example:/opt/ros/humble /usr/bin/cmake /home/qingyu/turtlebot3_ws_my/src/turtlebot3/turtlebot3_navigation2 -DCMAKE_INSTALL_PREFIX=/home/qingyu/turtlebot3_ws_my/install/turtlebot3_navigation2
[0.365s] Invoking command in '/home/qingyu/turtlebot3_ws_my/build/turtlebot3_navigation2': CMAKE_PREFIX_PATH=${CMAKE_PREFIX_PATH}:/home/qingyu/turtlebot3_ws_my/install/nav_test:/home/qingyu/turtlebot3_ws_my/install/turtlebot3_teleop:/home/qingyu/turtlebot3_ws_my/install/turtlebot3_example:/opt/ros/humble /usr/bin/cmake --build /home/qingyu/turtlebot3_ws_my/build/turtlebot3_navigation2 -- -j32 -l32
[0.388s] Invoked command in '/home/qingyu/turtlebot3_ws_my/build/turtlebot3_navigation2' returned '0': CMAKE_PREFIX_PATH=${CMAKE_PREFIX_PATH}:/home/qingyu/turtlebot3_ws_my/install/nav_test:/home/qingyu/turtlebot3_ws_my/install/turtlebot3_teleop:/home/qingyu/turtlebot3_ws_my/install/turtlebot3_example:/opt/ros/humble /usr/bin/cmake --build /home/qingyu/turtlebot3_ws_my/build/turtlebot3_navigation2 -- -j32 -l32
[0.394s] Invoking command in '/home/qingyu/turtlebot3_ws_my/build/turtlebot3_navigation2': CMAKE_PREFIX_PATH=${CMAKE_PREFIX_PATH}:/home/qingyu/turtlebot3_ws_my/install/nav_test:/home/qingyu/turtlebot3_ws_my/install/turtlebot3_teleop:/home/qingyu/turtlebot3_ws_my/install/turtlebot3_example:/opt/ros/humble /usr/bin/cmake --install /home/qingyu/turtlebot3_ws_my/build/turtlebot3_navigation2
[0.400s] -- Install configuration: ""
[0.400s] -- Installing: /home/qingyu/turtlebot3_ws_my/install/turtlebot3_navigation2/share/turtlebot3_navigation2/launch
[0.400s] -- Installing: /home/qingyu/turtlebot3_ws_my/install/turtlebot3_navigation2/share/turtlebot3_navigation2/launch/navigation2.launch.py
[0.400s] -- Installing: /home/qingyu/turtlebot3_ws_my/install/turtlebot3_navigation2/share/turtlebot3_navigation2/map
[0.400s] -- Installing: /home/qingyu/turtlebot3_ws_my/install/turtlebot3_navigation2/share/turtlebot3_navigation2/map/map.yaml
[0.400s] -- Installing: /home/qingyu/turtlebot3_ws_my/install/turtlebot3_navigation2/share/turtlebot3_navigation2/map/map.pgm
[0.400s] -- Installing: /home/qingyu/turtlebot3_ws_my/install/turtlebot3_navigation2/share/turtlebot3_navigation2/param
[0.400s] -- Installing: /home/qingyu/turtlebot3_ws_my/install/turtlebot3_navigation2/share/turtlebot3_navigation2/param/waffle.yaml
[0.401s] -- Installing: /home/qingyu/turtlebot3_ws_my/install/turtlebot3_navigation2/share/turtlebot3_navigation2/param/waffle_pi.yaml
[0.401s] -- Installing: /home/qingyu/turtlebot3_ws_my/install/turtlebot3_navigation2/share/turtlebot3_navigation2/param/burger.yaml
[0.401s] -- Installing: /home/qingyu/turtlebot3_ws_my/install/turtlebot3_navigation2/share/turtlebot3_navigation2/rviz
[0.401s] -- Installing: /home/qingyu/turtlebot3_ws_my/install/turtlebot3_navigation2/share/turtlebot3_navigation2/rviz/tb3_navigation2.rviz
[0.401s] -- Installing: /home/qingyu/turtlebot3_ws_my/install/turtlebot3_navigation2/share/ament_index/resource_index/package_run_dependencies/turtlebot3_navigation2
[0.401s] -- Installing: /home/qingyu/turtlebot3_ws_my/install/turtlebot3_navigation2/share/ament_index/resource_index/parent_prefix_path/turtlebot3_navigation2
[0.401s] -- Installing: /home/qingyu/turtlebot3_ws_my/install/turtlebot3_navigation2/share/turtlebot3_navigation2/environment/ament_prefix_path.sh
[0.401s] -- Installing: /home/qingyu/turtlebot3_ws_my/install/turtlebot3_navigation2/share/turtlebot3_navigation2/environment/ament_prefix_path.dsv
[0.401s] -- Installing: /home/qingyu/turtlebot3_ws_my/install/turtlebot3_navigation2/share/turtlebot3_navigation2/environment/path.sh
[0.401s] -- Installing: /home/qingyu/turtlebot3_ws_my/install/turtlebot3_navigation2/share/turtlebot3_navigation2/environment/path.dsv
[0.401s] -- Installing: /home/qingyu/turtlebot3_ws_my/install/turtlebot3_navigation2/share/turtlebot3_navigation2/local_setup.bash
[0.402s] -- Installing: /home/qingyu/turtlebot3_ws_my/install/turtlebot3_navigation2/share/turtlebot3_navigation2/local_setup.sh
[0.402s] -- Installing: /home/qingyu/turtlebot3_ws_my/install/turtlebot3_navigation2/share/turtlebot3_navigation2/local_setup.zsh
[0.402s] -- Installing: /home/qingyu/turtlebot3_ws_my/install/turtlebot3_navigation2/share/turtlebot3_navigation2/local_setup.dsv
[0.402s] -- Installing: /home/qingyu/turtlebot3_ws_my/install/turtlebot3_navigation2/share/turtlebot3_navigation2/package.dsv
[0.402s] -- Installing: /home/qingyu/turtlebot3_ws_my/install/turtlebot3_navigation2/share/ament_index/resource_index/packages/turtlebot3_navigation2
[0.402s] -- Installing: /home/qingyu/turtlebot3_ws_my/install/turtlebot3_navigation2/share/turtlebot3_navigation2/cmake/turtlebot3_navigation2Config.cmake
[0.402s] -- Installing: /home/qingyu/turtlebot3_ws_my/install/turtlebot3_navigation2/share/turtlebot3_navigation2/cmake/turtlebot3_navigation2Config-version.cmake
[0.402s] -- Installing: /home/qingyu/turtlebot3_ws_my/install/turtlebot3_navigation2/share/turtlebot3_navigation2/package.xml
[0.404s] Invoked command in '/home/qingyu/turtlebot3_ws_my/build/turtlebot3_navigation2' returned '0': CMAKE_PREFIX_PATH=${CMAKE_PREFIX_PATH}:/home/qingyu/turtlebot3_ws_my/install/nav_test:/home/qingyu/turtlebot3_ws_my/install/turtlebot3_teleop:/home/qingyu/turtlebot3_ws_my/install/turtlebot3_example:/opt/ros/humble /usr/bin/cmake --install /home/qingyu/turtlebot3_ws_my/build/turtlebot3_navigation2
