[0.008s] Invoking command in '/home/qingyu/turtlebot3_ws_my/build/dynamixel_sdk_examples': CMAKE_PREFIX_PATH=/home/qingyu/turtlebot3_ws_my/install/dynamixel_sdk_custom_interfaces:/home/qingyu/turtlebot3_ws_my/install/dynamixel_sdk:/home/qingyu/turtlebot3_ws_my/install/turtlebot3:/home/qingyu/turtlebot3_ws_my/install/turtlebot3_simulations:/home/qingyu/turtlebot3_ws_my/install/turtlebot3_bringup:/home/qingyu/turtlebot3_ws_my/install/turtlebot3_node:/home/qingyu/turtlebot3_ws_my/install/turtlebot3_navigation2:/home/qingyu/turtlebot3_ws_my/install/turtlebot3_fake_node:/home/qingyu/turtlebot3_ws_my/install/turtlebot3_msgs:/home/qingyu/turtlebot3_ws_my/install/turtlebot3_gazebo:/home/qingyu/turtlebot3_ws_my/install/turtlebot3_description:/home/qingyu/turtlebot3_ws_my/install/turtlebot3_cartographer:/home/qingyu/turtlebot3_ws_my/install/dynamixel_sdk_examples:/home/qingyu/coSense/install/cobridge:/home/qingyu/turtlebot3_ws_my/install/nav_test:/home/qingyu/turtlebot3_ws_my/install/turtlebot3_teleop:/home/qingyu/turtlebot3_ws_my/install/turtlebot3_example:/opt/ros/humble LD_LIBRARY_PATH=/home/qingyu/turtlebot3_ws_my/install/dynamixel_sdk_custom_interfaces/lib:/home/qingyu/turtlebot3_ws_my/install/dynamixel_sdk/lib:/home/qingyu/turtlebot3_ws_my/install/turtlebot3_msgs/lib:/home/qingyu/coSense/install/cobridge/lib:/usr/lib/x86_64-linux-gnu/gazebo-11/plugins:/opt/ros/humble/opt/rviz_ogre_vendor/lib:/opt/ros/humble/lib/x86_64-linux-gnu:/opt/ros/humble/opt/openvdb_vendor/lib:/opt/ros/humble/lib /usr/bin/cmake /home/qingyu/turtlebot3_ws_my/src/DynamixelSDK/dynamixel_sdk_examples -DCMAKE_INSTALL_PREFIX=/home/qingyu/turtlebot3_ws_my/install/dynamixel_sdk_examples
[0.058s] -- The C compiler identification is GNU 11.4.0
[0.107s] -- The CXX compiler identification is GNU 11.4.0
[0.112s] -- Detecting C compiler ABI info
[0.160s] -- Detecting C compiler ABI info - done
[0.164s] -- Check for working C compiler: /usr/bin/cc - skipped
[0.164s] -- Detecting C compile features
[0.164s] -- Detecting C compile features - done
[0.165s] -- Detecting CXX compiler ABI info
[0.218s] -- Detecting CXX compiler ABI info - done
[0.223s] -- Check for working CXX compiler: /usr/bin/c++ - skipped
[0.223s] -- Detecting CXX compile features
[0.223s] -- Detecting CXX compile features - done
[0.224s] -- Found ament_cmake: 1.3.11 (/opt/ros/humble/share/ament_cmake/cmake)
[0.330s] -- Found Python3: /usr/bin/python3 (found version "3.10.12") found components: Interpreter 
[0.380s] -- Found dynamixel_sdk: 3.7.60 (/home/qingyu/turtlebot3_ws_my/install/dynamixel_sdk/share/dynamixel_sdk/cmake)
[0.380s] -- Found dynamixel_sdk_custom_interfaces: 3.7.60 (/home/qingyu/turtlebot3_ws_my/install/dynamixel_sdk_custom_interfaces/share/dynamixel_sdk_custom_interfaces/cmake)
[0.399s] -- Found rosidl_generator_c: 3.1.6 (/opt/ros/humble/share/rosidl_generator_c/cmake)
[0.401s] -- Found rosidl_adapter: 3.1.6 (/opt/ros/humble/share/rosidl_adapter/cmake)
[0.406s] -- Found rosidl_generator_cpp: 3.1.6 (/opt/ros/humble/share/rosidl_generator_cpp/cmake)
[0.411s] -- Using all available rosidl_typesupport_c: rosidl_typesupport_fastrtps_c;rosidl_typesupport_introspection_c
[0.419s] -- Using all available rosidl_typesupport_cpp: rosidl_typesupport_fastrtps_cpp;rosidl_typesupport_introspection_cpp
[0.432s] -- Found rclcpp: 16.0.11 (/opt/ros/humble/share/rclcpp/cmake)
[0.450s] -- Found rmw_implementation_cmake: 6.1.2 (/opt/ros/humble/share/rmw_implementation_cmake/cmake)
[0.452s] -- Found rmw_cyclonedds_cpp: 1.3.4 (/opt/ros/humble/share/rmw_cyclonedds_cpp/cmake)
[0.463s] -- Using RMW implementation 'rmw_cyclonedds_cpp' as default
[0.467s] -- Looking for pthread.h
[0.515s] -- Looking for pthread.h - found
[0.515s] -- Performing Test CMAKE_HAVE_LIBC_PTHREAD
[0.564s] -- Performing Test CMAKE_HAVE_LIBC_PTHREAD - Success
[0.565s] -- Found Threads: TRUE  
[0.590s] -- Found ament_lint_auto: 0.12.11 (/opt/ros/humble/share/ament_lint_auto/cmake)
[0.629s] -- Added test 'copyright' to check source files copyright and LICENSE
[0.629s] -- Added test 'cppcheck' to perform static code analysis on C / C++ code
[0.629s] -- Configured cppcheck include dirs: /home/qingyu/turtlebot3_ws_my/src/DynamixelSDK/dynamixel_sdk_examples/include
[0.629s] -- Configured cppcheck exclude dirs and/or files: 
[0.630s] -- Added test 'cpplint' to check C / C++ code against the Google style
[0.630s] -- Configured cpplint exclude dirs and/or files: 
[0.630s] -- Added test 'lint_cmake' to check CMake code style
[0.630s] -- Added test 'uncrustify' to check C / C++ code style
[0.630s] -- Configured uncrustify additional arguments: 
[0.631s] -- Added test 'xmllint' to check XML markup files
[0.631s] -- Configuring done
[0.635s] -- Generating done
[0.637s] -- Build files have been written to: /home/qingyu/turtlebot3_ws_my/build/dynamixel_sdk_examples
[0.641s] Invoked command in '/home/qingyu/turtlebot3_ws_my/build/dynamixel_sdk_examples' returned '0': CMAKE_PREFIX_PATH=/home/qingyu/turtlebot3_ws_my/install/dynamixel_sdk_custom_interfaces:/home/qingyu/turtlebot3_ws_my/install/dynamixel_sdk:/home/qingyu/turtlebot3_ws_my/install/turtlebot3:/home/qingyu/turtlebot3_ws_my/install/turtlebot3_simulations:/home/qingyu/turtlebot3_ws_my/install/turtlebot3_bringup:/home/qingyu/turtlebot3_ws_my/install/turtlebot3_node:/home/qingyu/turtlebot3_ws_my/install/turtlebot3_navigation2:/home/qingyu/turtlebot3_ws_my/install/turtlebot3_fake_node:/home/qingyu/turtlebot3_ws_my/install/turtlebot3_msgs:/home/qingyu/turtlebot3_ws_my/install/turtlebot3_gazebo:/home/qingyu/turtlebot3_ws_my/install/turtlebot3_description:/home/qingyu/turtlebot3_ws_my/install/turtlebot3_cartographer:/home/qingyu/turtlebot3_ws_my/install/dynamixel_sdk_examples:/home/qingyu/coSense/install/cobridge:/home/qingyu/turtlebot3_ws_my/install/nav_test:/home/qingyu/turtlebot3_ws_my/install/turtlebot3_teleop:/home/qingyu/turtlebot3_ws_my/install/turtlebot3_example:/opt/ros/humble LD_LIBRARY_PATH=/home/qingyu/turtlebot3_ws_my/install/dynamixel_sdk_custom_interfaces/lib:/home/qingyu/turtlebot3_ws_my/install/dynamixel_sdk/lib:/home/qingyu/turtlebot3_ws_my/install/turtlebot3_msgs/lib:/home/qingyu/coSense/install/cobridge/lib:/usr/lib/x86_64-linux-gnu/gazebo-11/plugins:/opt/ros/humble/opt/rviz_ogre_vendor/lib:/opt/ros/humble/lib/x86_64-linux-gnu:/opt/ros/humble/opt/openvdb_vendor/lib:/opt/ros/humble/lib /usr/bin/cmake /home/qingyu/turtlebot3_ws_my/src/DynamixelSDK/dynamixel_sdk_examples -DCMAKE_INSTALL_PREFIX=/home/qingyu/turtlebot3_ws_my/install/dynamixel_sdk_examples
[0.642s] Invoking command in '/home/qingyu/turtlebot3_ws_my/build/dynamixel_sdk_examples': CMAKE_PREFIX_PATH=/home/qingyu/turtlebot3_ws_my/install/dynamixel_sdk_custom_interfaces:/home/qingyu/turtlebot3_ws_my/install/dynamixel_sdk:/home/qingyu/turtlebot3_ws_my/install/turtlebot3:/home/qingyu/turtlebot3_ws_my/install/turtlebot3_simulations:/home/qingyu/turtlebot3_ws_my/install/turtlebot3_bringup:/home/qingyu/turtlebot3_ws_my/install/turtlebot3_node:/home/qingyu/turtlebot3_ws_my/install/turtlebot3_navigation2:/home/qingyu/turtlebot3_ws_my/install/turtlebot3_fake_node:/home/qingyu/turtlebot3_ws_my/install/turtlebot3_msgs:/home/qingyu/turtlebot3_ws_my/install/turtlebot3_gazebo:/home/qingyu/turtlebot3_ws_my/install/turtlebot3_description:/home/qingyu/turtlebot3_ws_my/install/turtlebot3_cartographer:/home/qingyu/turtlebot3_ws_my/install/dynamixel_sdk_examples:/home/qingyu/coSense/install/cobridge:/home/qingyu/turtlebot3_ws_my/install/nav_test:/home/qingyu/turtlebot3_ws_my/install/turtlebot3_teleop:/home/qingyu/turtlebot3_ws_my/install/turtlebot3_example:/opt/ros/humble LD_LIBRARY_PATH=/home/qingyu/turtlebot3_ws_my/install/dynamixel_sdk_custom_interfaces/lib:/home/qingyu/turtlebot3_ws_my/install/dynamixel_sdk/lib:/home/qingyu/turtlebot3_ws_my/install/turtlebot3_msgs/lib:/home/qingyu/coSense/install/cobridge/lib:/usr/lib/x86_64-linux-gnu/gazebo-11/plugins:/opt/ros/humble/opt/rviz_ogre_vendor/lib:/opt/ros/humble/lib/x86_64-linux-gnu:/opt/ros/humble/opt/openvdb_vendor/lib:/opt/ros/humble/lib /usr/bin/cmake --build /home/qingyu/turtlebot3_ws_my/build/dynamixel_sdk_examples -- -j32 -l32
[0.674s] [ 50%] [32mBuilding CXX object CMakeFiles/read_write_node.dir/src/read_write_node.cpp.o[0m
[5.232s] [100%] [32m[1mLinking CXX executable read_write_node[0m
[5.441s] [100%] Built target read_write_node
[5.451s] Invoked command in '/home/qingyu/turtlebot3_ws_my/build/dynamixel_sdk_examples' returned '0': CMAKE_PREFIX_PATH=/home/qingyu/turtlebot3_ws_my/install/dynamixel_sdk_custom_interfaces:/home/qingyu/turtlebot3_ws_my/install/dynamixel_sdk:/home/qingyu/turtlebot3_ws_my/install/turtlebot3:/home/qingyu/turtlebot3_ws_my/install/turtlebot3_simulations:/home/qingyu/turtlebot3_ws_my/install/turtlebot3_bringup:/home/qingyu/turtlebot3_ws_my/install/turtlebot3_node:/home/qingyu/turtlebot3_ws_my/install/turtlebot3_navigation2:/home/qingyu/turtlebot3_ws_my/install/turtlebot3_fake_node:/home/qingyu/turtlebot3_ws_my/install/turtlebot3_msgs:/home/qingyu/turtlebot3_ws_my/install/turtlebot3_gazebo:/home/qingyu/turtlebot3_ws_my/install/turtlebot3_description:/home/qingyu/turtlebot3_ws_my/install/turtlebot3_cartographer:/home/qingyu/turtlebot3_ws_my/install/dynamixel_sdk_examples:/home/qingyu/coSense/install/cobridge:/home/qingyu/turtlebot3_ws_my/install/nav_test:/home/qingyu/turtlebot3_ws_my/install/turtlebot3_teleop:/home/qingyu/turtlebot3_ws_my/install/turtlebot3_example:/opt/ros/humble LD_LIBRARY_PATH=/home/qingyu/turtlebot3_ws_my/install/dynamixel_sdk_custom_interfaces/lib:/home/qingyu/turtlebot3_ws_my/install/dynamixel_sdk/lib:/home/qingyu/turtlebot3_ws_my/install/turtlebot3_msgs/lib:/home/qingyu/coSense/install/cobridge/lib:/usr/lib/x86_64-linux-gnu/gazebo-11/plugins:/opt/ros/humble/opt/rviz_ogre_vendor/lib:/opt/ros/humble/lib/x86_64-linux-gnu:/opt/ros/humble/opt/openvdb_vendor/lib:/opt/ros/humble/lib /usr/bin/cmake --build /home/qingyu/turtlebot3_ws_my/build/dynamixel_sdk_examples -- -j32 -l32
[5.452s] Invoking command in '/home/qingyu/turtlebot3_ws_my/build/dynamixel_sdk_examples': CMAKE_PREFIX_PATH=/home/qingyu/turtlebot3_ws_my/install/dynamixel_sdk_custom_interfaces:/home/qingyu/turtlebot3_ws_my/install/dynamixel_sdk:/home/qingyu/turtlebot3_ws_my/install/turtlebot3:/home/qingyu/turtlebot3_ws_my/install/turtlebot3_simulations:/home/qingyu/turtlebot3_ws_my/install/turtlebot3_bringup:/home/qingyu/turtlebot3_ws_my/install/turtlebot3_node:/home/qingyu/turtlebot3_ws_my/install/turtlebot3_navigation2:/home/qingyu/turtlebot3_ws_my/install/turtlebot3_fake_node:/home/qingyu/turtlebot3_ws_my/install/turtlebot3_msgs:/home/qingyu/turtlebot3_ws_my/install/turtlebot3_gazebo:/home/qingyu/turtlebot3_ws_my/install/turtlebot3_description:/home/qingyu/turtlebot3_ws_my/install/turtlebot3_cartographer:/home/qingyu/turtlebot3_ws_my/install/dynamixel_sdk_examples:/home/qingyu/coSense/install/cobridge:/home/qingyu/turtlebot3_ws_my/install/nav_test:/home/qingyu/turtlebot3_ws_my/install/turtlebot3_teleop:/home/qingyu/turtlebot3_ws_my/install/turtlebot3_example:/opt/ros/humble LD_LIBRARY_PATH=/home/qingyu/turtlebot3_ws_my/install/dynamixel_sdk_custom_interfaces/lib:/home/qingyu/turtlebot3_ws_my/install/dynamixel_sdk/lib:/home/qingyu/turtlebot3_ws_my/install/turtlebot3_msgs/lib:/home/qingyu/coSense/install/cobridge/lib:/usr/lib/x86_64-linux-gnu/gazebo-11/plugins:/opt/ros/humble/opt/rviz_ogre_vendor/lib:/opt/ros/humble/lib/x86_64-linux-gnu:/opt/ros/humble/opt/openvdb_vendor/lib:/opt/ros/humble/lib /usr/bin/cmake --install /home/qingyu/turtlebot3_ws_my/build/dynamixel_sdk_examples
[5.459s] -- Install configuration: ""
[5.459s] -- Installing: /home/qingyu/turtlebot3_ws_my/install/dynamixel_sdk_examples/lib/dynamixel_sdk_examples/read_write_node
[5.462s] -- Set runtime path of "/home/qingyu/turtlebot3_ws_my/install/dynamixel_sdk_examples/lib/dynamixel_sdk_examples/read_write_node" to ""
[5.462s] -- Installing: /home/qingyu/turtlebot3_ws_my/install/dynamixel_sdk_examples/share/ament_index/resource_index/package_run_dependencies/dynamixel_sdk_examples
[5.462s] -- Installing: /home/qingyu/turtlebot3_ws_my/install/dynamixel_sdk_examples/share/ament_index/resource_index/parent_prefix_path/dynamixel_sdk_examples
[5.463s] -- Installing: /home/qingyu/turtlebot3_ws_my/install/dynamixel_sdk_examples/share/dynamixel_sdk_examples/environment/ament_prefix_path.sh
[5.463s] -- Installing: /home/qingyu/turtlebot3_ws_my/install/dynamixel_sdk_examples/share/dynamixel_sdk_examples/environment/ament_prefix_path.dsv
[5.463s] -- Installing: /home/qingyu/turtlebot3_ws_my/install/dynamixel_sdk_examples/share/dynamixel_sdk_examples/environment/path.sh
[5.463s] -- Installing: /home/qingyu/turtlebot3_ws_my/install/dynamixel_sdk_examples/share/dynamixel_sdk_examples/environment/path.dsv
[5.463s] -- Installing: /home/qingyu/turtlebot3_ws_my/install/dynamixel_sdk_examples/share/dynamixel_sdk_examples/local_setup.bash
[5.463s] -- Installing: /home/qingyu/turtlebot3_ws_my/install/dynamixel_sdk_examples/share/dynamixel_sdk_examples/local_setup.sh
[5.463s] -- Installing: /home/qingyu/turtlebot3_ws_my/install/dynamixel_sdk_examples/share/dynamixel_sdk_examples/local_setup.zsh
[5.463s] -- Installing: /home/qingyu/turtlebot3_ws_my/install/dynamixel_sdk_examples/share/dynamixel_sdk_examples/local_setup.dsv
[5.463s] -- Installing: /home/qingyu/turtlebot3_ws_my/install/dynamixel_sdk_examples/share/dynamixel_sdk_examples/package.dsv
[5.463s] -- Installing: /home/qingyu/turtlebot3_ws_my/install/dynamixel_sdk_examples/share/ament_index/resource_index/packages/dynamixel_sdk_examples
[5.464s] -- Installing: /home/qingyu/turtlebot3_ws_my/install/dynamixel_sdk_examples/share/dynamixel_sdk_examples/cmake/dynamixel_sdk_examplesConfig.cmake
[5.464s] -- Installing: /home/qingyu/turtlebot3_ws_my/install/dynamixel_sdk_examples/share/dynamixel_sdk_examples/cmake/dynamixel_sdk_examplesConfig-version.cmake
[5.464s] -- Installing: /home/qingyu/turtlebot3_ws_my/install/dynamixel_sdk_examples/share/dynamixel_sdk_examples/package.xml
[5.466s] Invoked command in '/home/qingyu/turtlebot3_ws_my/build/dynamixel_sdk_examples' returned '0': CMAKE_PREFIX_PATH=/home/qingyu/turtlebot3_ws_my/install/dynamixel_sdk_custom_interfaces:/home/qingyu/turtlebot3_ws_my/install/dynamixel_sdk:/home/qingyu/turtlebot3_ws_my/install/turtlebot3:/home/qingyu/turtlebot3_ws_my/install/turtlebot3_simulations:/home/qingyu/turtlebot3_ws_my/install/turtlebot3_bringup:/home/qingyu/turtlebot3_ws_my/install/turtlebot3_node:/home/qingyu/turtlebot3_ws_my/install/turtlebot3_navigation2:/home/qingyu/turtlebot3_ws_my/install/turtlebot3_fake_node:/home/qingyu/turtlebot3_ws_my/install/turtlebot3_msgs:/home/qingyu/turtlebot3_ws_my/install/turtlebot3_gazebo:/home/qingyu/turtlebot3_ws_my/install/turtlebot3_description:/home/qingyu/turtlebot3_ws_my/install/turtlebot3_cartographer:/home/qingyu/turtlebot3_ws_my/install/dynamixel_sdk_examples:/home/qingyu/coSense/install/cobridge:/home/qingyu/turtlebot3_ws_my/install/nav_test:/home/qingyu/turtlebot3_ws_my/install/turtlebot3_teleop:/home/qingyu/turtlebot3_ws_my/install/turtlebot3_example:/opt/ros/humble LD_LIBRARY_PATH=/home/qingyu/turtlebot3_ws_my/install/dynamixel_sdk_custom_interfaces/lib:/home/qingyu/turtlebot3_ws_my/install/dynamixel_sdk/lib:/home/qingyu/turtlebot3_ws_my/install/turtlebot3_msgs/lib:/home/qingyu/coSense/install/cobridge/lib:/usr/lib/x86_64-linux-gnu/gazebo-11/plugins:/opt/ros/humble/opt/rviz_ogre_vendor/lib:/opt/ros/humble/lib/x86_64-linux-gnu:/opt/ros/humble/opt/openvdb_vendor/lib:/opt/ros/humble/lib /usr/bin/cmake --install /home/qingyu/turtlebot3_ws_my/build/dynamixel_sdk_examples
