[0.014s] Invoking command in '/home/qingyu/turtlebot3_ws_my/build/turtlebot3_cartographer': CMAKE_PREFIX_PATH=${CMAKE_PREFIX_PATH}:/home/qingyu/turtlebot3_ws_my/install/nav_test:/home/qingyu/turtlebot3_ws_my/install/turtlebot3_teleop:/home/qingyu/turtlebot3_ws_my/install/turtlebot3_example:/opt/ros/humble /usr/bin/cmake /home/qingyu/turtlebot3_ws_my/src/turtlebot3/turtlebot3_cartographer -DCMAKE_INSTALL_PREFIX=/home/qingyu/turtlebot3_ws_my/install/turtlebot3_cartographer
[0.142s] -- The C compiler identification is GNU 11.4.0
[0.142s] -- The CXX compiler identification is GNU 11.4.0
[0.142s] -- Detecting C compiler ABI info
[0.142s] -- Detecting C compiler ABI info - done
[0.142s] -- Check for working C compiler: /usr/bin/cc - skipped
[0.142s] -- Detecting C compile features
[0.142s] -- Detecting C compile features - done
[0.142s] -- Detecting CXX compiler ABI info
[0.169s] -- Detecting CXX compiler ABI info - done
[0.174s] -- Check for working CXX compiler: /usr/bin/c++ - skipped
[0.175s] -- Detecting CXX compile features
[0.175s] -- Detecting CXX compile features - done
[0.177s] -- Found ament_cmake: 1.3.11 (/opt/ros/humble/share/ament_cmake/cmake)
[0.277s] -- Found Python3: /usr/bin/python3 (found version "3.10.12") found components: Interpreter 
[0.389s] -- Configuring done
[0.391s] -- Generating done
[0.392s] -- Build files have been written to: /home/qingyu/turtlebot3_ws_my/build/turtlebot3_cartographer
[0.398s] Invoked command in '/home/qingyu/turtlebot3_ws_my/build/turtlebot3_cartographer' returned '0': CMAKE_PREFIX_PATH=${CMAKE_PREFIX_PATH}:/home/qingyu/turtlebot3_ws_my/install/nav_test:/home/qingyu/turtlebot3_ws_my/install/turtlebot3_teleop:/home/qingyu/turtlebot3_ws_my/install/turtlebot3_example:/opt/ros/humble /usr/bin/cmake /home/qingyu/turtlebot3_ws_my/src/turtlebot3/turtlebot3_cartographer -DCMAKE_INSTALL_PREFIX=/home/qingyu/turtlebot3_ws_my/install/turtlebot3_cartographer
[0.398s] Invoking command in '/home/qingyu/turtlebot3_ws_my/build/turtlebot3_cartographer': CMAKE_PREFIX_PATH=${CMAKE_PREFIX_PATH}:/home/qingyu/turtlebot3_ws_my/install/nav_test:/home/qingyu/turtlebot3_ws_my/install/turtlebot3_teleop:/home/qingyu/turtlebot3_ws_my/install/turtlebot3_example:/opt/ros/humble /usr/bin/cmake --build /home/qingyu/turtlebot3_ws_my/build/turtlebot3_cartographer -- -j32 -l32
[0.426s] Invoked command in '/home/qingyu/turtlebot3_ws_my/build/turtlebot3_cartographer' returned '0': CMAKE_PREFIX_PATH=${CMAKE_PREFIX_PATH}:/home/qingyu/turtlebot3_ws_my/install/nav_test:/home/qingyu/turtlebot3_ws_my/install/turtlebot3_teleop:/home/qingyu/turtlebot3_ws_my/install/turtlebot3_example:/opt/ros/humble /usr/bin/cmake --build /home/qingyu/turtlebot3_ws_my/build/turtlebot3_cartographer -- -j32 -l32
[0.427s] Invoking command in '/home/qingyu/turtlebot3_ws_my/build/turtlebot3_cartographer': CMAKE_PREFIX_PATH=${CMAKE_PREFIX_PATH}:/home/qingyu/turtlebot3_ws_my/install/nav_test:/home/qingyu/turtlebot3_ws_my/install/turtlebot3_teleop:/home/qingyu/turtlebot3_ws_my/install/turtlebot3_example:/opt/ros/humble /usr/bin/cmake --install /home/qingyu/turtlebot3_ws_my/build/turtlebot3_cartographer
[0.431s] -- Install configuration: ""
[0.431s] -- Installing: /home/qingyu/turtlebot3_ws_my/install/turtlebot3_cartographer/share/turtlebot3_cartographer/config
[0.431s] -- Installing: /home/qingyu/turtlebot3_ws_my/install/turtlebot3_cartographer/share/turtlebot3_cartographer/config/turtlebot3_lds_2d.lua
[0.431s] -- Installing: /home/qingyu/turtlebot3_ws_my/install/turtlebot3_cartographer/share/turtlebot3_cartographer/launch
[0.431s] -- Installing: /home/qingyu/turtlebot3_ws_my/install/turtlebot3_cartographer/share/turtlebot3_cartographer/launch/occupancy_grid.launch.py
[0.431s] -- Installing: /home/qingyu/turtlebot3_ws_my/install/turtlebot3_cartographer/share/turtlebot3_cartographer/launch/cartographer.launch.py
[0.431s] -- Installing: /home/qingyu/turtlebot3_ws_my/install/turtlebot3_cartographer/share/turtlebot3_cartographer/rviz
[0.431s] -- Installing: /home/qingyu/turtlebot3_ws_my/install/turtlebot3_cartographer/share/turtlebot3_cartographer/rviz/tb3_cartographer.rviz
[0.432s] -- Installing: /home/qingyu/turtlebot3_ws_my/install/turtlebot3_cartographer/share/ament_index/resource_index/package_run_dependencies/turtlebot3_cartographer
[0.432s] -- Installing: /home/qingyu/turtlebot3_ws_my/install/turtlebot3_cartographer/share/ament_index/resource_index/parent_prefix_path/turtlebot3_cartographer
[0.432s] -- Installing: /home/qingyu/turtlebot3_ws_my/install/turtlebot3_cartographer/share/turtlebot3_cartographer/environment/ament_prefix_path.sh
[0.432s] -- Installing: /home/qingyu/turtlebot3_ws_my/install/turtlebot3_cartographer/share/turtlebot3_cartographer/environment/ament_prefix_path.dsv
[0.432s] -- Installing: /home/qingyu/turtlebot3_ws_my/install/turtlebot3_cartographer/share/turtlebot3_cartographer/environment/path.sh
[0.432s] -- Installing: /home/qingyu/turtlebot3_ws_my/install/turtlebot3_cartographer/share/turtlebot3_cartographer/environment/path.dsv
[0.432s] -- Installing: /home/qingyu/turtlebot3_ws_my/install/turtlebot3_cartographer/share/turtlebot3_cartographer/local_setup.bash
[0.432s] -- Installing: /home/qingyu/turtlebot3_ws_my/install/turtlebot3_cartographer/share/turtlebot3_cartographer/local_setup.sh
[0.432s] -- Installing: /home/qingyu/turtlebot3_ws_my/install/turtlebot3_cartographer/share/turtlebot3_cartographer/local_setup.zsh
[0.432s] -- Installing: /home/qingyu/turtlebot3_ws_my/install/turtlebot3_cartographer/share/turtlebot3_cartographer/local_setup.dsv
[0.432s] -- Installing: /home/qingyu/turtlebot3_ws_my/install/turtlebot3_cartographer/share/turtlebot3_cartographer/package.dsv
[0.433s] -- Installing: /home/qingyu/turtlebot3_ws_my/install/turtlebot3_cartographer/share/ament_index/resource_index/packages/turtlebot3_cartographer
[0.433s] -- Installing: /home/qingyu/turtlebot3_ws_my/install/turtlebot3_cartographer/share/turtlebot3_cartographer/cmake/turtlebot3_cartographerConfig.cmake
[0.433s] -- Installing: /home/qingyu/turtlebot3_ws_my/install/turtlebot3_cartographer/share/turtlebot3_cartographer/cmake/turtlebot3_cartographerConfig-version.cmake
[0.433s] -- Installing: /home/qingyu/turtlebot3_ws_my/install/turtlebot3_cartographer/share/turtlebot3_cartographer/package.xml
[0.435s] Invoked command in '/home/qingyu/turtlebot3_ws_my/build/turtlebot3_cartographer' returned '0': CMAKE_PREFIX_PATH=${CMAKE_PREFIX_PATH}:/home/qingyu/turtlebot3_ws_my/install/nav_test:/home/qingyu/turtlebot3_ws_my/install/turtlebot3_teleop:/home/qingyu/turtlebot3_ws_my/install/turtlebot3_example:/opt/ros/humble /usr/bin/cmake --install /home/qingyu/turtlebot3_ws_my/build/turtlebot3_cartographer
