[0.008s] Invoking command in '/home/qingyu/turtlebot3_ws_my/build/turtlebot3_node': CMAKE_PREFIX_PATH=/home/qingyu/turtlebot3_ws_my/install/turtlebot3_msgs:/home/qingyu/turtlebot3_ws_my/install/dynamixel_sdk:/home/qingyu/turtlebot3_ws_my/install/turtlebot3:/home/qingyu/turtlebot3_ws_my/install/turtlebot3_simulations:/home/qingyu/turtlebot3_ws_my/install/turtlebot3_bringup:/home/qingyu/turtlebot3_ws_my/install/turtlebot3_node:/home/qingyu/turtlebot3_ws_my/install/turtlebot3_navigation2:/home/qingyu/turtlebot3_ws_my/install/turtlebot3_fake_node:/home/qingyu/turtlebot3_ws_my/install/turtlebot3_gazebo:/home/qingyu/turtlebot3_ws_my/install/turtlebot3_description:/home/qingyu/turtlebot3_ws_my/install/turtlebot3_cartographer:/home/qingyu/turtlebot3_ws_my/install/dynamixel_sdk_examples:/home/qingyu/turtlebot3_ws_my/install/dynamixel_sdk_custom_interfaces:/home/qingyu/coSense/install/cobridge:/home/qingyu/turtlebot3_ws_my/install/nav_test:/home/qingyu/turtlebot3_ws_my/install/turtlebot3_teleop:/home/qingyu/turtlebot3_ws_my/install/turtlebot3_example:/opt/ros/humble LD_LIBRARY_PATH=/home/qingyu/turtlebot3_ws_my/install/turtlebot3_msgs/lib:/home/qingyu/turtlebot3_ws_my/install/dynamixel_sdk/lib:/home/qingyu/turtlebot3_ws_my/install/dynamixel_sdk_custom_interfaces/lib:/home/qingyu/coSense/install/cobridge/lib:/usr/lib/x86_64-linux-gnu/gazebo-11/plugins:/opt/ros/humble/opt/rviz_ogre_vendor/lib:/opt/ros/humble/lib/x86_64-linux-gnu:/opt/ros/humble/opt/openvdb_vendor/lib:/opt/ros/humble/lib /usr/bin/cmake /home/qingyu/turtlebot3_ws_my/src/turtlebot3/turtlebot3_node -DCMAKE_INSTALL_PREFIX=/home/qingyu/turtlebot3_ws_my/install/turtlebot3_node
[0.042s] -- The C compiler identification is GNU 11.4.0
[0.074s] -- The CXX compiler identification is GNU 11.4.0
[0.077s] -- Detecting C compiler ABI info
[0.124s] -- Detecting C compiler ABI info - done
[0.128s] -- Check for working C compiler: /usr/bin/cc - skipped
[0.128s] -- Detecting C compile features
[0.128s] -- Detecting C compile features - done
[0.129s] -- Detecting CXX compiler ABI info
[0.180s] -- Detecting CXX compiler ABI info - done
[0.183s] -- Check for working CXX compiler: /usr/bin/c++ - skipped
[0.184s] -- Detecting CXX compile features
[0.184s] -- Detecting CXX compile features - done
[0.186s] -- Found ament_cmake: 1.3.11 (/opt/ros/humble/share/ament_cmake/cmake)
[0.288s] -- Found Python3: /usr/bin/python3 (found version "3.10.12") found components: Interpreter 
[0.346s] -- Found dynamixel_sdk: 3.7.60 (/home/qingyu/turtlebot3_ws_my/install/dynamixel_sdk/share/dynamixel_sdk/cmake)
[0.348s] -- Found geometry_msgs: 4.2.4 (/opt/ros/humble/share/geometry_msgs/cmake)
[0.382s] -- Found rosidl_generator_c: 3.1.6 (/opt/ros/humble/share/rosidl_generator_c/cmake)
[0.386s] -- Found rosidl_adapter: 3.1.6 (/opt/ros/humble/share/rosidl_adapter/cmake)
[0.392s] -- Found rosidl_generator_cpp: 3.1.6 (/opt/ros/humble/share/rosidl_generator_cpp/cmake)
[0.398s] -- Using all available rosidl_typesupport_c: rosidl_typesupport_fastrtps_c;rosidl_typesupport_introspection_c
[0.407s] -- Using all available rosidl_typesupport_cpp: rosidl_typesupport_fastrtps_cpp;rosidl_typesupport_introspection_cpp
[0.426s] -- Found message_filters: 4.3.5 (/opt/ros/humble/share/message_filters/cmake)
[0.447s] -- Found rmw_implementation_cmake: 6.1.2 (/opt/ros/humble/share/rmw_implementation_cmake/cmake)
[0.449s] -- Found rmw_cyclonedds_cpp: 1.3.4 (/opt/ros/humble/share/rmw_cyclonedds_cpp/cmake)
[0.460s] -- Using RMW implementation 'rmw_cyclonedds_cpp' as default
[0.465s] -- Looking for pthread.h
[0.515s] -- Looking for pthread.h - found
[0.515s] -- Performing Test CMAKE_HAVE_LIBC_PTHREAD
[0.565s] -- Performing Test CMAKE_HAVE_LIBC_PTHREAD - Success
[0.565s] -- Found Threads: TRUE  
[0.585s] -- Found nav_msgs: 4.2.4 (/opt/ros/humble/share/nav_msgs/cmake)
[0.593s] -- Found sensor_msgs: 4.2.4 (/opt/ros/humble/share/sensor_msgs/cmake)
[0.601s] -- Found std_srvs: 4.2.4 (/opt/ros/humble/share/std_srvs/cmake)
[0.606s] -- Found tf2: 0.25.11 (/opt/ros/humble/share/tf2/cmake)
[0.612s] -- Found tf2_ros: 0.25.11 (/opt/ros/humble/share/tf2_ros/cmake)
[0.653s] -- Found turtlebot3_msgs: 2.2.3 (/home/qingyu/turtlebot3_ws_my/install/turtlebot3_msgs/share/turtlebot3_msgs/cmake)
[0.704s] -- Configuring done
[0.713s] -- Generating done
[0.715s] -- Build files have been written to: /home/qingyu/turtlebot3_ws_my/build/turtlebot3_node
[0.721s] Invoked command in '/home/qingyu/turtlebot3_ws_my/build/turtlebot3_node' returned '0': CMAKE_PREFIX_PATH=/home/qingyu/turtlebot3_ws_my/install/turtlebot3_msgs:/home/qingyu/turtlebot3_ws_my/install/dynamixel_sdk:/home/qingyu/turtlebot3_ws_my/install/turtlebot3:/home/qingyu/turtlebot3_ws_my/install/turtlebot3_simulations:/home/qingyu/turtlebot3_ws_my/install/turtlebot3_bringup:/home/qingyu/turtlebot3_ws_my/install/turtlebot3_node:/home/qingyu/turtlebot3_ws_my/install/turtlebot3_navigation2:/home/qingyu/turtlebot3_ws_my/install/turtlebot3_fake_node:/home/qingyu/turtlebot3_ws_my/install/turtlebot3_gazebo:/home/qingyu/turtlebot3_ws_my/install/turtlebot3_description:/home/qingyu/turtlebot3_ws_my/install/turtlebot3_cartographer:/home/qingyu/turtlebot3_ws_my/install/dynamixel_sdk_examples:/home/qingyu/turtlebot3_ws_my/install/dynamixel_sdk_custom_interfaces:/home/qingyu/coSense/install/cobridge:/home/qingyu/turtlebot3_ws_my/install/nav_test:/home/qingyu/turtlebot3_ws_my/install/turtlebot3_teleop:/home/qingyu/turtlebot3_ws_my/install/turtlebot3_example:/opt/ros/humble LD_LIBRARY_PATH=/home/qingyu/turtlebot3_ws_my/install/turtlebot3_msgs/lib:/home/qingyu/turtlebot3_ws_my/install/dynamixel_sdk/lib:/home/qingyu/turtlebot3_ws_my/install/dynamixel_sdk_custom_interfaces/lib:/home/qingyu/coSense/install/cobridge/lib:/usr/lib/x86_64-linux-gnu/gazebo-11/plugins:/opt/ros/humble/opt/rviz_ogre_vendor/lib:/opt/ros/humble/lib/x86_64-linux-gnu:/opt/ros/humble/opt/openvdb_vendor/lib:/opt/ros/humble/lib /usr/bin/cmake /home/qingyu/turtlebot3_ws_my/src/turtlebot3/turtlebot3_node -DCMAKE_INSTALL_PREFIX=/home/qingyu/turtlebot3_ws_my/install/turtlebot3_node
[0.722s] Invoking command in '/home/qingyu/turtlebot3_ws_my/build/turtlebot3_node': CMAKE_PREFIX_PATH=/home/qingyu/turtlebot3_ws_my/install/turtlebot3_msgs:/home/qingyu/turtlebot3_ws_my/install/dynamixel_sdk:/home/qingyu/turtlebot3_ws_my/install/turtlebot3:/home/qingyu/turtlebot3_ws_my/install/turtlebot3_simulations:/home/qingyu/turtlebot3_ws_my/install/turtlebot3_bringup:/home/qingyu/turtlebot3_ws_my/install/turtlebot3_node:/home/qingyu/turtlebot3_ws_my/install/turtlebot3_navigation2:/home/qingyu/turtlebot3_ws_my/install/turtlebot3_fake_node:/home/qingyu/turtlebot3_ws_my/install/turtlebot3_gazebo:/home/qingyu/turtlebot3_ws_my/install/turtlebot3_description:/home/qingyu/turtlebot3_ws_my/install/turtlebot3_cartographer:/home/qingyu/turtlebot3_ws_my/install/dynamixel_sdk_examples:/home/qingyu/turtlebot3_ws_my/install/dynamixel_sdk_custom_interfaces:/home/qingyu/coSense/install/cobridge:/home/qingyu/turtlebot3_ws_my/install/nav_test:/home/qingyu/turtlebot3_ws_my/install/turtlebot3_teleop:/home/qingyu/turtlebot3_ws_my/install/turtlebot3_example:/opt/ros/humble LD_LIBRARY_PATH=/home/qingyu/turtlebot3_ws_my/install/turtlebot3_msgs/lib:/home/qingyu/turtlebot3_ws_my/install/dynamixel_sdk/lib:/home/qingyu/turtlebot3_ws_my/install/dynamixel_sdk_custom_interfaces/lib:/home/qingyu/coSense/install/cobridge/lib:/usr/lib/x86_64-linux-gnu/gazebo-11/plugins:/opt/ros/humble/opt/rviz_ogre_vendor/lib:/opt/ros/humble/lib/x86_64-linux-gnu:/opt/ros/humble/opt/openvdb_vendor/lib:/opt/ros/humble/lib /usr/bin/cmake --build /home/qingyu/turtlebot3_ws_my/build/turtlebot3_node -- -j32 -l32
[0.764s] [  7%] [32mBuilding CXX object CMakeFiles/turtlebot3_node_lib.dir/src/turtlebot3.cpp.o[0m
[0.765s] [ 71%] [32mBuilding CXX object CMakeFiles/turtlebot3_node_lib.dir/src/devices/motor_power.cpp.o[0m
[0.765s] [ 71%] [32mBuilding CXX object CMakeFiles/turtlebot3_node_lib.dir/src/odometry.cpp.o[0m
[0.765s] [ 71%] [32mBuilding CXX object CMakeFiles/turtlebot3_node_lib.dir/src/dynamixel_sdk_wrapper.cpp.o[0m
[0.765s] [ 71%] [32mBuilding CXX object CMakeFiles/turtlebot3_node_lib.dir/src/sensors/imu.cpp.o[0m
[0.765s] [ 71%] [32mBuilding CXX object CMakeFiles/turtlebot3_node_lib.dir/src/diff_drive_controller.cpp.o[0m
[0.765s] [ 71%] [32mBuilding CXX object CMakeFiles/turtlebot3_node_lib.dir/src/devices/sound.cpp.o[0m
[0.765s] [ 71%] [32mBuilding CXX object CMakeFiles/turtlebot3_node_lib.dir/src/sensors/battery_state.cpp.o[0m
[0.766s] [ 71%] [32mBuilding CXX object CMakeFiles/turtlebot3_node_lib.dir/src/devices/reset.cpp.o[0m
[0.766s] [ 71%] [32mBuilding CXX object CMakeFiles/turtlebot3_node_lib.dir/src/sensors/joint_state.cpp.o[0m
[0.766s] [ 78%] [32mBuilding CXX object CMakeFiles/turtlebot3_node_lib.dir/src/sensors/sensor_state.cpp.o[0m
[7.928s] [ 85%] [32m[1mLinking CXX static library libturtlebot3_node_lib.a[0m
[8.187s] [ 85%] Built target turtlebot3_node_lib
[8.201s] [ 92%] [32mBuilding CXX object CMakeFiles/turtlebot3_ros.dir/src/node_main.cpp.o[0m
[9.588s] [100%] [32m[1mLinking CXX executable turtlebot3_ros[0m
[10.306s] [100%] Built target turtlebot3_ros
[10.314s] Invoked command in '/home/qingyu/turtlebot3_ws_my/build/turtlebot3_node' returned '0': CMAKE_PREFIX_PATH=/home/qingyu/turtlebot3_ws_my/install/turtlebot3_msgs:/home/qingyu/turtlebot3_ws_my/install/dynamixel_sdk:/home/qingyu/turtlebot3_ws_my/install/turtlebot3:/home/qingyu/turtlebot3_ws_my/install/turtlebot3_simulations:/home/qingyu/turtlebot3_ws_my/install/turtlebot3_bringup:/home/qingyu/turtlebot3_ws_my/install/turtlebot3_node:/home/qingyu/turtlebot3_ws_my/install/turtlebot3_navigation2:/home/qingyu/turtlebot3_ws_my/install/turtlebot3_fake_node:/home/qingyu/turtlebot3_ws_my/install/turtlebot3_gazebo:/home/qingyu/turtlebot3_ws_my/install/turtlebot3_description:/home/qingyu/turtlebot3_ws_my/install/turtlebot3_cartographer:/home/qingyu/turtlebot3_ws_my/install/dynamixel_sdk_examples:/home/qingyu/turtlebot3_ws_my/install/dynamixel_sdk_custom_interfaces:/home/qingyu/coSense/install/cobridge:/home/qingyu/turtlebot3_ws_my/install/nav_test:/home/qingyu/turtlebot3_ws_my/install/turtlebot3_teleop:/home/qingyu/turtlebot3_ws_my/install/turtlebot3_example:/opt/ros/humble LD_LIBRARY_PATH=/home/qingyu/turtlebot3_ws_my/install/turtlebot3_msgs/lib:/home/qingyu/turtlebot3_ws_my/install/dynamixel_sdk/lib:/home/qingyu/turtlebot3_ws_my/install/dynamixel_sdk_custom_interfaces/lib:/home/qingyu/coSense/install/cobridge/lib:/usr/lib/x86_64-linux-gnu/gazebo-11/plugins:/opt/ros/humble/opt/rviz_ogre_vendor/lib:/opt/ros/humble/lib/x86_64-linux-gnu:/opt/ros/humble/opt/openvdb_vendor/lib:/opt/ros/humble/lib /usr/bin/cmake --build /home/qingyu/turtlebot3_ws_my/build/turtlebot3_node -- -j32 -l32
[10.315s] Invoking command in '/home/qingyu/turtlebot3_ws_my/build/turtlebot3_node': CMAKE_PREFIX_PATH=/home/qingyu/turtlebot3_ws_my/install/turtlebot3_msgs:/home/qingyu/turtlebot3_ws_my/install/dynamixel_sdk:/home/qingyu/turtlebot3_ws_my/install/turtlebot3:/home/qingyu/turtlebot3_ws_my/install/turtlebot3_simulations:/home/qingyu/turtlebot3_ws_my/install/turtlebot3_bringup:/home/qingyu/turtlebot3_ws_my/install/turtlebot3_node:/home/qingyu/turtlebot3_ws_my/install/turtlebot3_navigation2:/home/qingyu/turtlebot3_ws_my/install/turtlebot3_fake_node:/home/qingyu/turtlebot3_ws_my/install/turtlebot3_gazebo:/home/qingyu/turtlebot3_ws_my/install/turtlebot3_description:/home/qingyu/turtlebot3_ws_my/install/turtlebot3_cartographer:/home/qingyu/turtlebot3_ws_my/install/dynamixel_sdk_examples:/home/qingyu/turtlebot3_ws_my/install/dynamixel_sdk_custom_interfaces:/home/qingyu/coSense/install/cobridge:/home/qingyu/turtlebot3_ws_my/install/nav_test:/home/qingyu/turtlebot3_ws_my/install/turtlebot3_teleop:/home/qingyu/turtlebot3_ws_my/install/turtlebot3_example:/opt/ros/humble LD_LIBRARY_PATH=/home/qingyu/turtlebot3_ws_my/install/turtlebot3_msgs/lib:/home/qingyu/turtlebot3_ws_my/install/dynamixel_sdk/lib:/home/qingyu/turtlebot3_ws_my/install/dynamixel_sdk_custom_interfaces/lib:/home/qingyu/coSense/install/cobridge/lib:/usr/lib/x86_64-linux-gnu/gazebo-11/plugins:/opt/ros/humble/opt/rviz_ogre_vendor/lib:/opt/ros/humble/lib/x86_64-linux-gnu:/opt/ros/humble/opt/openvdb_vendor/lib:/opt/ros/humble/lib /usr/bin/cmake --install /home/qingyu/turtlebot3_ws_my/build/turtlebot3_node
[10.320s] -- Install configuration: ""
[10.320s] -- Installing: /home/qingyu/turtlebot3_ws_my/install/turtlebot3_node/share/turtlebot3_node/param
[10.320s] -- Installing: /home/qingyu/turtlebot3_ws_my/install/turtlebot3_node/share/turtlebot3_node/param/waffle.yaml
[10.320s] -- Installing: /home/qingyu/turtlebot3_ws_my/install/turtlebot3_node/share/turtlebot3_node/param/waffle_pi.yaml
[10.320s] -- Installing: /home/qingyu/turtlebot3_ws_my/install/turtlebot3_node/share/turtlebot3_node/param/burger.yaml
[10.320s] -- Installing: /home/qingyu/turtlebot3_ws_my/install/turtlebot3_node/lib/turtlebot3_node/turtlebot3_ros
[10.325s] -- Set runtime path of "/home/qingyu/turtlebot3_ws_my/install/turtlebot3_node/lib/turtlebot3_node/turtlebot3_ros" to ""
[10.325s] -- Installing: /home/qingyu/turtlebot3_ws_my/install/turtlebot3_node/share/ament_index/resource_index/package_run_dependencies/turtlebot3_node
[10.325s] -- Installing: /home/qingyu/turtlebot3_ws_my/install/turtlebot3_node/share/ament_index/resource_index/parent_prefix_path/turtlebot3_node
[10.325s] -- Installing: /home/qingyu/turtlebot3_ws_my/install/turtlebot3_node/share/turtlebot3_node/environment/ament_prefix_path.sh
[10.325s] -- Installing: /home/qingyu/turtlebot3_ws_my/install/turtlebot3_node/share/turtlebot3_node/environment/ament_prefix_path.dsv
[10.325s] -- Installing: /home/qingyu/turtlebot3_ws_my/install/turtlebot3_node/share/turtlebot3_node/environment/path.sh
[10.325s] -- Installing: /home/qingyu/turtlebot3_ws_my/install/turtlebot3_node/share/turtlebot3_node/environment/path.dsv
[10.325s] -- Installing: /home/qingyu/turtlebot3_ws_my/install/turtlebot3_node/share/turtlebot3_node/local_setup.bash
[10.325s] -- Installing: /home/qingyu/turtlebot3_ws_my/install/turtlebot3_node/share/turtlebot3_node/local_setup.sh
[10.325s] -- Installing: /home/qingyu/turtlebot3_ws_my/install/turtlebot3_node/share/turtlebot3_node/local_setup.zsh
[10.325s] -- Installing: /home/qingyu/turtlebot3_ws_my/install/turtlebot3_node/share/turtlebot3_node/local_setup.dsv
[10.325s] -- Installing: /home/qingyu/turtlebot3_ws_my/install/turtlebot3_node/share/turtlebot3_node/package.dsv
[10.325s] -- Installing: /home/qingyu/turtlebot3_ws_my/install/turtlebot3_node/share/ament_index/resource_index/packages/turtlebot3_node
[10.325s] -- Installing: /home/qingyu/turtlebot3_ws_my/install/turtlebot3_node/share/turtlebot3_node/cmake/ament_cmake_export_include_directories-extras.cmake
[10.325s] -- Installing: /home/qingyu/turtlebot3_ws_my/install/turtlebot3_node/share/turtlebot3_node/cmake/turtlebot3_nodeConfig.cmake
[10.325s] -- Installing: /home/qingyu/turtlebot3_ws_my/install/turtlebot3_node/share/turtlebot3_node/cmake/turtlebot3_nodeConfig-version.cmake
[10.325s] -- Installing: /home/qingyu/turtlebot3_ws_my/install/turtlebot3_node/share/turtlebot3_node/package.xml
[10.326s] Invoked command in '/home/qingyu/turtlebot3_ws_my/build/turtlebot3_node' returned '0': CMAKE_PREFIX_PATH=/home/qingyu/turtlebot3_ws_my/install/turtlebot3_msgs:/home/qingyu/turtlebot3_ws_my/install/dynamixel_sdk:/home/qingyu/turtlebot3_ws_my/install/turtlebot3:/home/qingyu/turtlebot3_ws_my/install/turtlebot3_simulations:/home/qingyu/turtlebot3_ws_my/install/turtlebot3_bringup:/home/qingyu/turtlebot3_ws_my/install/turtlebot3_node:/home/qingyu/turtlebot3_ws_my/install/turtlebot3_navigation2:/home/qingyu/turtlebot3_ws_my/install/turtlebot3_fake_node:/home/qingyu/turtlebot3_ws_my/install/turtlebot3_gazebo:/home/qingyu/turtlebot3_ws_my/install/turtlebot3_description:/home/qingyu/turtlebot3_ws_my/install/turtlebot3_cartographer:/home/qingyu/turtlebot3_ws_my/install/dynamixel_sdk_examples:/home/qingyu/turtlebot3_ws_my/install/dynamixel_sdk_custom_interfaces:/home/qingyu/coSense/install/cobridge:/home/qingyu/turtlebot3_ws_my/install/nav_test:/home/qingyu/turtlebot3_ws_my/install/turtlebot3_teleop:/home/qingyu/turtlebot3_ws_my/install/turtlebot3_example:/opt/ros/humble LD_LIBRARY_PATH=/home/qingyu/turtlebot3_ws_my/install/turtlebot3_msgs/lib:/home/qingyu/turtlebot3_ws_my/install/dynamixel_sdk/lib:/home/qingyu/turtlebot3_ws_my/install/dynamixel_sdk_custom_interfaces/lib:/home/qingyu/coSense/install/cobridge/lib:/usr/lib/x86_64-linux-gnu/gazebo-11/plugins:/opt/ros/humble/opt/rviz_ogre_vendor/lib:/opt/ros/humble/lib/x86_64-linux-gnu:/opt/ros/humble/opt/openvdb_vendor/lib:/opt/ros/humble/lib /usr/bin/cmake --install /home/qingyu/turtlebot3_ws_my/build/turtlebot3_node
